{"C:\\Users\\skyai\\BootCamp\\부캠갠플\\MyToonTalk\\App.tsx": {"path":"C:\\Users\\skyai\\BootCamp\\부캠갠플\\MyToonTalk\\App.tsx","statementMap":{"0":{"start":{"line":15,"column":14},"end":{"line":15,"column":62}},"1":{"start":{"line":17,"column":12},"end":{"line":49,"column":1}},"2":{"start":{"line":18,"column":2},"end":{"line":48,"column":4}},"3":{"start":{"line":51,"column":15},"end":{"line":55,"column":2}}},"fnMap":{"0":{"name":"(anonymous_0)","decl":{"start":{"line":17,"column":12},"end":{"line":17,"column":13}},"loc":{"start":{"line":17,"column":31},"end":{"line":49,"column":1}},"line":17}},"branchMap":{},"s":{"0":0,"1":0,"2":0,"3":0},"f":{"0":0},"b":{}}
,"C:\\Users\\skyai\\BootCamp\\부캠갠플\\MyToonTalk\\src\\components\\Comic.tsx": {"path":"C:\\Users\\skyai\\BootCamp\\부캠갠플\\MyToonTalk\\src\\components\\Comic.tsx","statementMap":{"0":{"start":{"line":13,"column":34},"end":{"line":40,"column":1}},"1":{"start":{"line":14,"column":2},"end":{"line":39,"column":4}},"2":{"start":{"line":19,"column":10},"end":{"line":21,"column":13}},"3":{"start":{"line":42,"column":15},"end":{"line":71,"column":2}}},"fnMap":{"0":{"name":"(anonymous_0)","decl":{"start":{"line":13,"column":34},"end":{"line":13,"column":35}},"loc":{"start":{"line":13,"column":75},"end":{"line":40,"column":1}},"line":13},"1":{"name":"(anonymous_1)","decl":{"start":{"line":18,"column":17},"end":{"line":18,"column":18}},"loc":{"start":{"line":18,"column":23},"end":{"line":22,"column":9}},"line":18}},"branchMap":{"0":{"loc":{"start":{"line":24,"column":9},"end":{"line":33,"column":9}},"type":"cond-expr","locations":[{"start":{"line":25,"column":10},"end":{"line":30,"column":12}},{"start":{"line":32,"column":10},"end":{"line":32,"column":50}}],"line":24}},"s":{"0":0,"1":0,"2":0,"3":0},"f":{"0":0,"1":0},"b":{"0":[0,0]}}
,"C:\\Users\\skyai\\BootCamp\\부캠갠플\\MyToonTalk\\src\\components\\DrawingBoard.tsx": {"path":"C:\\Users\\skyai\\BootCamp\\부캠갠플\\MyToonTalk\\src\\components\\DrawingBoard.tsx","statementMap":{"0":{"start":{"line":27,"column":41},"end":{"line":92,"column":1}},"1":{"start":{"line":28,"column":19},"end":{"line":28,"column":35}},"2":{"start":{"line":29,"column":22},"end":{"line":29,"column":55}},"3":{"start":{"line":30,"column":20},"end":{"line":30,"column":76}},"4":{"start":{"line":31,"column":28},"end":{"line":31,"column":65}},"5":{"start":{"line":32,"column":22},"end":{"line":32,"column":55}},"6":{"start":{"line":33,"column":19},"end":{"line":33,"column":49}},"7":{"start":{"line":34,"column":19},"end":{"line":34,"column":49}},"8":{"start":{"line":35,"column":22},"end":{"line":35,"column":55}},"9":{"start":{"line":36,"column":22},"end":{"line":36,"column":55}},"10":{"start":{"line":38,"column":2},"end":{"line":40,"column":31}},"11":{"start":{"line":39,"column":4},"end":{"line":39,"column":24}},"12":{"start":{"line":42,"column":14},"end":{"line":71,"column":19}},"13":{"start":{"line":45,"column":8},"end":{"line":47,"column":68}},"14":{"start":{"line":49,"column":6},"end":{"line":56,"column":9}},"15":{"start":{"line":49,"column":30},"end":{"line":56,"column":7}},"16":{"start":{"line":59,"column":6},"end":{"line":66,"column":9}},"17":{"start":{"line":60,"column":29},"end":{"line":60,"column":43}},"18":{"start":{"line":61,"column":26},"end":{"line":61,"column":49}},"19":{"start":{"line":62,"column":8},"end":{"line":64,"column":9}},"20":{"start":{"line":63,"column":10},"end":{"line":63,"column":67}},"21":{"start":{"line":65,"column":8},"end":{"line":65,"column":28}},"22":{"start":{"line":69,"column":6},"end":{"line":69,"column":52}},"23":{"start":{"line":73,"column":2},"end":{"line":91,"column":4}},"24":{"start":{"line":78,"column":12},"end":{"line":86,"column":14}},"25":{"start":{"line":94,"column":15},"end":{"line":101,"column":2}}},"fnMap":{"0":{"name":"(anonymous_0)","decl":{"start":{"line":27,"column":41},"end":{"line":27,"column":42}},"loc":{"start":{"line":27,"column":60},"end":{"line":92,"column":1}},"line":27},"1":{"name":"(anonymous_1)","decl":{"start":{"line":38,"column":12},"end":{"line":38,"column":13}},"loc":{"start":{"line":38,"column":18},"end":{"line":40,"column":3}},"line":38},"2":{"name":"(anonymous_2)","decl":{"start":{"line":43,"column":13},"end":{"line":43,"column":14}},"loc":{"start":{"line":43,"column":20},"end":{"line":57,"column":5}},"line":43},"3":{"name":"(anonymous_3)","decl":{"start":{"line":49,"column":15},"end":{"line":49,"column":16}},"loc":{"start":{"line":49,"column":30},"end":{"line":56,"column":7}},"line":49},"4":{"name":"(anonymous_4)","decl":{"start":{"line":58,"column":14},"end":{"line":58,"column":15}},"loc":{"start":{"line":58,"column":21},"end":{"line":67,"column":5}},"line":58},"5":{"name":"(anonymous_5)","decl":{"start":{"line":59,"column":15},"end":{"line":59,"column":16}},"loc":{"start":{"line":59,"column":30},"end":{"line":66,"column":7}},"line":59},"6":{"name":"(anonymous_6)","decl":{"start":{"line":68,"column":11},"end":{"line":68,"column":12}},"loc":{"start":{"line":68,"column":17},"end":{"line":70,"column":5}},"line":68},"7":{"name":"(anonymous_7)","decl":{"start":{"line":77,"column":22},"end":{"line":77,"column":23}},"loc":{"start":{"line":78,"column":12},"end":{"line":86,"column":14}},"line":78}},"branchMap":{"0":{"loc":{"start":{"line":45,"column":8},"end":{"line":47,"column":68}},"type":"cond-expr","locations":[{"start":{"line":46,"column":12},"end":{"line":46,"column":62}},{"start":{"line":47,"column":12},"end":{"line":47,"column":68}}],"line":45},"1":{"loc":{"start":{"line":62,"column":8},"end":{"line":64,"column":9}},"type":"if","locations":[{"start":{"line":62,"column":8},"end":{"line":64,"column":9}},{"start":{},"end":{}}],"line":62}},"s":{"0":0,"1":0,"2":0,"3":0,"4":0,"5":0,"6":0,"7":0,"8":0,"9":0,"10":0,"11":0,"12":0,"13":0,"14":0,"15":0,"16":0,"17":0,"18":0,"19":0,"20":0,"21":0,"22":0,"23":0,"24":0,"25":0},"f":{"0":0,"1":0,"2":0,"3":0,"4":0,"5":0,"6":0,"7":0},"b":{"0":[0,0],"1":[0,0]}}
,"C:\\Users\\skyai\\BootCamp\\부캠갠플\\MyToonTalk\\src\\components\\Empty.tsx": {"path":"C:\\Users\\skyai\\BootCamp\\부캠갠플\\MyToonTalk\\src\\components\\Empty.tsx","statementMap":{"0":{"start":{"line":4,"column":24},"end":{"line":10,"column":1}},"1":{"start":{"line":5,"column":2},"end":{"line":9,"column":4}},"2":{"start":{"line":12,"column":15},"end":{"line":22,"column":2}}},"fnMap":{"0":{"name":"(anonymous_0)","decl":{"start":{"line":4,"column":24},"end":{"line":4,"column":25}},"loc":{"start":{"line":4,"column":30},"end":{"line":10,"column":1}},"line":4}},"branchMap":{},"s":{"0":0,"1":0,"2":0},"f":{"0":0},"b":{}}
,"C:\\Users\\skyai\\BootCamp\\부캠갠플\\MyToonTalk\\src\\components\\Header.tsx": {"path":"C:\\Users\\skyai\\BootCamp\\부캠갠플\\MyToonTalk\\src\\components\\Header.tsx","statementMap":{"0":{"start":{"line":4,"column":25},"end":{"line":10,"column":1}},"1":{"start":{"line":5,"column":2},"end":{"line":9,"column":4}},"2":{"start":{"line":12,"column":15},"end":{"line":24,"column":2}}},"fnMap":{"0":{"name":"(anonymous_0)","decl":{"start":{"line":4,"column":25},"end":{"line":4,"column":26}},"loc":{"start":{"line":4,"column":31},"end":{"line":10,"column":1}},"line":4}},"branchMap":{},"s":{"0":0,"1":0,"2":0},"f":{"0":0},"b":{}}
,"C:\\Users\\skyai\\BootCamp\\부캠갠플\\MyToonTalk\\src\\components\\OpenComic.tsx": {"path":"C:\\Users\\skyai\\BootCamp\\부캠갠플\\MyToonTalk\\src\\components\\OpenComic.tsx","statementMap":{"0":{"start":{"line":17,"column":38},"end":{"line":62,"column":1}},"1":{"start":{"line":23,"column":20},"end":{"line":23,"column":21}},"2":{"start":{"line":25,"column":2},"end":{"line":61,"column":4}},"3":{"start":{"line":35,"column":14},"end":{"line":42,"column":21}},"4":{"start":{"line":44,"column":36},"end":{"line":44,"column":54}},"5":{"start":{"line":64,"column":15},"end":{"line":77,"column":2}}},"fnMap":{"0":{"name":"(anonymous_0)","decl":{"start":{"line":17,"column":38},"end":{"line":17,"column":39}},"loc":{"start":{"line":22,"column":6},"end":{"line":62,"column":1}},"line":22},"1":{"name":"(anonymous_1)","decl":{"start":{"line":34,"column":24},"end":{"line":34,"column":25}},"loc":{"start":{"line":35,"column":14},"end":{"line":42,"column":21}},"line":35},"2":{"name":"(anonymous_2)","decl":{"start":{"line":44,"column":26},"end":{"line":44,"column":27}},"loc":{"start":{"line":44,"column":36},"end":{"line":44,"column":54}},"line":44}},"branchMap":{"0":{"loc":{"start":{"line":28,"column":9},"end":{"line":46,"column":9}},"type":"cond-expr","locations":[{"start":{"line":29,"column":10},"end":{"line":29,"column":19}},{"start":{"line":31,"column":10},"end":{"line":45,"column":12}}],"line":28}},"s":{"0":0,"1":0,"2":0,"3":0,"4":0,"5":0},"f":{"0":0,"1":0,"2":0},"b":{"0":[0,0]}}
,"C:\\Users\\skyai\\BootCamp\\부캠갠플\\MyToonTalk\\src\\components\\WorkingTool.tsx": {"path":"C:\\Users\\skyai\\BootCamp\\부캠갠플\\MyToonTalk\\src\\components\\WorkingTool.tsx","statementMap":{"0":{"start":{"line":25,"column":40},"end":{"line":183,"column":1}},"1":{"start":{"line":29,"column":19},"end":{"line":29,"column":35}},"2":{"start":{"line":30,"column":19},"end":{"line":30,"column":49}},"3":{"start":{"line":31,"column":22},"end":{"line":31,"column":55}},"4":{"start":{"line":32,"column":21},"end":{"line":32,"column":75}},"5":{"start":{"line":33,"column":27},"end":{"line":33,"column":60}},"6":{"start":{"line":34,"column":22},"end":{"line":34,"column":55}},"7":{"start":{"line":35,"column":20},"end":{"line":35,"column":76}},"8":{"start":{"line":36,"column":20},"end":{"line":36,"column":73}},"9":{"start":{"line":38,"column":23},"end":{"line":45,"column":3}},"10":{"start":{"line":39,"column":4},"end":{"line":44,"column":5}},"11":{"start":{"line":40,"column":23},"end":{"line":40,"column":54}},"12":{"start":{"line":41,"column":24},"end":{"line":41,"column":64}},"13":{"start":{"line":43,"column":6},"end":{"line":43,"column":66}},"14":{"start":{"line":47,"column":23},"end":{"line":54,"column":3}},"15":{"start":{"line":48,"column":4},"end":{"line":53,"column":5}},"16":{"start":{"line":49,"column":23},"end":{"line":49,"column":54}},"17":{"start":{"line":50,"column":24},"end":{"line":50,"column":64}},"18":{"start":{"line":52,"column":6},"end":{"line":52,"column":66}},"19":{"start":{"line":56,"column":2},"end":{"line":182,"column":4}},"20":{"start":{"line":62,"column":12},"end":{"line":62,"column":40}},"21":{"start":{"line":63,"column":12},"end":{"line":63,"column":44}},"22":{"start":{"line":66,"column":12},"end":{"line":66,"column":26}},"23":{"start":{"line":67,"column":12},"end":{"line":67,"column":40}},"24":{"start":{"line":68,"column":12},"end":{"line":68,"column":44}},"25":{"start":{"line":81,"column":12},"end":{"line":81,"column":26}},"26":{"start":{"line":82,"column":12},"end":{"line":82,"column":44}},"27":{"start":{"line":83,"column":12},"end":{"line":83,"column":40}},"28":{"start":{"line":99,"column":12},"end":{"line":99,"column":26}},"29":{"start":{"line":100,"column":12},"end":{"line":100,"column":39}},"30":{"start":{"line":101,"column":12},"end":{"line":101,"column":45}},"31":{"start":{"line":116,"column":12},"end":{"line":116,"column":40}},"32":{"start":{"line":117,"column":12},"end":{"line":117,"column":47}},"33":{"start":{"line":120,"column":12},"end":{"line":120,"column":26}},"34":{"start":{"line":121,"column":12},"end":{"line":121,"column":40}},"35":{"start":{"line":122,"column":12},"end":{"line":122,"column":47}},"36":{"start":{"line":137,"column":12},"end":{"line":137,"column":68}},"37":{"start":{"line":137,"column":34},"end":{"line":137,"column":68}},"38":{"start":{"line":138,"column":26},"end":{"line":138,"column":43}},"39":{"start":{"line":139,"column":12},"end":{"line":139,"column":66}},"40":{"start":{"line":140,"column":12},"end":{"line":140,"column":38}},"41":{"start":{"line":141,"column":12},"end":{"line":146,"column":15}},"42":{"start":{"line":142,"column":44},"end":{"line":142,"column":77}},"43":{"start":{"line":143,"column":14},"end":{"line":145,"column":15}},"44":{"start":{"line":144,"column":16},"end":{"line":144,"column":48}},"45":{"start":{"line":166,"column":12},"end":{"line":166,"column":26}},"46":{"start":{"line":167,"column":12},"end":{"line":167,"column":39}},"47":{"start":{"line":168,"column":12},"end":{"line":168,"column":50}},"48":{"start":{"line":185,"column":15},"end":{"line":201,"column":2}},"49":{"start":{"line":203,"column":19},"end":{"line":215,"column":4}},"50":{"start":{"line":204,"column":2},"end":{"line":215,"column":4}}},"fnMap":{"0":{"name":"(anonymous_0)","decl":{"start":{"line":25,"column":40},"end":{"line":25,"column":41}},"loc":{"start":{"line":28,"column":6},"end":{"line":183,"column":1}},"line":28},"1":{"name":"(anonymous_1)","decl":{"start":{"line":38,"column":23},"end":{"line":38,"column":24}},"loc":{"start":{"line":38,"column":29},"end":{"line":45,"column":3}},"line":38},"2":{"name":"(anonymous_2)","decl":{"start":{"line":47,"column":23},"end":{"line":47,"column":24}},"loc":{"start":{"line":47,"column":29},"end":{"line":54,"column":3}},"line":47},"3":{"name":"(anonymous_3)","decl":{"start":{"line":61,"column":19},"end":{"line":61,"column":20}},"loc":{"start":{"line":61,"column":25},"end":{"line":64,"column":11}},"line":61},"4":{"name":"(anonymous_4)","decl":{"start":{"line":65,"column":23},"end":{"line":65,"column":24}},"loc":{"start":{"line":65,"column":29},"end":{"line":69,"column":11}},"line":65},"5":{"name":"(anonymous_5)","decl":{"start":{"line":80,"column":19},"end":{"line":80,"column":20}},"loc":{"start":{"line":80,"column":25},"end":{"line":84,"column":11}},"line":80},"6":{"name":"(anonymous_6)","decl":{"start":{"line":98,"column":19},"end":{"line":98,"column":20}},"loc":{"start":{"line":98,"column":25},"end":{"line":102,"column":11}},"line":98},"7":{"name":"(anonymous_7)","decl":{"start":{"line":115,"column":19},"end":{"line":115,"column":20}},"loc":{"start":{"line":115,"column":25},"end":{"line":118,"column":11}},"line":115},"8":{"name":"(anonymous_8)","decl":{"start":{"line":119,"column":23},"end":{"line":119,"column":24}},"loc":{"start":{"line":119,"column":29},"end":{"line":123,"column":11}},"line":119},"9":{"name":"(anonymous_9)","decl":{"start":{"line":136,"column":19},"end":{"line":136,"column":20}},"loc":{"start":{"line":136,"column":31},"end":{"line":147,"column":11}},"line":136},"10":{"name":"(anonymous_10)","decl":{"start":{"line":141,"column":44},"end":{"line":141,"column":45}},"loc":{"start":{"line":141,"column":74},"end":{"line":146,"column":13}},"line":141},"11":{"name":"(anonymous_11)","decl":{"start":{"line":165,"column":19},"end":{"line":165,"column":20}},"loc":{"start":{"line":165,"column":25},"end":{"line":169,"column":11}},"line":165},"12":{"name":"(anonymous_12)","decl":{"start":{"line":203,"column":19},"end":{"line":203,"column":20}},"loc":{"start":{"line":204,"column":2},"end":{"line":215,"column":4}},"line":204}},"branchMap":{"0":{"loc":{"start":{"line":39,"column":4},"end":{"line":44,"column":5}},"type":"if","locations":[{"start":{"line":39,"column":4},"end":{"line":44,"column":5}},{"start":{},"end":{}}],"line":39},"1":{"loc":{"start":{"line":48,"column":4},"end":{"line":53,"column":5}},"type":"if","locations":[{"start":{"line":48,"column":4},"end":{"line":53,"column":5}},{"start":{},"end":{}}],"line":48},"2":{"loc":{"start":{"line":74,"column":20},"end":{"line":74,"column":77}},"type":"cond-expr","locations":[{"start":{"line":74,"column":44},"end":{"line":74,"column":57}},{"start":{"line":74,"column":60},"end":{"line":74,"column":77}}],"line":74},"3":{"loc":{"start":{"line":107,"column":20},"end":{"line":107,"column":79}},"type":"cond-expr","locations":[{"start":{"line":107,"column":45},"end":{"line":107,"column":59}},{"start":{"line":107,"column":62},"end":{"line":107,"column":79}}],"line":107},"4":{"loc":{"start":{"line":129,"column":16},"end":{"line":129,"column":79}},"type":"cond-expr","locations":[{"start":{"line":129,"column":43},"end":{"line":129,"column":59}},{"start":{"line":129,"column":62},"end":{"line":129,"column":79}}],"line":129},"5":{"loc":{"start":{"line":137,"column":12},"end":{"line":137,"column":68}},"type":"if","locations":[{"start":{"line":137,"column":12},"end":{"line":137,"column":68}},{"start":{},"end":{}}],"line":137},"6":{"loc":{"start":{"line":143,"column":14},"end":{"line":145,"column":15}},"type":"if","locations":[{"start":{"line":143,"column":14},"end":{"line":145,"column":15}},{"start":{},"end":{}}],"line":143},"7":{"loc":{"start":{"line":153,"column":16},"end":{"line":153,"column":77}},"type":"cond-expr","locations":[{"start":{"line":153,"column":42},"end":{"line":153,"column":57}},{"start":{"line":153,"column":60},"end":{"line":153,"column":77}}],"line":153},"8":{"loc":{"start":{"line":175,"column":16},"end":{"line":175,"column":80}},"type":"cond-expr","locations":[{"start":{"line":175,"column":46},"end":{"line":175,"column":60}},{"start":{"line":175,"column":63},"end":{"line":175,"column":80}}],"line":175}},"s":{"0":0,"1":0,"2":0,"3":0,"4":0,"5":0,"6":0,"7":0,"8":0,"9":0,"10":0,"11":0,"12":0,"13":0,"14":0,"15":0,"16":0,"17":0,"18":0,"19":0,"20":0,"21":0,"22":0,"23":0,"24":0,"25":0,"26":0,"27":0,"28":0,"29":0,"30":0,"31":0,"32":0,"33":0,"34":0,"35":0,"36":0,"37":0,"38":0,"39":0,"40":0,"41":0,"42":0,"43":0,"44":0,"45":0,"46":0,"47":0,"48":0,"49":0,"50":0},"f":{"0":0,"1":0,"2":0,"3":0,"4":0,"5":0,"6":0,"7":0,"8":0,"9":0,"10":0,"11":0,"12":0},"b":{"0":[0,0],"1":[0,0],"2":[0,0],"3":[0,0],"4":[0,0],"5":[0,0],"6":[0,0],"7":[0,0],"8":[0,0]}}
,"C:\\Users\\skyai\\BootCamp\\부캠갠플\\MyToonTalk\\src\\components\\buttons\\AudioButton.tsx": {"path":"C:\\Users\\skyai\\BootCamp\\부캠갠플\\MyToonTalk\\src\\components\\buttons\\AudioButton.tsx","statementMap":{"0":{"start":{"line":9,"column":40},"end":{"line":17,"column":1}},"1":{"start":{"line":10,"column":2},"end":{"line":16,"column":4}},"2":{"start":{"line":19,"column":15},"end":{"line":34,"column":2}}},"fnMap":{"0":{"name":"(anonymous_0)","decl":{"start":{"line":9,"column":40},"end":{"line":9,"column":41}},"loc":{"start":{"line":9,"column":70},"end":{"line":17,"column":1}},"line":9}},"branchMap":{},"s":{"0":2,"1":1,"2":2},"f":{"0":1},"b":{},"_coverageSchema":"1a1c01bbd47fc00a2c39e90264f33305004495a9","hash":"26bb37bd8268064f399d6aff716b15f720341020"}
,"C:\\Users\\skyai\\BootCamp\\부캠갠플\\MyToonTalk\\src\\components\\buttons\\ControlButton.tsx": {"path":"C:\\Users\\skyai\\BootCamp\\부캠갠플\\MyToonTalk\\src\\components\\buttons\\ControlButton.tsx","statementMap":{"0":{"start":{"line":9,"column":42},"end":{"line":29,"column":1}},"1":{"start":{"line":14,"column":2},"end":{"line":28,"column":4}},"2":{"start":{"line":18,"column":8},"end":{"line":18,"column":18}},"3":{"start":{"line":19,"column":8},"end":{"line":21,"column":9}},"4":{"start":{"line":20,"column":10},"end":{"line":20,"column":36}},"5":{"start":{"line":31,"column":15},"end":{"line":50,"column":2}}},"fnMap":{"0":{"name":"(anonymous_0)","decl":{"start":{"line":9,"column":42},"end":{"line":9,"column":43}},"loc":{"start":{"line":13,"column":6},"end":{"line":29,"column":1}},"line":13},"1":{"name":"(anonymous_1)","decl":{"start":{"line":17,"column":15},"end":{"line":17,"column":16}},"loc":{"start":{"line":17,"column":21},"end":{"line":22,"column":7}},"line":17}},"branchMap":{"0":{"loc":{"start":{"line":19,"column":8},"end":{"line":21,"column":9}},"type":"if","locations":[{"start":{"line":19,"column":8},"end":{"line":21,"column":9}},{"start":{},"end":{}}],"line":19}},"s":{"0":1,"1":2,"2":2,"3":2,"4":1,"5":1},"f":{"0":2,"1":2},"b":{"0":[1,1]},"_coverageSchema":"1a1c01bbd47fc00a2c39e90264f33305004495a9","hash":"25d8f8e835c97be182725c76f6d305e904e6222d"}
,"C:\\Users\\skyai\\BootCamp\\부캠갠플\\MyToonTalk\\src\\components\\modals\\CircleListModal.tsx": {"path":"C:\\Users\\skyai\\BootCamp\\부캠갠플\\MyToonTalk\\src\\components\\modals\\CircleListModal.tsx","statementMap":{"0":{"start":{"line":29,"column":44},"end":{"line":98,"column":1}},"1":{"start":{"line":34,"column":19},"end":{"line":34,"column":35}},"2":{"start":{"line":35,"column":42},"end":{"line":35,"column":71}},"3":{"start":{"line":36,"column":22},"end":{"line":36,"column":55}},"4":{"start":{"line":37,"column":21},"end":{"line":37,"column":75}},"5":{"start":{"line":39,"column":26},"end":{"line":50,"column":3}},"6":{"start":{"line":40,"column":4},"end":{"line":40,"column":27}},"7":{"start":{"line":41,"column":18},"end":{"line":41,"column":35}},"8":{"start":{"line":42,"column":4},"end":{"line":42,"column":49}},"9":{"start":{"line":43,"column":4},"end":{"line":43,"column":30}},"10":{"start":{"line":44,"column":4},"end":{"line":49,"column":7}},"11":{"start":{"line":45,"column":36},"end":{"line":45,"column":69}},"12":{"start":{"line":46,"column":6},"end":{"line":48,"column":7}},"13":{"start":{"line":47,"column":8},"end":{"line":47,"column":30}},"14":{"start":{"line":52,"column":2},"end":{"line":97,"column":4}},"15":{"start":{"line":58,"column":8},"end":{"line":58,"column":31}},"16":{"start":{"line":59,"column":8},"end":{"line":59,"column":37}},"17":{"start":{"line":70,"column":14},"end":{"line":70,"column":36}},"18":{"start":{"line":71,"column":14},"end":{"line":71,"column":46}},"19":{"start":{"line":83,"column":16},"end":{"line":88,"column":23}},"20":{"start":{"line":86,"column":35},"end":{"line":86,"column":68}},"21":{"start":{"line":91,"column":54},"end":{"line":91,"column":70}},"22":{"start":{"line":100,"column":15},"end":{"line":151,"column":2}},"23":{"start":{"line":153,"column":22},"end":{"line":165,"column":4}},"24":{"start":{"line":154,"column":2},"end":{"line":165,"column":4}}},"fnMap":{"0":{"name":"(anonymous_0)","decl":{"start":{"line":29,"column":44},"end":{"line":29,"column":45}},"loc":{"start":{"line":33,"column":6},"end":{"line":98,"column":1}},"line":33},"1":{"name":"(anonymous_1)","decl":{"start":{"line":39,"column":26},"end":{"line":39,"column":27}},"loc":{"start":{"line":39,"column":73},"end":{"line":50,"column":3}},"line":39},"2":{"name":"(anonymous_2)","decl":{"start":{"line":44,"column":36},"end":{"line":44,"column":37}},"loc":{"start":{"line":44,"column":66},"end":{"line":49,"column":5}},"line":44},"3":{"name":"(anonymous_3)","decl":{"start":{"line":57,"column":22},"end":{"line":57,"column":23}},"loc":{"start":{"line":57,"column":34},"end":{"line":60,"column":7}},"line":57},"4":{"name":"(anonymous_4)","decl":{"start":{"line":69,"column":21},"end":{"line":69,"column":22}},"loc":{"start":{"line":69,"column":27},"end":{"line":72,"column":13}},"line":69},"5":{"name":"(anonymous_5)","decl":{"start":{"line":82,"column":26},"end":{"line":82,"column":27}},"loc":{"start":{"line":83,"column":16},"end":{"line":88,"column":23}},"line":83},"6":{"name":"(anonymous_6)","decl":{"start":{"line":86,"column":29},"end":{"line":86,"column":30}},"loc":{"start":{"line":86,"column":35},"end":{"line":86,"column":68}},"line":86},"7":{"name":"(anonymous_7)","decl":{"start":{"line":91,"column":28},"end":{"line":91,"column":29}},"loc":{"start":{"line":91,"column":54},"end":{"line":91,"column":70}},"line":91},"8":{"name":"(anonymous_8)","decl":{"start":{"line":153,"column":22},"end":{"line":153,"column":23}},"loc":{"start":{"line":154,"column":2},"end":{"line":165,"column":4}},"line":154}},"branchMap":{"0":{"loc":{"start":{"line":46,"column":6},"end":{"line":48,"column":7}},"type":"if","locations":[{"start":{"line":46,"column":6},"end":{"line":48,"column":7}},{"start":{},"end":{}}],"line":46},"1":{"loc":{"start":{"line":156,"column":19},"end":{"line":156,"column":49}},"type":"cond-expr","locations":[{"start":{"line":156,"column":44},"end":{"line":156,"column":45}},{"start":{"line":156,"column":48},"end":{"line":156,"column":49}}],"line":156},"2":{"loc":{"start":{"line":158,"column":19},"end":{"line":158,"column":65}},"type":"cond-expr","locations":[{"start":{"line":158,"column":44},"end":{"line":158,"column":53}},{"start":{"line":158,"column":56},"end":{"line":158,"column":65}}],"line":158}},"s":{"0":1,"1":0,"2":0,"3":0,"4":0,"5":0,"6":0,"7":0,"8":0,"9":0,"10":0,"11":0,"12":0,"13":0,"14":0,"15":0,"16":0,"17":0,"18":0,"19":0,"20":0,"21":0,"22":1,"23":1,"24":0},"f":{"0":0,"1":0,"2":0,"3":0,"4":0,"5":0,"6":0,"7":0,"8":0},"b":{"0":[0,0],"1":[0,0],"2":[0,0]},"_coverageSchema":"1a1c01bbd47fc00a2c39e90264f33305004495a9","hash":"58d0b4e7756ce9a5ed81c9a526f5ca0512289be7"}
,"C:\\Users\\skyai\\BootCamp\\부캠갠플\\MyToonTalk\\src\\components\\modals\\ColorListModal.tsx": {"path":"C:\\Users\\skyai\\BootCamp\\부캠갠플\\MyToonTalk\\src\\components\\modals\\ColorListModal.tsx","statementMap":{"0":{"start":{"line":20,"column":43},"end":{"line":66,"column":1}},"1":{"start":{"line":25,"column":2},"end":{"line":65,"column":4}},"2":{"start":{"line":31,"column":8},"end":{"line":31,"column":31}},"3":{"start":{"line":32,"column":8},"end":{"line":32,"column":37}},"4":{"start":{"line":36,"column":23},"end":{"line":36,"column":44}},"5":{"start":{"line":46,"column":14},"end":{"line":57,"column":16}},"6":{"start":{"line":54,"column":18},"end":{"line":54,"column":36}},"7":{"start":{"line":55,"column":18},"end":{"line":55,"column":40}},"8":{"start":{"line":60,"column":43},"end":{"line":60,"column":59}},"9":{"start":{"line":68,"column":15},"end":{"line":89,"column":2}}},"fnMap":{"0":{"name":"(anonymous_0)","decl":{"start":{"line":20,"column":43},"end":{"line":20,"column":44}},"loc":{"start":{"line":24,"column":6},"end":{"line":66,"column":1}},"line":24},"1":{"name":"(anonymous_1)","decl":{"start":{"line":30,"column":22},"end":{"line":30,"column":23}},"loc":{"start":{"line":30,"column":28},"end":{"line":33,"column":7}},"line":30},"2":{"name":"(anonymous_2)","decl":{"start":{"line":36,"column":17},"end":{"line":36,"column":18}},"loc":{"start":{"line":36,"column":23},"end":{"line":36,"column":44}},"line":36},"3":{"name":"(anonymous_3)","decl":{"start":{"line":45,"column":24},"end":{"line":45,"column":25}},"loc":{"start":{"line":46,"column":14},"end":{"line":57,"column":16}},"line":46},"4":{"name":"(anonymous_4)","decl":{"start":{"line":53,"column":25},"end":{"line":53,"column":26}},"loc":{"start":{"line":53,"column":31},"end":{"line":56,"column":17}},"line":53},"5":{"name":"(anonymous_5)","decl":{"start":{"line":60,"column":26},"end":{"line":60,"column":27}},"loc":{"start":{"line":60,"column":43},"end":{"line":60,"column":59}},"line":60}},"branchMap":{},"s":{"0":0,"1":0,"2":0,"3":0,"4":0,"5":0,"6":0,"7":0,"8":0,"9":0},"f":{"0":0,"1":0,"2":0,"3":0,"4":0,"5":0},"b":{}}
,"C:\\Users\\skyai\\BootCamp\\부캠갠플\\MyToonTalk\\src\\components\\modals\\ComicDeleteCheckModal.tsx": {"path":"C:\\Users\\skyai\\BootCamp\\부캠갠플\\MyToonTalk\\src\\components\\modals\\ComicDeleteCheckModal.tsx","statementMap":{"0":{"start":{"line":30,"column":50},"end":{"line":128,"column":1}},"1":{"start":{"line":35,"column":19},"end":{"line":35,"column":35}},"2":{"start":{"line":36,"column":48},"end":{"line":36,"column":72}},"3":{"start":{"line":37,"column":48},"end":{"line":37,"column":77}},"4":{"start":{"line":38,"column":20},"end":{"line":38,"column":51}},"5":{"start":{"line":40,"column":32},"end":{"line":43,"column":3}},"6":{"start":{"line":41,"column":29},"end":{"line":41,"column":65}},"7":{"start":{"line":42,"column":4},"end":{"line":42,"column":45}},"8":{"start":{"line":45,"column":2},"end":{"line":127,"column":4}},"9":{"start":{"line":51,"column":8},"end":{"line":51,"column":31}},"10":{"start":{"line":52,"column":8},"end":{"line":52,"column":37}},"11":{"start":{"line":61,"column":27},"end":{"line":61,"column":48}},"12":{"start":{"line":75,"column":18},"end":{"line":84,"column":25}},"13":{"start":{"line":80,"column":24},"end":{"line":80,"column":52}},"14":{"start":{"line":81,"column":24},"end":{"line":81,"column":49}},"15":{"start":{"line":86,"column":47},"end":{"line":86,"column":63}},"16":{"start":{"line":97,"column":10},"end":{"line":97,"column":33}},"17":{"start":{"line":98,"column":10},"end":{"line":98,"column":47}},"18":{"start":{"line":104,"column":29},"end":{"line":104,"column":54}},"19":{"start":{"line":118,"column":18},"end":{"line":118,"column":57}},"20":{"start":{"line":119,"column":18},"end":{"line":119,"column":44}},"21":{"start":{"line":130,"column":15},"end":{"line":216,"column":2}}},"fnMap":{"0":{"name":"(anonymous_0)","decl":{"start":{"line":30,"column":50},"end":{"line":30,"column":51}},"loc":{"start":{"line":34,"column":6},"end":{"line":128,"column":1}},"line":34},"1":{"name":"(anonymous_1)","decl":{"start":{"line":40,"column":32},"end":{"line":40,"column":33}},"loc":{"start":{"line":40,"column":61},"end":{"line":43,"column":3}},"line":40},"2":{"name":"(anonymous_2)","decl":{"start":{"line":50,"column":22},"end":{"line":50,"column":23}},"loc":{"start":{"line":50,"column":28},"end":{"line":53,"column":7}},"line":50},"3":{"name":"(anonymous_3)","decl":{"start":{"line":61,"column":21},"end":{"line":61,"column":22}},"loc":{"start":{"line":61,"column":27},"end":{"line":61,"column":48}},"line":61},"4":{"name":"(anonymous_4)","decl":{"start":{"line":74,"column":28},"end":{"line":74,"column":29}},"loc":{"start":{"line":75,"column":18},"end":{"line":84,"column":25}},"line":75},"5":{"name":"(anonymous_5)","decl":{"start":{"line":79,"column":31},"end":{"line":79,"column":32}},"loc":{"start":{"line":79,"column":37},"end":{"line":82,"column":23}},"line":79},"6":{"name":"(anonymous_6)","decl":{"start":{"line":86,"column":30},"end":{"line":86,"column":31}},"loc":{"start":{"line":86,"column":47},"end":{"line":86,"column":63}},"line":86},"7":{"name":"(anonymous_7)","decl":{"start":{"line":96,"column":24},"end":{"line":96,"column":25}},"loc":{"start":{"line":96,"column":30},"end":{"line":99,"column":9}},"line":96},"8":{"name":"(anonymous_8)","decl":{"start":{"line":104,"column":23},"end":{"line":104,"column":24}},"loc":{"start":{"line":104,"column":29},"end":{"line":104,"column":54}},"line":104},"9":{"name":"(anonymous_9)","decl":{"start":{"line":117,"column":25},"end":{"line":117,"column":26}},"loc":{"start":{"line":117,"column":31},"end":{"line":120,"column":17}},"line":117}},"branchMap":{"0":{"loc":{"start":{"line":69,"column":13},"end":{"line":88,"column":13}},"type":"cond-expr","locations":[{"start":{"line":70,"column":14},"end":{"line":70,"column":23}},{"start":{"line":72,"column":14},"end":{"line":87,"column":16}}],"line":69}},"s":{"0":0,"1":0,"2":0,"3":0,"4":0,"5":0,"6":0,"7":0,"8":0,"9":0,"10":0,"11":0,"12":0,"13":0,"14":0,"15":0,"16":0,"17":0,"18":0,"19":0,"20":0,"21":0},"f":{"0":0,"1":0,"2":0,"3":0,"4":0,"5":0,"6":0,"7":0,"8":0,"9":0},"b":{"0":[0,0]}}
,"C:\\Users\\skyai\\BootCamp\\부캠갠플\\MyToonTalk\\src\\components\\modals\\GeneralModal.tsx": {"path":"C:\\Users\\skyai\\BootCamp\\부캠갠플\\MyToonTalk\\src\\components\\modals\\GeneralModal.tsx","statementMap":{"0":{"start":{"line":22,"column":41},"end":{"line":78,"column":1}},"1":{"start":{"line":31,"column":2},"end":{"line":77,"column":4}},"2":{"start":{"line":37,"column":8},"end":{"line":37,"column":31}},"3":{"start":{"line":38,"column":8},"end":{"line":38,"column":37}},"4":{"start":{"line":48,"column":14},"end":{"line":48,"column":43}},"5":{"start":{"line":49,"column":14},"end":{"line":51,"column":15}},"6":{"start":{"line":50,"column":16},"end":{"line":50,"column":30}},"7":{"start":{"line":65,"column":14},"end":{"line":65,"column":43}},"8":{"start":{"line":66,"column":14},"end":{"line":68,"column":15}},"9":{"start":{"line":67,"column":16},"end":{"line":67,"column":30}},"10":{"start":{"line":69,"column":14},"end":{"line":69,"column":42}},"11":{"start":{"line":80,"column":15},"end":{"line":151,"column":2}}},"fnMap":{"0":{"name":"(anonymous_0)","decl":{"start":{"line":22,"column":41},"end":{"line":22,"column":42}},"loc":{"start":{"line":30,"column":6},"end":{"line":78,"column":1}},"line":30},"1":{"name":"(anonymous_1)","decl":{"start":{"line":36,"column":22},"end":{"line":36,"column":23}},"loc":{"start":{"line":36,"column":28},"end":{"line":39,"column":7}},"line":36},"2":{"name":"(anonymous_2)","decl":{"start":{"line":47,"column":21},"end":{"line":47,"column":22}},"loc":{"start":{"line":47,"column":27},"end":{"line":52,"column":13}},"line":47},"3":{"name":"(anonymous_3)","decl":{"start":{"line":64,"column":21},"end":{"line":64,"column":22}},"loc":{"start":{"line":64,"column":27},"end":{"line":70,"column":13}},"line":64}},"branchMap":{"0":{"loc":{"start":{"line":49,"column":14},"end":{"line":51,"column":15}},"type":"if","locations":[{"start":{"line":49,"column":14},"end":{"line":51,"column":15}},{"start":{},"end":{}}],"line":49},"1":{"loc":{"start":{"line":66,"column":14},"end":{"line":68,"column":15}},"type":"if","locations":[{"start":{"line":66,"column":14},"end":{"line":68,"column":15}},{"start":{},"end":{}}],"line":66}},"s":{"0":1,"1":1,"2":0,"3":0,"4":0,"5":0,"6":0,"7":1,"8":1,"9":1,"10":1,"11":1},"f":{"0":1,"1":0,"2":0,"3":1},"b":{"0":[0,0],"1":[1,0]},"_coverageSchema":"1a1c01bbd47fc00a2c39e90264f33305004495a9","hash":"210fe444ac53841d4a4b63f2bf1f2dde401dd9ec"}
,"C:\\Users\\skyai\\BootCamp\\부캠갠플\\MyToonTalk\\src\\components\\modals\\ManualModal.tsx": {"path":"C:\\Users\\skyai\\BootCamp\\부캠갠플\\MyToonTalk\\src\\components\\modals\\ManualModal.tsx","statementMap":{"0":{"start":{"line":22,"column":40},"end":{"line":77,"column":1}},"1":{"start":{"line":29,"column":40},"end":{"line":29,"column":54}},"2":{"start":{"line":31,"column":2},"end":{"line":76,"column":4}},"3":{"start":{"line":37,"column":8},"end":{"line":37,"column":31}},"4":{"start":{"line":38,"column":8},"end":{"line":38,"column":40}},"5":{"start":{"line":47,"column":27},"end":{"line":47,"column":48}},"6":{"start":{"line":79,"column":15},"end":{"line":164,"column":2}}},"fnMap":{"0":{"name":"(anonymous_0)","decl":{"start":{"line":22,"column":40},"end":{"line":22,"column":41}},"loc":{"start":{"line":28,"column":6},"end":{"line":77,"column":1}},"line":28},"1":{"name":"(anonymous_1)","decl":{"start":{"line":36,"column":22},"end":{"line":36,"column":23}},"loc":{"start":{"line":36,"column":28},"end":{"line":39,"column":7}},"line":36},"2":{"name":"(anonymous_2)","decl":{"start":{"line":47,"column":21},"end":{"line":47,"column":22}},"loc":{"start":{"line":47,"column":27},"end":{"line":47,"column":48}},"line":47}},"branchMap":{"0":{"loc":{"start":{"line":56,"column":13},"end":{"line":63,"column":13}},"type":"binary-expr","locations":[{"start":{"line":56,"column":13},"end":{"line":56,"column":27}},{"start":{"line":57,"column":14},"end":{"line":62,"column":33}}],"line":56},"1":{"loc":{"start":{"line":64,"column":13},"end":{"line":71,"column":13}},"type":"binary-expr","locations":[{"start":{"line":64,"column":13},"end":{"line":64,"column":27}},{"start":{"line":65,"column":14},"end":{"line":70,"column":33}}],"line":64}},"s":{"0":0,"1":0,"2":0,"3":0,"4":0,"5":0,"6":0},"f":{"0":0,"1":0,"2":0},"b":{"0":[0,0],"1":[0,0]}}
,"C:\\Users\\skyai\\BootCamp\\부캠갠플\\MyToonTalk\\src\\components\\modals\\WidthModal.tsx": {"path":"C:\\Users\\skyai\\BootCamp\\부캠갠플\\MyToonTalk\\src\\components\\modals\\WidthModal.tsx","statementMap":{"0":{"start":{"line":25,"column":39},"end":{"line":71,"column":1}},"1":{"start":{"line":26,"column":19},"end":{"line":26,"column":35}},"2":{"start":{"line":27,"column":22},"end":{"line":27,"column":55}},"3":{"start":{"line":28,"column":19},"end":{"line":28,"column":49}},"4":{"start":{"line":29,"column":22},"end":{"line":29,"column":55}},"5":{"start":{"line":30,"column":19},"end":{"line":30,"column":52}},"6":{"start":{"line":31,"column":22},"end":{"line":31,"column":56}},"7":{"start":{"line":32,"column":17},"end":{"line":32,"column":63}},"8":{"start":{"line":34,"column":2},"end":{"line":70,"column":4}},"9":{"start":{"line":40,"column":8},"end":{"line":40,"column":31}},"10":{"start":{"line":41,"column":8},"end":{"line":41,"column":37}},"11":{"start":{"line":44,"column":47},"end":{"line":44,"column":68}},"12":{"start":{"line":49,"column":10},"end":{"line":66,"column":22}},"13":{"start":{"line":52,"column":14},"end":{"line":54,"column":50}},"14":{"start":{"line":55,"column":14},"end":{"line":55,"column":36}},"15":{"start":{"line":73,"column":15},"end":{"line":102,"column":2}},"16":{"start":{"line":104,"column":22},"end":{"line":118,"column":4}},"17":{"start":{"line":105,"column":2},"end":{"line":118,"column":4}}},"fnMap":{"0":{"name":"(anonymous_0)","decl":{"start":{"line":25,"column":39},"end":{"line":25,"column":40}},"loc":{"start":{"line":25,"column":76},"end":{"line":71,"column":1}},"line":25},"1":{"name":"(anonymous_1)","decl":{"start":{"line":39,"column":22},"end":{"line":39,"column":23}},"loc":{"start":{"line":39,"column":28},"end":{"line":42,"column":7}},"line":39},"2":{"name":"(anonymous_2)","decl":{"start":{"line":44,"column":41},"end":{"line":44,"column":42}},"loc":{"start":{"line":44,"column":47},"end":{"line":44,"column":68}},"line":44},"3":{"name":"(anonymous_3)","decl":{"start":{"line":48,"column":20},"end":{"line":48,"column":21}},"loc":{"start":{"line":49,"column":10},"end":{"line":66,"column":22}},"line":49},"4":{"name":"(anonymous_4)","decl":{"start":{"line":51,"column":21},"end":{"line":51,"column":22}},"loc":{"start":{"line":51,"column":27},"end":{"line":56,"column":13}},"line":51},"5":{"name":"(anonymous_5)","decl":{"start":{"line":104,"column":22},"end":{"line":104,"column":23}},"loc":{"start":{"line":105,"column":2},"end":{"line":118,"column":4}},"line":105}},"branchMap":{"0":{"loc":{"start":{"line":32,"column":17},"end":{"line":32,"column":63}},"type":"cond-expr","locations":[{"start":{"line":32,"column":41},"end":{"line":32,"column":49}},{"start":{"line":32,"column":52},"end":{"line":32,"column":63}}],"line":32},"1":{"loc":{"start":{"line":52,"column":14},"end":{"line":54,"column":49}},"type":"cond-expr","locations":[{"start":{"line":53,"column":18},"end":{"line":53,"column":46}},{"start":{"line":54,"column":18},"end":{"line":54,"column":49}}],"line":52},"2":{"loc":{"start":{"line":61,"column":16},"end":{"line":63,"column":60}},"type":"cond-expr","locations":[{"start":{"line":62,"column":20},"end":{"line":62,"column":54}},{"start":{"line":63,"column":20},"end":{"line":63,"column":60}}],"line":61}},"s":{"0":0,"1":0,"2":0,"3":0,"4":0,"5":0,"6":0,"7":0,"8":0,"9":0,"10":0,"11":0,"12":0,"13":0,"14":0,"15":0,"16":0,"17":0},"f":{"0":0,"1":0,"2":0,"3":0,"4":0,"5":0},"b":{"0":[0,0],"1":[0,0],"2":[0,0]}}
,"C:\\Users\\skyai\\BootCamp\\부캠갠플\\MyToonTalk\\src\\constants\\color.ts": {"path":"C:\\Users\\skyai\\BootCamp\\부캠갠플\\MyToonTalk\\src\\constants\\color.ts","statementMap":{"0":{"start":{"line":1,"column":25},"end":{"line":140,"column":1}}},"fnMap":{},"branchMap":{},"s":{"0":0},"f":{},"b":{}}
,"C:\\Users\\skyai\\BootCamp\\부캠갠플\\MyToonTalk\\src\\constants\\icon.ts": {"path":"C:\\Users\\skyai\\BootCamp\\부캠갠플\\MyToonTalk\\src\\constants\\icon.ts","statementMap":{"0":{"start":{"line":1,"column":24},"end":{"line":28,"column":1}},"1":{"start":{"line":30,"column":25},"end":{"line":38,"column":1}}},"fnMap":{},"branchMap":{},"s":{"0":2,"1":2},"f":{},"b":{},"_coverageSchema":"1a1c01bbd47fc00a2c39e90264f33305004495a9","hash":"ec98b4f00b010d0911c61d5abcb7e7bca6c0907d"}
,"C:\\Users\\skyai\\BootCamp\\부캠갠플\\MyToonTalk\\src\\constants\\info.ts": {"path":"C:\\Users\\skyai\\BootCamp\\부캠갠플\\MyToonTalk\\src\\constants\\info.ts","statementMap":{"0":{"start":{"line":1,"column":29},"end":{"line":22,"column":1}},"1":{"start":{"line":24,"column":32},"end":{"line":24,"column":34}},"2":{"start":{"line":25,"column":24},"end":{"line":25,"column":26}}},"fnMap":{},"branchMap":{},"s":{"0":0,"1":0,"2":0},"f":{},"b":{}}
,"C:\\Users\\skyai\\BootCamp\\부캠갠플\\MyToonTalk\\src\\hooks\\useAudioPaly.ts": {"path":"C:\\Users\\skyai\\BootCamp\\부캠갠플\\MyToonTalk\\src\\hooks\\useAudioPaly.ts","statementMap":{"0":{"start":{"line":5,"column":36},"end":{"line":5,"column":60}},"1":{"start":{"line":6,"column":24},"end":{"line":6,"column":56}},"2":{"start":{"line":8,"column":20},"end":{"line":20,"column":3}},"3":{"start":{"line":9,"column":18},"end":{"line":9,"column":35}},"4":{"start":{"line":10,"column":4},"end":{"line":10,"column":49}},"5":{"start":{"line":11,"column":4},"end":{"line":11,"column":30}},"6":{"start":{"line":12,"column":4},"end":{"line":12,"column":23}},"7":{"start":{"line":13,"column":4},"end":{"line":18,"column":7}},"8":{"start":{"line":14,"column":36},"end":{"line":14,"column":69}},"9":{"start":{"line":15,"column":6},"end":{"line":17,"column":7}},"10":{"start":{"line":16,"column":8},"end":{"line":16,"column":28}},"11":{"start":{"line":19,"column":4},"end":{"line":19,"column":34}},"12":{"start":{"line":22,"column":20},"end":{"line":26,"column":3}},"13":{"start":{"line":23,"column":4},"end":{"line":25,"column":5}},"14":{"start":{"line":24,"column":6},"end":{"line":24,"column":46}},"15":{"start":{"line":28,"column":20},"end":{"line":34,"column":3}},"16":{"start":{"line":29,"column":4},"end":{"line":32,"column":5}},"17":{"start":{"line":30,"column":21},"end":{"line":30,"column":65}},"18":{"start":{"line":31,"column":6},"end":{"line":31,"column":20}},"19":{"start":{"line":33,"column":4},"end":{"line":33,"column":16}},"20":{"start":{"line":36,"column":2},"end":{"line":40,"column":9}},"21":{"start":{"line":37,"column":4},"end":{"line":39,"column":6}},"22":{"start":{"line":38,"column":6},"end":{"line":38,"column":18}},"23":{"start":{"line":42,"column":2},"end":{"line":47,"column":4}}},"fnMap":{"0":{"name":"useAudioPlay","decl":{"start":{"line":4,"column":24},"end":{"line":4,"column":36}},"loc":{"start":{"line":4,"column":39},"end":{"line":48,"column":1}},"line":4},"1":{"name":"(anonymous_1)","decl":{"start":{"line":8,"column":20},"end":{"line":8,"column":21}},"loc":{"start":{"line":8,"column":52},"end":{"line":20,"column":3}},"line":8},"2":{"name":"(anonymous_2)","decl":{"start":{"line":13,"column":36},"end":{"line":13,"column":37}},"loc":{"start":{"line":13,"column":66},"end":{"line":18,"column":5}},"line":13},"3":{"name":"(anonymous_3)","decl":{"start":{"line":22,"column":20},"end":{"line":22,"column":21}},"loc":{"start":{"line":22,"column":32},"end":{"line":26,"column":3}},"line":22},"4":{"name":"(anonymous_4)","decl":{"start":{"line":28,"column":20},"end":{"line":28,"column":21}},"loc":{"start":{"line":28,"column":32},"end":{"line":34,"column":3}},"line":28},"5":{"name":"(anonymous_5)","decl":{"start":{"line":36,"column":12},"end":{"line":36,"column":13}},"loc":{"start":{"line":36,"column":18},"end":{"line":40,"column":3}},"line":36},"6":{"name":"(anonymous_6)","decl":{"start":{"line":37,"column":11},"end":{"line":37,"column":12}},"loc":{"start":{"line":37,"column":17},"end":{"line":39,"column":5}},"line":37}},"branchMap":{"0":{"loc":{"start":{"line":15,"column":6},"end":{"line":17,"column":7}},"type":"if","locations":[{"start":{"line":15,"column":6},"end":{"line":17,"column":7}},{"start":{},"end":{}}],"line":15},"1":{"loc":{"start":{"line":23,"column":4},"end":{"line":25,"column":5}},"type":"if","locations":[{"start":{"line":23,"column":4},"end":{"line":25,"column":5}},{"start":{},"end":{}}],"line":23},"2":{"loc":{"start":{"line":29,"column":4},"end":{"line":32,"column":5}},"type":"if","locations":[{"start":{"line":29,"column":4},"end":{"line":32,"column":5}},{"start":{},"end":{}}],"line":29}},"s":{"0":0,"1":0,"2":0,"3":0,"4":0,"5":0,"6":0,"7":0,"8":0,"9":0,"10":0,"11":0,"12":0,"13":0,"14":0,"15":0,"16":0,"17":0,"18":0,"19":0,"20":0,"21":0,"22":0,"23":0},"f":{"0":0,"1":0,"2":0,"3":0,"4":0,"5":0,"6":0},"b":{"0":[0,0],"1":[0,0],"2":[0,0]}}
,"C:\\Users\\skyai\\BootCamp\\부캠갠플\\MyToonTalk\\src\\hooks\\useReduxHooks.ts": {"path":"C:\\Users\\skyai\\BootCamp\\부캠갠플\\MyToonTalk\\src\\hooks\\useReduxHooks.ts","statementMap":{"0":{"start":{"line":5,"column":49},"end":{"line":5,"column":60}},"1":{"start":{"line":6,"column":63},"end":{"line":6,"column":74}}},"fnMap":{},"branchMap":{},"s":{"0":1,"1":1},"f":{},"b":{},"_coverageSchema":"1a1c01bbd47fc00a2c39e90264f33305004495a9","hash":"5ffaab29bfb46af4bd020f0268cfa73ce99ab23e"}
,"C:\\Users\\skyai\\BootCamp\\부캠갠플\\MyToonTalk\\src\\screens\\ComicScreen.tsx": {"path":"C:\\Users\\skyai\\BootCamp\\부캠갠플\\MyToonTalk\\src\\screens\\ComicScreen.tsx","statementMap":{"0":{"start":{"line":12,"column":48},"end":{"line":129,"column":1}},"1":{"start":{"line":13,"column":17},"end":{"line":13,"column":29}},"2":{"start":{"line":14,"column":57},"end":{"line":14,"column":71}},"3":{"start":{"line":15,"column":28},"end":{"line":15,"column":48}},"4":{"start":{"line":16,"column":30},"end":{"line":16,"column":52}},"5":{"start":{"line":17,"column":42},"end":{"line":17,"column":71}},"6":{"start":{"line":18,"column":30},"end":{"line":18,"column":52}},"7":{"start":{"line":19,"column":17},"end":{"line":19,"column":66}},"8":{"start":{"line":21,"column":2},"end":{"line":43,"column":9}},"9":{"start":{"line":22,"column":21},"end":{"line":41,"column":5}},"10":{"start":{"line":23,"column":6},"end":{"line":40,"column":7}},"11":{"start":{"line":24,"column":42},"end":{"line":27,"column":10}},"12":{"start":{"line":29,"column":26},"end":{"line":31,"column":17}},"13":{"start":{"line":30,"column":28},"end":{"line":30,"column":49}},"14":{"start":{"line":32,"column":26},"end":{"line":34,"column":17}},"15":{"start":{"line":33,"column":28},"end":{"line":33,"column":49}},"16":{"start":{"line":35,"column":8},"end":{"line":35,"column":31}},"17":{"start":{"line":36,"column":8},"end":{"line":36,"column":29}},"18":{"start":{"line":37,"column":8},"end":{"line":37,"column":29}},"19":{"start":{"line":39,"column":8},"end":{"line":39,"column":38}},"20":{"start":{"line":42,"column":4},"end":{"line":42,"column":15}},"21":{"start":{"line":45,"column":27},"end":{"line":64,"column":3}},"22":{"start":{"line":46,"column":4},"end":{"line":63,"column":5}},"23":{"start":{"line":47,"column":6},"end":{"line":60,"column":7}},"24":{"start":{"line":48,"column":27},"end":{"line":48,"column":51}},"25":{"start":{"line":49,"column":8},"end":{"line":49,"column":36}},"26":{"start":{"line":51,"column":8},"end":{"line":59,"column":9}},"27":{"start":{"line":52,"column":10},"end":{"line":52,"column":60}},"28":{"start":{"line":53,"column":25},"end":{"line":53,"column":42}},"29":{"start":{"line":54,"column":40},"end":{"line":54,"column":73}},"30":{"start":{"line":55,"column":27},"end":{"line":55,"column":63}},"31":{"start":{"line":56,"column":10},"end":{"line":58,"column":11}},"32":{"start":{"line":57,"column":12},"end":{"line":57,"column":80}},"33":{"start":{"line":57,"column":43},"end":{"line":57,"column":78}},"34":{"start":{"line":62,"column":6},"end":{"line":62,"column":49}},"35":{"start":{"line":66,"column":27},"end":{"line":77,"column":3}},"36":{"start":{"line":67,"column":22},"end":{"line":67,"column":38}},"37":{"start":{"line":68,"column":4},"end":{"line":76,"column":5}},"38":{"start":{"line":69,"column":6},"end":{"line":69,"column":24}},"39":{"start":{"line":70,"column":6},"end":{"line":72,"column":7}},"40":{"start":{"line":71,"column":8},"end":{"line":71,"column":63}},"41":{"start":{"line":73,"column":6},"end":{"line":73,"column":28}},"42":{"start":{"line":75,"column":6},"end":{"line":75,"column":49}},"43":{"start":{"line":79,"column":2},"end":{"line":128,"column":4}},"44":{"start":{"line":89,"column":25},"end":{"line":89,"column":50}},"45":{"start":{"line":90,"column":12},"end":{"line":104,"column":14}},"46":{"start":{"line":93,"column":31},"end":{"line":93,"column":53}},"47":{"start":{"line":122,"column":29},"end":{"line":122,"column":56}},"48":{"start":{"line":131,"column":15},"end":{"line":174,"column":2}}},"fnMap":{"0":{"name":"(anonymous_0)","decl":{"start":{"line":12,"column":48},"end":{"line":12,"column":49}},"loc":{"start":{"line":12,"column":75},"end":{"line":129,"column":1}},"line":12},"1":{"name":"(anonymous_1)","decl":{"start":{"line":21,"column":12},"end":{"line":21,"column":13}},"loc":{"start":{"line":21,"column":18},"end":{"line":43,"column":3}},"line":21},"2":{"name":"(anonymous_2)","decl":{"start":{"line":22,"column":21},"end":{"line":22,"column":22}},"loc":{"start":{"line":22,"column":33},"end":{"line":41,"column":5}},"line":22},"3":{"name":"(anonymous_3)","decl":{"start":{"line":30,"column":18},"end":{"line":30,"column":19}},"loc":{"start":{"line":30,"column":28},"end":{"line":30,"column":49}},"line":30},"4":{"name":"(anonymous_4)","decl":{"start":{"line":33,"column":18},"end":{"line":33,"column":19}},"loc":{"start":{"line":33,"column":28},"end":{"line":33,"column":49}},"line":33},"5":{"name":"(anonymous_5)","decl":{"start":{"line":45,"column":27},"end":{"line":45,"column":28}},"loc":{"start":{"line":45,"column":39},"end":{"line":64,"column":3}},"line":45},"6":{"name":"(anonymous_6)","decl":{"start":{"line":57,"column":30},"end":{"line":57,"column":31}},"loc":{"start":{"line":57,"column":43},"end":{"line":57,"column":78}},"line":57},"7":{"name":"(anonymous_7)","decl":{"start":{"line":66,"column":27},"end":{"line":66,"column":28}},"loc":{"start":{"line":66,"column":51},"end":{"line":77,"column":3}},"line":66},"8":{"name":"(anonymous_8)","decl":{"start":{"line":88,"column":22},"end":{"line":88,"column":23}},"loc":{"start":{"line":88,"column":33},"end":{"line":105,"column":11}},"line":88},"9":{"name":"(anonymous_9)","decl":{"start":{"line":93,"column":25},"end":{"line":93,"column":26}},"loc":{"start":{"line":93,"column":31},"end":{"line":93,"column":53}},"line":93},"10":{"name":"(anonymous_10)","decl":{"start":{"line":122,"column":23},"end":{"line":122,"column":24}},"loc":{"start":{"line":122,"column":29},"end":{"line":122,"column":56}},"line":122}},"branchMap":{"0":{"loc":{"start":{"line":51,"column":8},"end":{"line":59,"column":9}},"type":"if","locations":[{"start":{"line":51,"column":8},"end":{"line":59,"column":9}},{"start":{},"end":{}}],"line":51},"1":{"loc":{"start":{"line":56,"column":10},"end":{"line":58,"column":11}},"type":"if","locations":[{"start":{"line":56,"column":10},"end":{"line":58,"column":11}},{"start":{},"end":{}}],"line":56},"2":{"loc":{"start":{"line":70,"column":6},"end":{"line":72,"column":7}},"type":"if","locations":[{"start":{"line":70,"column":6},"end":{"line":72,"column":7}},{"start":{},"end":{}}],"line":70},"3":{"loc":{"start":{"line":96,"column":18},"end":{"line":96,"column":76}},"type":"binary-expr","locations":[{"start":{"line":96,"column":18},"end":{"line":96,"column":39}},{"start":{"line":96,"column":43},"end":{"line":96,"column":52}},{"start":{"line":96,"column":56},"end":{"line":96,"column":76}}],"line":96}},"s":{"0":0,"1":0,"2":0,"3":0,"4":0,"5":0,"6":0,"7":0,"8":0,"9":0,"10":0,"11":0,"12":0,"13":0,"14":0,"15":0,"16":0,"17":0,"18":0,"19":0,"20":0,"21":0,"22":0,"23":0,"24":0,"25":0,"26":0,"27":0,"28":0,"29":0,"30":0,"31":0,"32":0,"33":0,"34":0,"35":0,"36":0,"37":0,"38":0,"39":0,"40":0,"41":0,"42":0,"43":0,"44":0,"45":0,"46":0,"47":0,"48":0},"f":{"0":0,"1":0,"2":0,"3":0,"4":0,"5":0,"6":0,"7":0,"8":0,"9":0,"10":0},"b":{"0":[0,0],"1":[0,0],"2":[0,0],"3":[0,0,0]}}
,"C:\\Users\\skyai\\BootCamp\\부캠갠플\\MyToonTalk\\src\\screens\\DrawingScreen.tsx": {"path":"C:\\Users\\skyai\\BootCamp\\부캠갠플\\MyToonTalk\\src\\screens\\DrawingScreen.tsx","statementMap":{"0":{"start":{"line":41,"column":52},"end":{"line":273,"column":1}},"1":{"start":{"line":42,"column":19},"end":{"line":42,"column":35}},"2":{"start":{"line":43,"column":40},"end":{"line":43,"column":64}},"3":{"start":{"line":44,"column":42},"end":{"line":44,"column":71}},"4":{"start":{"line":45,"column":16},"end":{"line":45,"column":43}},"5":{"start":{"line":46,"column":28},"end":{"line":46,"column":51}},"6":{"start":{"line":47,"column":38},"end":{"line":47,"column":57}},"7":{"start":{"line":48,"column":36},"end":{"line":48,"column":74}},"8":{"start":{"line":49,"column":22},"end":{"line":49,"column":55}},"9":{"start":{"line":50,"column":25},"end":{"line":50,"column":79}},"10":{"start":{"line":51,"column":20},"end":{"line":51,"column":34}},"11":{"start":{"line":53,"column":26},"end":{"line":55,"column":3}},"12":{"start":{"line":54,"column":4},"end":{"line":54,"column":34}},"13":{"start":{"line":57,"column":26},"end":{"line":59,"column":3}},"14":{"start":{"line":58,"column":4},"end":{"line":58,"column":34}},"15":{"start":{"line":61,"column":22},"end":{"line":63,"column":3}},"16":{"start":{"line":62,"column":4},"end":{"line":62,"column":25}},"17":{"start":{"line":65,"column":29},"end":{"line":67,"column":3}},"18":{"start":{"line":66,"column":4},"end":{"line":66,"column":27}},"19":{"start":{"line":69,"column":25},"end":{"line":90,"column":3}},"20":{"start":{"line":70,"column":4},"end":{"line":89,"column":5}},"21":{"start":{"line":71,"column":25},"end":{"line":71,"column":62}},"22":{"start":{"line":73,"column":6},"end":{"line":86,"column":7}},"23":{"start":{"line":74,"column":8},"end":{"line":77,"column":11}},"24":{"start":{"line":79,"column":30},"end":{"line":81,"column":9}},"25":{"start":{"line":83,"column":8},"end":{"line":83,"column":32}},"26":{"start":{"line":85,"column":8},"end":{"line":85,"column":48}},"27":{"start":{"line":88,"column":6},"end":{"line":88,"column":30}},"28":{"start":{"line":92,"column":24},"end":{"line":119,"column":3}},"29":{"start":{"line":93,"column":4},"end":{"line":93,"column":23}},"30":{"start":{"line":95,"column":4},"end":{"line":118,"column":5}},"31":{"start":{"line":96,"column":6},"end":{"line":96,"column":43}},"32":{"start":{"line":98,"column":6},"end":{"line":117,"column":7}},"33":{"start":{"line":99,"column":34},"end":{"line":99,"column":77}},"34":{"start":{"line":100,"column":8},"end":{"line":114,"column":9}},"35":{"start":{"line":101,"column":40},"end":{"line":101,"column":73}},"36":{"start":{"line":102,"column":27},"end":{"line":102,"column":63}},"37":{"start":{"line":103,"column":26},"end":{"line":103,"column":44}},"38":{"start":{"line":104,"column":36},"end":{"line":104,"column":55}},"39":{"start":{"line":106,"column":10},"end":{"line":109,"column":13}},"40":{"start":{"line":111,"column":10},"end":{"line":111,"column":74}},"41":{"start":{"line":113,"column":10},"end":{"line":113,"column":36}},"42":{"start":{"line":116,"column":8},"end":{"line":116,"column":44}},"43":{"start":{"line":121,"column":24},"end":{"line":127,"column":3}},"44":{"start":{"line":122,"column":18},"end":{"line":122,"column":56}},"45":{"start":{"line":123,"column":4},"end":{"line":126,"column":5}},"46":{"start":{"line":124,"column":25},"end":{"line":124,"column":47}},"47":{"start":{"line":125,"column":6},"end":{"line":125,"column":63}},"48":{"start":{"line":129,"column":27},"end":{"line":131,"column":3}},"49":{"start":{"line":130,"column":4},"end":{"line":130,"column":32}},"50":{"start":{"line":133,"column":2},"end":{"line":272,"column":4}},"51":{"start":{"line":156,"column":29},"end":{"line":156,"column":60}},"52":{"start":{"line":170,"column":34},"end":{"line":170,"column":48}},"53":{"start":{"line":192,"column":14},"end":{"line":195,"column":15}},"54":{"start":{"line":193,"column":16},"end":{"line":193,"column":58}},"55":{"start":{"line":194,"column":16},"end":{"line":194,"column":32}},"56":{"start":{"line":235,"column":14},"end":{"line":238,"column":15}},"57":{"start":{"line":236,"column":16},"end":{"line":236,"column":58}},"58":{"start":{"line":237,"column":16},"end":{"line":237,"column":32}},"59":{"start":{"line":264,"column":14},"end":{"line":264,"column":40}},"60":{"start":{"line":265,"column":14},"end":{"line":265,"column":30}},"61":{"start":{"line":266,"column":14},"end":{"line":266,"column":45}},"62":{"start":{"line":275,"column":15},"end":{"line":317,"column":2}},"63":{"start":{"line":319,"column":19},"end":{"line":327,"column":4}},"64":{"start":{"line":320,"column":2},"end":{"line":327,"column":4}}},"fnMap":{"0":{"name":"(anonymous_0)","decl":{"start":{"line":41,"column":52},"end":{"line":41,"column":53}},"loc":{"start":{"line":41,"column":72},"end":{"line":273,"column":1}},"line":41},"1":{"name":"(anonymous_1)","decl":{"start":{"line":53,"column":26},"end":{"line":53,"column":27}},"loc":{"start":{"line":53,"column":32},"end":{"line":55,"column":3}},"line":53},"2":{"name":"(anonymous_2)","decl":{"start":{"line":57,"column":26},"end":{"line":57,"column":27}},"loc":{"start":{"line":57,"column":32},"end":{"line":59,"column":3}},"line":57},"3":{"name":"(anonymous_3)","decl":{"start":{"line":61,"column":22},"end":{"line":61,"column":23}},"loc":{"start":{"line":61,"column":28},"end":{"line":63,"column":3}},"line":61},"4":{"name":"(anonymous_4)","decl":{"start":{"line":65,"column":29},"end":{"line":65,"column":30}},"loc":{"start":{"line":65,"column":48},"end":{"line":67,"column":3}},"line":65},"5":{"name":"(anonymous_5)","decl":{"start":{"line":69,"column":25},"end":{"line":69,"column":26}},"loc":{"start":{"line":69,"column":37},"end":{"line":90,"column":3}},"line":69},"6":{"name":"(anonymous_6)","decl":{"start":{"line":92,"column":24},"end":{"line":92,"column":25}},"loc":{"start":{"line":92,"column":36},"end":{"line":119,"column":3}},"line":92},"7":{"name":"(anonymous_7)","decl":{"start":{"line":121,"column":24},"end":{"line":121,"column":25}},"loc":{"start":{"line":121,"column":30},"end":{"line":127,"column":3}},"line":121},"8":{"name":"(anonymous_8)","decl":{"start":{"line":129,"column":27},"end":{"line":129,"column":28}},"loc":{"start":{"line":129,"column":45},"end":{"line":131,"column":3}},"line":129},"9":{"name":"(anonymous_9)","decl":{"start":{"line":156,"column":23},"end":{"line":156,"column":24}},"loc":{"start":{"line":156,"column":29},"end":{"line":156,"column":60}},"line":156},"10":{"name":"(anonymous_10)","decl":{"start":{"line":170,"column":24},"end":{"line":170,"column":25}},"loc":{"start":{"line":170,"column":34},"end":{"line":170,"column":48}},"line":170},"11":{"name":"(anonymous_11)","decl":{"start":{"line":191,"column":21},"end":{"line":191,"column":22}},"loc":{"start":{"line":191,"column":33},"end":{"line":196,"column":13}},"line":191},"12":{"name":"(anonymous_12)","decl":{"start":{"line":234,"column":21},"end":{"line":234,"column":22}},"loc":{"start":{"line":234,"column":33},"end":{"line":239,"column":13}},"line":234},"13":{"name":"(anonymous_13)","decl":{"start":{"line":263,"column":21},"end":{"line":263,"column":22}},"loc":{"start":{"line":263,"column":27},"end":{"line":267,"column":13}},"line":263},"14":{"name":"(anonymous_14)","decl":{"start":{"line":319,"column":19},"end":{"line":319,"column":20}},"loc":{"start":{"line":320,"column":2},"end":{"line":327,"column":4}},"line":320}},"branchMap":{"0":{"loc":{"start":{"line":73,"column":6},"end":{"line":86,"column":7}},"type":"if","locations":[{"start":{"line":73,"column":6},"end":{"line":86,"column":7}},{"start":{"line":84,"column":13},"end":{"line":86,"column":7}}],"line":73},"1":{"loc":{"start":{"line":95,"column":4},"end":{"line":118,"column":5}},"type":"if","locations":[{"start":{"line":95,"column":4},"end":{"line":118,"column":5}},{"start":{},"end":{}}],"line":95},"2":{"loc":{"start":{"line":100,"column":8},"end":{"line":114,"column":9}},"type":"if","locations":[{"start":{"line":100,"column":8},"end":{"line":114,"column":9}},{"start":{"line":112,"column":15},"end":{"line":114,"column":9}}],"line":100},"3":{"loc":{"start":{"line":107,"column":22},"end":{"line":107,"column":35}},"type":"binary-expr","locations":[{"start":{"line":107,"column":22},"end":{"line":107,"column":30}},{"start":{"line":107,"column":34},"end":{"line":107,"column":35}}],"line":107},"4":{"loc":{"start":{"line":108,"column":18},"end":{"line":108,"column":31}},"type":"binary-expr","locations":[{"start":{"line":108,"column":18},"end":{"line":108,"column":25}},{"start":{"line":108,"column":29},"end":{"line":108,"column":31}}],"line":108},"5":{"loc":{"start":{"line":123,"column":4},"end":{"line":126,"column":5}},"type":"if","locations":[{"start":{"line":123,"column":4},"end":{"line":126,"column":5}},{"start":{},"end":{}}],"line":123},"6":{"loc":{"start":{"line":142,"column":7},"end":{"line":166,"column":7}},"type":"cond-expr","locations":[{"start":{"line":143,"column":8},"end":{"line":147,"column":10}},{"start":{"line":148,"column":10},"end":{"line":166,"column":7}}],"line":142},"7":{"loc":{"start":{"line":148,"column":10},"end":{"line":166,"column":7}},"type":"cond-expr","locations":[{"start":{"line":149,"column":8},"end":{"line":157,"column":10}},{"start":{"line":158,"column":10},"end":{"line":166,"column":7}}],"line":148},"8":{"loc":{"start":{"line":158,"column":10},"end":{"line":166,"column":7}},"type":"cond-expr","locations":[{"start":{"line":159,"column":8},"end":{"line":163,"column":10}},{"start":{"line":165,"column":8},"end":{"line":165,"column":80}}],"line":158},"9":{"loc":{"start":{"line":192,"column":14},"end":{"line":195,"column":15}},"type":"if","locations":[{"start":{"line":192,"column":14},"end":{"line":195,"column":15}},{"start":{},"end":{}}],"line":192},"10":{"loc":{"start":{"line":201,"column":22},"end":{"line":201,"column":76}},"type":"cond-expr","locations":[{"start":{"line":201,"column":42},"end":{"line":201,"column":56}},{"start":{"line":201,"column":59},"end":{"line":201,"column":76}}],"line":201},"11":{"loc":{"start":{"line":207,"column":21},"end":{"line":207,"column":63}},"type":"cond-expr","locations":[{"start":{"line":207,"column":33},"end":{"line":207,"column":46}},{"start":{"line":207,"column":49},"end":{"line":207,"column":63}}],"line":207},"12":{"loc":{"start":{"line":209,"column":13},"end":{"line":230,"column":13}},"type":"cond-expr","locations":[{"start":{"line":210,"column":14},"end":{"line":223,"column":17}},{"start":{"line":225,"column":14},"end":{"line":229,"column":16}}],"line":209},"13":{"loc":{"start":{"line":235,"column":14},"end":{"line":238,"column":15}},"type":"if","locations":[{"start":{"line":235,"column":14},"end":{"line":238,"column":15}},{"start":{},"end":{}}],"line":235},"14":{"loc":{"start":{"line":244,"column":22},"end":{"line":244,"column":76}},"type":"cond-expr","locations":[{"start":{"line":244,"column":42},"end":{"line":244,"column":56}},{"start":{"line":244,"column":59},"end":{"line":244,"column":76}}],"line":244}},"s":{"0":0,"1":0,"2":0,"3":0,"4":0,"5":0,"6":0,"7":0,"8":0,"9":0,"10":0,"11":0,"12":0,"13":0,"14":0,"15":0,"16":0,"17":0,"18":0,"19":0,"20":0,"21":0,"22":0,"23":0,"24":0,"25":0,"26":0,"27":0,"28":0,"29":0,"30":0,"31":0,"32":0,"33":0,"34":0,"35":0,"36":0,"37":0,"38":0,"39":0,"40":0,"41":0,"42":0,"43":0,"44":0,"45":0,"46":0,"47":0,"48":0,"49":0,"50":0,"51":0,"52":0,"53":0,"54":0,"55":0,"56":0,"57":0,"58":0,"59":0,"60":0,"61":0,"62":0,"63":0,"64":0},"f":{"0":0,"1":0,"2":0,"3":0,"4":0,"5":0,"6":0,"7":0,"8":0,"9":0,"10":0,"11":0,"12":0,"13":0,"14":0},"b":{"0":[0,0],"1":[0,0],"2":[0,0],"3":[0,0],"4":[0,0],"5":[0,0],"6":[0,0],"7":[0,0],"8":[0,0],"9":[0,0],"10":[0,0],"11":[0,0],"12":[0,0],"13":[0,0],"14":[0,0]}}
,"C:\\Users\\skyai\\BootCamp\\부캠갠플\\MyToonTalk\\src\\screens\\HomeScreen.tsx": {"path":"C:\\Users\\skyai\\BootCamp\\부캠갠플\\MyToonTalk\\src\\screens\\HomeScreen.tsx","statementMap":{"0":{"start":{"line":26,"column":46},"end":{"line":163,"column":1}},"1":{"start":{"line":27,"column":19},"end":{"line":27,"column":35}},"2":{"start":{"line":28,"column":40},"end":{"line":28,"column":64}},"3":{"start":{"line":29,"column":42},"end":{"line":29,"column":71}},"4":{"start":{"line":30,"column":28},"end":{"line":30,"column":48}},"5":{"start":{"line":31,"column":36},"end":{"line":31,"column":68}},"6":{"start":{"line":32,"column":20},"end":{"line":32,"column":51}},"7":{"start":{"line":34,"column":21},"end":{"line":86,"column":8}},"8":{"start":{"line":35,"column":19},"end":{"line":35,"column":63}},"9":{"start":{"line":36,"column":22},"end":{"line":36,"column":65}},"10":{"start":{"line":38,"column":40},"end":{"line":67,"column":5}},"11":{"start":{"line":40,"column":25},"end":{"line":40,"column":42}},"12":{"start":{"line":41,"column":38},"end":{"line":44,"column":10}},"13":{"start":{"line":46,"column":23},"end":{"line":46,"column":27}},"14":{"start":{"line":48,"column":8},"end":{"line":54,"column":9}},"15":{"start":{"line":49,"column":30},"end":{"line":52,"column":11}},"16":{"start":{"line":53,"column":10},"end":{"line":53,"column":60}},"17":{"start":{"line":57,"column":10},"end":{"line":57,"column":72}},"18":{"start":{"line":59,"column":8},"end":{"line":65,"column":10}},"19":{"start":{"line":69,"column":4},"end":{"line":83,"column":7}},"20":{"start":{"line":70,"column":6},"end":{"line":75,"column":7}},"21":{"start":{"line":71,"column":8},"end":{"line":74,"column":10}},"22":{"start":{"line":76,"column":6},"end":{"line":78,"column":7}},"23":{"start":{"line":77,"column":8},"end":{"line":77,"column":17}},"24":{"start":{"line":79,"column":6},"end":{"line":81,"column":7}},"25":{"start":{"line":80,"column":8},"end":{"line":80,"column":18}},"26":{"start":{"line":82,"column":6},"end":{"line":82,"column":15}},"27":{"start":{"line":85,"column":4},"end":{"line":85,"column":26}},"28":{"start":{"line":88,"column":2},"end":{"line":90,"column":18}},"29":{"start":{"line":89,"column":4},"end":{"line":89,"column":17}},"30":{"start":{"line":92,"column":22},"end":{"line":94,"column":3}},"31":{"start":{"line":93,"column":4},"end":{"line":93,"column":33}},"32":{"start":{"line":96,"column":29},"end":{"line":98,"column":3}},"33":{"start":{"line":97,"column":4},"end":{"line":97,"column":27}},"34":{"start":{"line":100,"column":2},"end":{"line":162,"column":4}},"35":{"start":{"line":108,"column":12},"end":{"line":108,"column":35}},"36":{"start":{"line":109,"column":12},"end":{"line":109,"column":41}},"37":{"start":{"line":118,"column":31},"end":{"line":118,"column":52}},"38":{"start":{"line":127,"column":40},"end":{"line":127,"column":54}},"39":{"start":{"line":135,"column":18},"end":{"line":135,"column":47}},"40":{"start":{"line":136,"column":18},"end":{"line":136,"column":51}},"41":{"start":{"line":137,"column":18},"end":{"line":137,"column":31}},"42":{"start":{"line":138,"column":18},"end":{"line":138,"column":49}},"43":{"start":{"line":139,"column":18},"end":{"line":139,"column":49}},"44":{"start":{"line":165,"column":15},"end":{"line":237,"column":2}}},"fnMap":{"0":{"name":"(anonymous_0)","decl":{"start":{"line":26,"column":46},"end":{"line":26,"column":47}},"loc":{"start":{"line":26,"column":66},"end":{"line":163,"column":1}},"line":26},"1":{"name":"(anonymous_1)","decl":{"start":{"line":34,"column":33},"end":{"line":34,"column":34}},"loc":{"start":{"line":34,"column":45},"end":{"line":86,"column":3}},"line":34},"2":{"name":"(anonymous_2)","decl":{"start":{"line":39,"column":20},"end":{"line":39,"column":21}},"loc":{"start":{"line":39,"column":34},"end":{"line":66,"column":7}},"line":39},"3":{"name":"(anonymous_3)","decl":{"start":{"line":69,"column":17},"end":{"line":69,"column":18}},"loc":{"start":{"line":69,"column":27},"end":{"line":83,"column":5}},"line":69},"4":{"name":"(anonymous_4)","decl":{"start":{"line":88,"column":12},"end":{"line":88,"column":13}},"loc":{"start":{"line":88,"column":18},"end":{"line":90,"column":3}},"line":88},"5":{"name":"(anonymous_5)","decl":{"start":{"line":92,"column":22},"end":{"line":92,"column":23}},"loc":{"start":{"line":92,"column":28},"end":{"line":94,"column":3}},"line":92},"6":{"name":"(anonymous_6)","decl":{"start":{"line":96,"column":29},"end":{"line":96,"column":30}},"loc":{"start":{"line":96,"column":48},"end":{"line":98,"column":3}},"line":96},"7":{"name":"(anonymous_7)","decl":{"start":{"line":107,"column":26},"end":{"line":107,"column":27}},"loc":{"start":{"line":107,"column":32},"end":{"line":110,"column":11}},"line":107},"8":{"name":"(anonymous_8)","decl":{"start":{"line":118,"column":25},"end":{"line":118,"column":26}},"loc":{"start":{"line":118,"column":31},"end":{"line":118,"column":52}},"line":118},"9":{"name":"(anonymous_9)","decl":{"start":{"line":127,"column":30},"end":{"line":127,"column":31}},"loc":{"start":{"line":127,"column":40},"end":{"line":127,"column":54}},"line":127},"10":{"name":"(anonymous_10)","decl":{"start":{"line":134,"column":25},"end":{"line":134,"column":26}},"loc":{"start":{"line":134,"column":31},"end":{"line":140,"column":17}},"line":134}},"branchMap":{"0":{"loc":{"start":{"line":48,"column":8},"end":{"line":54,"column":9}},"type":"if","locations":[{"start":{"line":48,"column":8},"end":{"line":54,"column":9}},{"start":{},"end":{}}],"line":48},"1":{"loc":{"start":{"line":57,"column":10},"end":{"line":57,"column":72}},"type":"cond-expr","locations":[{"start":{"line":57,"column":40},"end":{"line":57,"column":65}},{"start":{"line":57,"column":68},"end":{"line":57,"column":72}}],"line":57},"2":{"loc":{"start":{"line":57,"column":10},"end":{"line":57,"column":37}},"type":"binary-expr","locations":[{"start":{"line":57,"column":10},"end":{"line":57,"column":18}},{"start":{"line":57,"column":22},"end":{"line":57,"column":37}}],"line":57},"3":{"loc":{"start":{"line":64,"column":24},"end":{"line":64,"column":48}},"type":"binary-expr","locations":[{"start":{"line":64,"column":24},"end":{"line":64,"column":40}},{"start":{"line":64,"column":44},"end":{"line":64,"column":48}}],"line":64},"4":{"loc":{"start":{"line":70,"column":6},"end":{"line":75,"column":7}},"type":"if","locations":[{"start":{"line":70,"column":6},"end":{"line":75,"column":7}},{"start":{},"end":{}}],"line":70},"5":{"loc":{"start":{"line":70,"column":10},"end":{"line":70,"column":42}},"type":"binary-expr","locations":[{"start":{"line":70,"column":10},"end":{"line":70,"column":24}},{"start":{"line":70,"column":28},"end":{"line":70,"column":42}}],"line":70},"6":{"loc":{"start":{"line":76,"column":6},"end":{"line":78,"column":7}},"type":"if","locations":[{"start":{"line":76,"column":6},"end":{"line":78,"column":7}},{"start":{},"end":{}}],"line":76},"7":{"loc":{"start":{"line":76,"column":10},"end":{"line":76,"column":43}},"type":"binary-expr","locations":[{"start":{"line":76,"column":10},"end":{"line":76,"column":25}},{"start":{"line":76,"column":29},"end":{"line":76,"column":43}}],"line":76},"8":{"loc":{"start":{"line":79,"column":6},"end":{"line":81,"column":7}},"type":"if","locations":[{"start":{"line":79,"column":6},"end":{"line":81,"column":7}},{"start":{},"end":{}}],"line":79},"9":{"loc":{"start":{"line":79,"column":10},"end":{"line":79,"column":43}},"type":"binary-expr","locations":[{"start":{"line":79,"column":10},"end":{"line":79,"column":24}},{"start":{"line":79,"column":28},"end":{"line":79,"column":43}}],"line":79},"10":{"loc":{"start":{"line":102,"column":7},"end":{"line":153,"column":7}},"type":"cond-expr","locations":[{"start":{"line":103,"column":8},"end":{"line":146,"column":16}},{"start":{"line":148,"column":8},"end":{"line":152,"column":10}}],"line":102}},"s":{"0":0,"1":0,"2":0,"3":0,"4":0,"5":0,"6":0,"7":0,"8":0,"9":0,"10":0,"11":0,"12":0,"13":0,"14":0,"15":0,"16":0,"17":0,"18":0,"19":0,"20":0,"21":0,"22":0,"23":0,"24":0,"25":0,"26":0,"27":0,"28":0,"29":0,"30":0,"31":0,"32":0,"33":0,"34":0,"35":0,"36":0,"37":0,"38":0,"39":0,"40":0,"41":0,"42":0,"43":0,"44":0},"f":{"0":0,"1":0,"2":0,"3":0,"4":0,"5":0,"6":0,"7":0,"8":0,"9":0,"10":0},"b":{"0":[0,0],"1":[0,0],"2":[0,0],"3":[0,0],"4":[0,0],"5":[0,0],"6":[0,0],"7":[0,0],"8":[0,0],"9":[0,0],"10":[0,0]}}
,"C:\\Users\\skyai\\BootCamp\\부캠갠플\\MyToonTalk\\src\\screens\\PreviewScreen.tsx": {"path":"C:\\Users\\skyai\\BootCamp\\부캠갠플\\MyToonTalk\\src\\screens\\PreviewScreen.tsx","statementMap":{"0":{"start":{"line":31,"column":52},"end":{"line":190,"column":1}},"1":{"start":{"line":32,"column":19},"end":{"line":32,"column":35}},"2":{"start":{"line":33,"column":46},"end":{"line":33,"column":60}},"3":{"start":{"line":34,"column":42},"end":{"line":34,"column":71}},"4":{"start":{"line":35,"column":40},"end":{"line":35,"column":64}},"5":{"start":{"line":36,"column":16},"end":{"line":36,"column":43}},"6":{"start":{"line":37,"column":25},"end":{"line":37,"column":56}},"7":{"start":{"line":38,"column":25},"end":{"line":38,"column":56}},"8":{"start":{"line":40,"column":38},"end":{"line":40,"column":57}},"9":{"start":{"line":41,"column":20},"end":{"line":41,"column":37}},"10":{"start":{"line":42,"column":20},"end":{"line":42,"column":36}},"11":{"start":{"line":44,"column":26},"end":{"line":69,"column":3}},"12":{"start":{"line":45,"column":25},"end":{"line":45,"column":26}},"13":{"start":{"line":46,"column":25},"end":{"line":46,"column":26}},"14":{"start":{"line":48,"column":4},"end":{"line":58,"column":5}},"15":{"start":{"line":49,"column":25},"end":{"line":49,"column":55}},"16":{"start":{"line":50,"column":24},"end":{"line":50,"column":57}},"17":{"start":{"line":51,"column":27},"end":{"line":51,"column":41}},"18":{"start":{"line":53,"column":6},"end":{"line":57,"column":7}},"19":{"start":{"line":54,"column":34},"end":{"line":54,"column":59}},"20":{"start":{"line":55,"column":30},"end":{"line":55,"column":60}},"21":{"start":{"line":56,"column":8},"end":{"line":56,"column":45}},"22":{"start":{"line":60,"column":4},"end":{"line":66,"column":5}},"23":{"start":{"line":61,"column":20},"end":{"line":61,"column":51}},"24":{"start":{"line":62,"column":23},"end":{"line":62,"column":55}},"25":{"start":{"line":63,"column":28},"end":{"line":63,"column":49}},"26":{"start":{"line":64,"column":24},"end":{"line":64,"column":50}},"27":{"start":{"line":65,"column":6},"end":{"line":65,"column":39}},"28":{"start":{"line":67,"column":20},"end":{"line":67,"column":51}},"29":{"start":{"line":68,"column":4},"end":{"line":68,"column":27}},"30":{"start":{"line":71,"column":36},"end":{"line":77,"column":3}},"31":{"start":{"line":72,"column":25},"end":{"line":72,"column":40}},"32":{"start":{"line":73,"column":4},"end":{"line":73,"column":49}},"33":{"start":{"line":74,"column":4},"end":{"line":74,"column":51}},"34":{"start":{"line":75,"column":4},"end":{"line":75,"column":51}},"35":{"start":{"line":76,"column":4},"end":{"line":76,"column":42}},"36":{"start":{"line":79,"column":27},"end":{"line":99,"column":3}},"37":{"start":{"line":80,"column":4},"end":{"line":98,"column":5}},"38":{"start":{"line":81,"column":6},"end":{"line":95,"column":7}},"39":{"start":{"line":82,"column":8},"end":{"line":82,"column":38}},"40":{"start":{"line":83,"column":27},"end":{"line":83,"column":57}},"41":{"start":{"line":84,"column":26},"end":{"line":84,"column":59}},"42":{"start":{"line":85,"column":8},"end":{"line":94,"column":9}},"43":{"start":{"line":89,"column":10},"end":{"line":89,"column":42}},"44":{"start":{"line":90,"column":33},"end":{"line":90,"column":59}},"45":{"start":{"line":91,"column":10},"end":{"line":93,"column":12}},"46":{"start":{"line":92,"column":12},"end":{"line":92,"column":53}},"47":{"start":{"line":97,"column":6},"end":{"line":97,"column":49}},"48":{"start":{"line":101,"column":27},"end":{"line":113,"column":3}},"49":{"start":{"line":102,"column":23},"end":{"line":102,"column":53}},"50":{"start":{"line":103,"column":22},"end":{"line":103,"column":55}},"51":{"start":{"line":104,"column":4},"end":{"line":112,"column":5}},"52":{"start":{"line":105,"column":6},"end":{"line":105,"column":24}},"53":{"start":{"line":106,"column":6},"end":{"line":108,"column":7}},"54":{"start":{"line":107,"column":8},"end":{"line":107,"column":50}},"55":{"start":{"line":109,"column":6},"end":{"line":109,"column":28}},"56":{"start":{"line":111,"column":6},"end":{"line":111,"column":49}},"57":{"start":{"line":115,"column":2},"end":{"line":189,"column":4}},"58":{"start":{"line":129,"column":29},"end":{"line":129,"column":75}},"59":{"start":{"line":140,"column":12},"end":{"line":158,"column":24}},"60":{"start":{"line":142,"column":29},"end":{"line":142,"column":59}},"61":{"start":{"line":176,"column":29},"end":{"line":176,"column":59}},"62":{"start":{"line":181,"column":16},"end":{"line":181,"column":34}},"63":{"start":{"line":182,"column":16},"end":{"line":182,"column":37}},"64":{"start":{"line":192,"column":15},"end":{"line":235,"column":2}}},"fnMap":{"0":{"name":"(anonymous_0)","decl":{"start":{"line":31,"column":52},"end":{"line":31,"column":53}},"loc":{"start":{"line":31,"column":72},"end":{"line":190,"column":1}},"line":31},"1":{"name":"(anonymous_1)","decl":{"start":{"line":44,"column":26},"end":{"line":44,"column":27}},"loc":{"start":{"line":44,"column":38},"end":{"line":69,"column":3}},"line":44},"2":{"name":"(anonymous_2)","decl":{"start":{"line":71,"column":36},"end":{"line":71,"column":37}},"loc":{"start":{"line":71,"column":58},"end":{"line":77,"column":3}},"line":71},"3":{"name":"(anonymous_3)","decl":{"start":{"line":79,"column":27},"end":{"line":79,"column":28}},"loc":{"start":{"line":79,"column":39},"end":{"line":99,"column":3}},"line":79},"4":{"name":"(anonymous_4)","decl":{"start":{"line":91,"column":28},"end":{"line":91,"column":29}},"loc":{"start":{"line":92,"column":12},"end":{"line":92,"column":53}},"line":92},"5":{"name":"(anonymous_5)","decl":{"start":{"line":101,"column":27},"end":{"line":101,"column":28}},"loc":{"start":{"line":101,"column":51},"end":{"line":113,"column":3}},"line":101},"6":{"name":"(anonymous_6)","decl":{"start":{"line":129,"column":23},"end":{"line":129,"column":24}},"loc":{"start":{"line":129,"column":29},"end":{"line":129,"column":75}},"line":129},"7":{"name":"(anonymous_7)","decl":{"start":{"line":139,"column":43},"end":{"line":139,"column":44}},"loc":{"start":{"line":140,"column":12},"end":{"line":158,"column":24}},"line":140},"8":{"name":"(anonymous_8)","decl":{"start":{"line":142,"column":23},"end":{"line":142,"column":24}},"loc":{"start":{"line":142,"column":29},"end":{"line":142,"column":59}},"line":142},"9":{"name":"(anonymous_9)","decl":{"start":{"line":176,"column":23},"end":{"line":176,"column":24}},"loc":{"start":{"line":176,"column":29},"end":{"line":176,"column":59}},"line":176},"10":{"name":"(anonymous_10)","decl":{"start":{"line":180,"column":23},"end":{"line":180,"column":24}},"loc":{"start":{"line":180,"column":29},"end":{"line":183,"column":15}},"line":180}},"branchMap":{"0":{"loc":{"start":{"line":53,"column":6},"end":{"line":57,"column":7}},"type":"if","locations":[{"start":{"line":53,"column":6},"end":{"line":57,"column":7}},{"start":{},"end":{}}],"line":53},"1":{"loc":{"start":{"line":72,"column":25},"end":{"line":72,"column":40}},"type":"binary-expr","locations":[{"start":{"line":72,"column":25},"end":{"line":72,"column":30}},{"start":{"line":72,"column":34},"end":{"line":72,"column":40}}],"line":72},"2":{"loc":{"start":{"line":85,"column":8},"end":{"line":94,"column":9}},"type":"if","locations":[{"start":{"line":85,"column":8},"end":{"line":94,"column":9}},{"start":{},"end":{}}],"line":85},"3":{"loc":{"start":{"line":86,"column":10},"end":{"line":87,"column":48}},"type":"binary-expr","locations":[{"start":{"line":86,"column":10},"end":{"line":86,"column":44}},{"start":{"line":87,"column":10},"end":{"line":87,"column":48}}],"line":86},"4":{"loc":{"start":{"line":106,"column":6},"end":{"line":108,"column":7}},"type":"if","locations":[{"start":{"line":106,"column":6},"end":{"line":108,"column":7}},{"start":{},"end":{}}],"line":106},"5":{"loc":{"start":{"line":117,"column":7},"end":{"line":131,"column":7}},"type":"binary-expr","locations":[{"start":{"line":117,"column":7},"end":{"line":117,"column":18}},{"start":{"line":118,"column":8},"end":{"line":130,"column":10}}],"line":117},"6":{"loc":{"start":{"line":134,"column":11},"end":{"line":134,"column":26}},"type":"binary-expr","locations":[{"start":{"line":134,"column":11},"end":{"line":134,"column":16}},{"start":{"line":134,"column":20},"end":{"line":134,"column":26}}],"line":134},"7":{"loc":{"start":{"line":145,"column":16},"end":{"line":147,"column":38}},"type":"binary-expr","locations":[{"start":{"line":145,"column":16},"end":{"line":145,"column":45}},{"start":{"line":146,"column":18},"end":{"line":146,"column":27}},{"start":{"line":147,"column":18},"end":{"line":147,"column":38}}],"line":145}},"s":{"0":0,"1":0,"2":0,"3":0,"4":0,"5":0,"6":0,"7":0,"8":0,"9":0,"10":0,"11":0,"12":0,"13":0,"14":0,"15":0,"16":0,"17":0,"18":0,"19":0,"20":0,"21":0,"22":0,"23":0,"24":0,"25":0,"26":0,"27":0,"28":0,"29":0,"30":0,"31":0,"32":0,"33":0,"34":0,"35":0,"36":0,"37":0,"38":0,"39":0,"40":0,"41":0,"42":0,"43":0,"44":0,"45":0,"46":0,"47":0,"48":0,"49":0,"50":0,"51":0,"52":0,"53":0,"54":0,"55":0,"56":0,"57":0,"58":0,"59":0,"60":0,"61":0,"62":0,"63":0,"64":0},"f":{"0":0,"1":0,"2":0,"3":0,"4":0,"5":0,"6":0,"7":0,"8":0,"9":0,"10":0},"b":{"0":[0,0],"1":[0,0],"2":[0,0],"3":[0,0],"4":[0,0],"5":[0,0],"6":[0,0],"7":[0,0,0]}}
,"C:\\Users\\skyai\\BootCamp\\부캠갠플\\MyToonTalk\\src\\store\\configureStore.ts": {"path":"C:\\Users\\skyai\\BootCamp\\부캠갠플\\MyToonTalk\\src\\store\\configureStore.ts","statementMap":{"0":{"start":{"line":6,"column":21},"end":{"line":14,"column":2}},"1":{"start":{"line":12,"column":4},"end":{"line":12,"column":54}}},"fnMap":{"0":{"name":"(anonymous_0)","decl":{"start":{"line":11,"column":14},"end":{"line":11,"column":15}},"loc":{"start":{"line":12,"column":4},"end":{"line":12,"column":54}},"line":12}},"branchMap":{},"s":{"0":1,"1":1},"f":{"0":1},"b":{},"_coverageSchema":"1a1c01bbd47fc00a2c39e90264f33305004495a9","hash":"76c5564ccb04c2c85931e6e439612d8803e75647"}
,"C:\\Users\\skyai\\BootCamp\\부캠갠플\\MyToonTalk\\src\\store\\feature\\audioSlice.ts": {"path":"C:\\Users\\skyai\\BootCamp\\부캠갠플\\MyToonTalk\\src\\store\\feature\\audioSlice.ts","statementMap":{"0":{"start":{"line":7,"column":41},"end":{"line":22,"column":1}},"1":{"start":{"line":24,"column":26},"end":{"line":55,"column":2}},"2":{"start":{"line":35,"column":49},"end":{"line":35,"column":63}},"3":{"start":{"line":36,"column":6},"end":{"line":36,"column":60}},"4":{"start":{"line":39,"column":6},"end":{"line":52,"column":8}},"5":{"start":{"line":57,"column":57},"end":{"line":57,"column":75}},"6":{"start":{"line":59,"column":31},"end":{"line":59,"column":69}},"7":{"start":{"line":59,"column":53},"end":{"line":59,"column":69}}},"fnMap":{"0":{"name":"(anonymous_0)","decl":{"start":{"line":28,"column":23},"end":{"line":28,"column":24}},"loc":{"start":{"line":34,"column":9},"end":{"line":37,"column":5}},"line":34},"1":{"name":"(anonymous_1)","decl":{"start":{"line":38,"column":24},"end":{"line":38,"column":25}},"loc":{"start":{"line":38,"column":35},"end":{"line":53,"column":5}},"line":38},"2":{"name":"(anonymous_2)","decl":{"start":{"line":59,"column":31},"end":{"line":59,"column":32}},"loc":{"start":{"line":59,"column":53},"end":{"line":59,"column":69}},"line":59}},"branchMap":{},"s":{"0":1,"1":1,"2":0,"3":0,"4":0,"5":1,"6":1,"7":0},"f":{"0":0,"1":0,"2":0},"b":{},"_coverageSchema":"1a1c01bbd47fc00a2c39e90264f33305004495a9","hash":"3dd285290b7d6039a40b7448bebdd277441e6e48"}
,"C:\\Users\\skyai\\BootCamp\\부캠갠플\\MyToonTalk\\src\\store\\feature\\drawingBoardSlice.ts": {"path":"C:\\Users\\skyai\\BootCamp\\부캠갠플\\MyToonTalk\\src\\store\\feature\\drawingBoardSlice.ts","statementMap":{"0":{"start":{"line":7,"column":39},"end":{"line":42,"column":1}},"1":{"start":{"line":44,"column":33},"end":{"line":149,"column":2}},"2":{"start":{"line":49,"column":6},"end":{"line":49,"column":39}},"3":{"start":{"line":52,"column":6},"end":{"line":52,"column":39}},"4":{"start":{"line":55,"column":6},"end":{"line":55,"column":42}},"5":{"start":{"line":58,"column":6},"end":{"line":58,"column":35}},"6":{"start":{"line":61,"column":6},"end":{"line":61,"column":41}},"7":{"start":{"line":64,"column":6},"end":{"line":64,"column":41}},"8":{"start":{"line":70,"column":37},"end":{"line":70,"column":51}},"9":{"start":{"line":71,"column":6},"end":{"line":71,"column":50}},"10":{"start":{"line":77,"column":42},"end":{"line":77,"column":56}},"11":{"start":{"line":78,"column":6},"end":{"line":78,"column":54}},"12":{"start":{"line":88,"column":51},"end":{"line":88,"column":65}},"13":{"start":{"line":89,"column":6},"end":{"line":89,"column":54}},"14":{"start":{"line":90,"column":6},"end":{"line":93,"column":8}},"15":{"start":{"line":103,"column":51},"end":{"line":103,"column":65}},"16":{"start":{"line":104,"column":6},"end":{"line":107,"column":8}},"17":{"start":{"line":108,"column":6},"end":{"line":108,"column":51}},"18":{"start":{"line":111,"column":6},"end":{"line":111,"column":35}},"19":{"start":{"line":112,"column":6},"end":{"line":112,"column":28}},"20":{"start":{"line":113,"column":6},"end":{"line":113,"column":32}},"21":{"start":{"line":114,"column":6},"end":{"line":114,"column":26}},"22":{"start":{"line":115,"column":6},"end":{"line":115,"column":34}},"23":{"start":{"line":116,"column":6},"end":{"line":116,"column":29}},"24":{"start":{"line":117,"column":6},"end":{"line":138,"column":8}},"25":{"start":{"line":141,"column":6},"end":{"line":141,"column":39}},"26":{"start":{"line":144,"column":6},"end":{"line":146,"column":7}},"27":{"start":{"line":145,"column":8},"end":{"line":145,"column":63}},"28":{"start":{"line":165,"column":4},"end":{"line":165,"column":29}},"29":{"start":{"line":167,"column":30},"end":{"line":168,"column":30}},"30":{"start":{"line":168,"column":2},"end":{"line":168,"column":30}},"31":{"start":{"line":169,"column":30},"end":{"line":170,"column":30}},"32":{"start":{"line":170,"column":2},"end":{"line":170,"column":30}},"33":{"start":{"line":171,"column":33},"end":{"line":172,"column":33}},"34":{"start":{"line":172,"column":2},"end":{"line":172,"column":33}},"35":{"start":{"line":173,"column":33},"end":{"line":174,"column":33}},"36":{"start":{"line":174,"column":2},"end":{"line":174,"column":33}},"37":{"start":{"line":175,"column":27},"end":{"line":175,"column":73}},"38":{"start":{"line":175,"column":49},"end":{"line":175,"column":73}},"39":{"start":{"line":176,"column":33},"end":{"line":177,"column":32}},"40":{"start":{"line":177,"column":2},"end":{"line":177,"column":32}},"41":{"start":{"line":178,"column":33},"end":{"line":179,"column":32}},"42":{"start":{"line":179,"column":2},"end":{"line":179,"column":32}},"43":{"start":{"line":180,"column":31},"end":{"line":180,"column":76}},"44":{"start":{"line":180,"column":53},"end":{"line":180,"column":76}},"45":{"start":{"line":181,"column":31},"end":{"line":182,"column":30}},"46":{"start":{"line":182,"column":2},"end":{"line":182,"column":30}}},"fnMap":{"0":{"name":"(anonymous_0)","decl":{"start":{"line":48,"column":17},"end":{"line":48,"column":18}},"loc":{"start":{"line":48,"column":59},"end":{"line":50,"column":5}},"line":48},"1":{"name":"(anonymous_1)","decl":{"start":{"line":51,"column":17},"end":{"line":51,"column":18}},"loc":{"start":{"line":51,"column":59},"end":{"line":53,"column":5}},"line":51},"2":{"name":"(anonymous_2)","decl":{"start":{"line":54,"column":20},"end":{"line":54,"column":21}},"loc":{"start":{"line":54,"column":62},"end":{"line":56,"column":5}},"line":54},"3":{"name":"(anonymous_3)","decl":{"start":{"line":57,"column":14},"end":{"line":57,"column":15}},"loc":{"start":{"line":57,"column":56},"end":{"line":59,"column":5}},"line":57},"4":{"name":"(anonymous_4)","decl":{"start":{"line":60,"column":20},"end":{"line":60,"column":21}},"loc":{"start":{"line":60,"column":62},"end":{"line":62,"column":5}},"line":60},"5":{"name":"(anonymous_5)","decl":{"start":{"line":63,"column":20},"end":{"line":63,"column":21}},"loc":{"start":{"line":63,"column":62},"end":{"line":65,"column":5}},"line":63},"6":{"name":"(anonymous_6)","decl":{"start":{"line":66,"column":17},"end":{"line":66,"column":18}},"loc":{"start":{"line":69,"column":9},"end":{"line":72,"column":5}},"line":69},"7":{"name":"(anonymous_7)","decl":{"start":{"line":73,"column":23},"end":{"line":73,"column":24}},"loc":{"start":{"line":76,"column":9},"end":{"line":79,"column":5}},"line":76},"8":{"name":"(anonymous_8)","decl":{"start":{"line":80,"column":17},"end":{"line":80,"column":18}},"loc":{"start":{"line":87,"column":9},"end":{"line":94,"column":5}},"line":87},"9":{"name":"(anonymous_9)","decl":{"start":{"line":95,"column":17},"end":{"line":95,"column":18}},"loc":{"start":{"line":102,"column":9},"end":{"line":109,"column":5}},"line":102},"10":{"name":"(anonymous_10)","decl":{"start":{"line":110,"column":21},"end":{"line":110,"column":22}},"loc":{"start":{"line":110,"column":63},"end":{"line":139,"column":5}},"line":110},"11":{"name":"(anonymous_11)","decl":{"start":{"line":140,"column":18},"end":{"line":140,"column":19}},"loc":{"start":{"line":140,"column":74},"end":{"line":142,"column":5}},"line":140},"12":{"name":"(anonymous_12)","decl":{"start":{"line":143,"column":19},"end":{"line":143,"column":20}},"loc":{"start":{"line":143,"column":61},"end":{"line":147,"column":5}},"line":143},"13":{"name":"(anonymous_13)","decl":{"start":{"line":167,"column":30},"end":{"line":167,"column":31}},"loc":{"start":{"line":168,"column":2},"end":{"line":168,"column":30}},"line":168},"14":{"name":"(anonymous_14)","decl":{"start":{"line":169,"column":30},"end":{"line":169,"column":31}},"loc":{"start":{"line":170,"column":2},"end":{"line":170,"column":30}},"line":170},"15":{"name":"(anonymous_15)","decl":{"start":{"line":171,"column":33},"end":{"line":171,"column":34}},"loc":{"start":{"line":172,"column":2},"end":{"line":172,"column":33}},"line":172},"16":{"name":"(anonymous_16)","decl":{"start":{"line":173,"column":33},"end":{"line":173,"column":34}},"loc":{"start":{"line":174,"column":2},"end":{"line":174,"column":33}},"line":174},"17":{"name":"(anonymous_17)","decl":{"start":{"line":175,"column":27},"end":{"line":175,"column":28}},"loc":{"start":{"line":175,"column":49},"end":{"line":175,"column":73}},"line":175},"18":{"name":"(anonymous_18)","decl":{"start":{"line":176,"column":33},"end":{"line":176,"column":34}},"loc":{"start":{"line":177,"column":2},"end":{"line":177,"column":32}},"line":177},"19":{"name":"(anonymous_19)","decl":{"start":{"line":178,"column":33},"end":{"line":178,"column":34}},"loc":{"start":{"line":179,"column":2},"end":{"line":179,"column":32}},"line":179},"20":{"name":"(anonymous_20)","decl":{"start":{"line":180,"column":31},"end":{"line":180,"column":32}},"loc":{"start":{"line":180,"column":53},"end":{"line":180,"column":76}},"line":180},"21":{"name":"(anonymous_21)","decl":{"start":{"line":181,"column":31},"end":{"line":181,"column":32}},"loc":{"start":{"line":182,"column":2},"end":{"line":182,"column":30}},"line":182}},"branchMap":{"0":{"loc":{"start":{"line":144,"column":6},"end":{"line":146,"column":7}},"type":"if","locations":[{"start":{"line":144,"column":6},"end":{"line":146,"column":7}},{"start":{},"end":{}}],"line":144}},"s":{"0":1,"1":1,"2":0,"3":0,"4":0,"5":0,"6":0,"7":0,"8":0,"9":0,"10":0,"11":0,"12":0,"13":0,"14":0,"15":0,"16":0,"17":0,"18":0,"19":0,"20":0,"21":0,"22":0,"23":0,"24":0,"25":0,"26":0,"27":0,"28":1,"29":1,"30":0,"31":1,"32":0,"33":1,"34":0,"35":1,"36":0,"37":1,"38":0,"39":1,"40":0,"41":1,"42":0,"43":1,"44":0,"45":1,"46":0},"f":{"0":0,"1":0,"2":0,"3":0,"4":0,"5":0,"6":0,"7":0,"8":0,"9":0,"10":0,"11":0,"12":0,"13":0,"14":0,"15":0,"16":0,"17":0,"18":0,"19":0,"20":0,"21":0},"b":{"0":[0,0]},"_coverageSchema":"1a1c01bbd47fc00a2c39e90264f33305004495a9","hash":"940de8e8558982e81c3d690cc58d4fa48ab2b80c"}
,"C:\\Users\\skyai\\BootCamp\\부캠갠플\\MyToonTalk\\src\\types\\audioType.ts": {"path":"C:\\Users\\skyai\\BootCamp\\부캠갠플\\MyToonTalk\\src\\types\\audioType.ts","statementMap":{},"fnMap":{},"branchMap":{},"s":{},"f":{},"b":{}}
,"C:\\Users\\skyai\\BootCamp\\부캠갠플\\MyToonTalk\\src\\types\\drawingType.ts": {"path":"C:\\Users\\skyai\\BootCamp\\부캠갠플\\MyToonTalk\\src\\types\\drawingType.ts","statementMap":{},"fnMap":{},"branchMap":{},"s":{},"f":{},"b":{}}
,"C:\\Users\\skyai\\BootCamp\\부캠갠플\\MyToonTalk\\src\\types\\screensType.ts": {"path":"C:\\Users\\skyai\\BootCamp\\부캠갠플\\MyToonTalk\\src\\types\\screensType.ts","statementMap":{},"fnMap":{},"branchMap":{},"s":{},"f":{},"b":{}}
,"C:\\Users\\skyai\\BootCamp\\부캠갠플\\MyToonTalk\\src\\utils\\fileSystem.ts": {"path":"C:\\Users\\skyai\\BootCamp\\부캠갠플\\MyToonTalk\\src\\utils\\fileSystem.ts","statementMap":{"0":{"start":{"line":6,"column":36},"end":{"line":22,"column":1}},"1":{"start":{"line":7,"column":2},"end":{"line":21,"column":3}},"2":{"start":{"line":8,"column":19},"end":{"line":8,"column":68}},"3":{"start":{"line":9,"column":20},"end":{"line":9,"column":57}},"4":{"start":{"line":11,"column":4},"end":{"line":13,"column":5}},"5":{"start":{"line":12,"column":6},"end":{"line":12,"column":75}},"6":{"start":{"line":15,"column":21},"end":{"line":15,"column":42}},"7":{"start":{"line":16,"column":4},"end":{"line":18,"column":7}},"8":{"start":{"line":20,"column":4},"end":{"line":20,"column":29}},"9":{"start":{"line":24,"column":36},"end":{"line":54,"column":1}},"10":{"start":{"line":28,"column":2},"end":{"line":53,"column":3}},"11":{"start":{"line":29,"column":20},"end":{"line":29,"column":76}},"12":{"start":{"line":31,"column":4},"end":{"line":50,"column":5}},"13":{"start":{"line":32,"column":23},"end":{"line":32,"column":46}},"14":{"start":{"line":33,"column":23},"end":{"line":33,"column":62}},"15":{"start":{"line":34,"column":25},"end":{"line":34,"column":37}},"16":{"start":{"line":36,"column":6},"end":{"line":49,"column":7}},"17":{"start":{"line":37,"column":8},"end":{"line":39,"column":11}},"18":{"start":{"line":40,"column":8},"end":{"line":46,"column":10}},"19":{"start":{"line":48,"column":8},"end":{"line":48,"column":31}},"20":{"start":{"line":52,"column":4},"end":{"line":52,"column":33}},"21":{"start":{"line":56,"column":36},"end":{"line":81,"column":1}},"22":{"start":{"line":60,"column":2},"end":{"line":80,"column":3}},"23":{"start":{"line":61,"column":20},"end":{"line":61,"column":76}},"24":{"start":{"line":63,"column":4},"end":{"line":77,"column":5}},"25":{"start":{"line":64,"column":23},"end":{"line":64,"column":46}},"26":{"start":{"line":65,"column":23},"end":{"line":65,"column":62}},"27":{"start":{"line":66,"column":25},"end":{"line":66,"column":46}},"28":{"start":{"line":67,"column":24},"end":{"line":67,"column":62}},"29":{"start":{"line":69,"column":6},"end":{"line":76,"column":7}},"30":{"start":{"line":70,"column":8},"end":{"line":72,"column":11}},"31":{"start":{"line":73,"column":8},"end":{"line":73,"column":70}},"32":{"start":{"line":75,"column":8},"end":{"line":75,"column":31}},"33":{"start":{"line":79,"column":4},"end":{"line":79,"column":33}},"34":{"start":{"line":83,"column":31},"end":{"line":100,"column":1}},"35":{"start":{"line":87,"column":2},"end":{"line":99,"column":3}},"36":{"start":{"line":88,"column":26},"end":{"line":88,"column":70}},"37":{"start":{"line":89,"column":16},"end":{"line":89,"column":66}},"38":{"start":{"line":90,"column":20},"end":{"line":90,"column":41}},"39":{"start":{"line":91,"column":20},"end":{"line":91,"column":44}},"40":{"start":{"line":93,"column":4},"end":{"line":93,"column":64}},"41":{"start":{"line":94,"column":26},"end":{"line":94,"column":68}},"42":{"start":{"line":94,"column":54},"end":{"line":94,"column":67}},"43":{"start":{"line":96,"column":4},"end":{"line":96,"column":25}},"44":{"start":{"line":98,"column":4},"end":{"line":98,"column":29}}},"fnMap":{"0":{"name":"(anonymous_0)","decl":{"start":{"line":6,"column":36},"end":{"line":6,"column":37}},"loc":{"start":{"line":6,"column":73},"end":{"line":22,"column":1}},"line":6},"1":{"name":"(anonymous_1)","decl":{"start":{"line":24,"column":36},"end":{"line":24,"column":37}},"loc":{"start":{"line":27,"column":5},"end":{"line":54,"column":1}},"line":27},"2":{"name":"(anonymous_2)","decl":{"start":{"line":56,"column":36},"end":{"line":56,"column":37}},"loc":{"start":{"line":59,"column":5},"end":{"line":81,"column":1}},"line":59},"3":{"name":"(anonymous_3)","decl":{"start":{"line":83,"column":31},"end":{"line":83,"column":32}},"loc":{"start":{"line":86,"column":5},"end":{"line":100,"column":1}},"line":86},"4":{"name":"(anonymous_4)","decl":{"start":{"line":94,"column":44},"end":{"line":94,"column":45}},"loc":{"start":{"line":94,"column":54},"end":{"line":94,"column":67}},"line":94}},"branchMap":{"0":{"loc":{"start":{"line":11,"column":4},"end":{"line":13,"column":5}},"type":"if","locations":[{"start":{"line":11,"column":4},"end":{"line":13,"column":5}},{"start":{},"end":{}}],"line":11},"1":{"loc":{"start":{"line":36,"column":6},"end":{"line":49,"column":7}},"type":"if","locations":[{"start":{"line":36,"column":6},"end":{"line":49,"column":7}},{"start":{"line":47,"column":13},"end":{"line":49,"column":7}}],"line":36},"2":{"loc":{"start":{"line":69,"column":6},"end":{"line":76,"column":7}},"type":"if","locations":[{"start":{"line":69,"column":6},"end":{"line":76,"column":7}},{"start":{"line":74,"column":13},"end":{"line":76,"column":7}}],"line":69},"3":{"loc":{"start":{"line":90,"column":20},"end":{"line":90,"column":41}},"type":"binary-expr","locations":[{"start":{"line":90,"column":20},"end":{"line":90,"column":22}},{"start":{"line":90,"column":26},"end":{"line":90,"column":41}}],"line":90}},"s":{"0":0,"1":0,"2":0,"3":0,"4":0,"5":0,"6":0,"7":0,"8":0,"9":0,"10":0,"11":0,"12":0,"13":0,"14":0,"15":0,"16":0,"17":0,"18":0,"19":0,"20":0,"21":0,"22":0,"23":0,"24":0,"25":0,"26":0,"27":0,"28":0,"29":0,"30":0,"31":0,"32":0,"33":0,"34":0,"35":0,"36":0,"37":0,"38":0,"39":0,"40":0,"41":0,"42":0,"43":0,"44":0},"f":{"0":0,"1":0,"2":0,"3":0,"4":0},"b":{"0":[0,0],"1":[0,0],"2":[0,0],"3":[0,0]}}
}
