{"C:\\Users\\skyai\\OneDrive\\바탕 화면\\부캠갠플\\MyToonTalk\\.eslintrc.js": {"path":"C:\\Users\\skyai\\OneDrive\\바탕 화면\\부캠갠플\\MyToonTalk\\.eslintrc.js","statementMap":{"0":{"start":{"line":1,"column":0},"end":{"line":34,"column":2}}},"fnMap":{},"branchMap":{},"s":{"0":0},"f":{},"b":{}}
,"C:\\Users\\skyai\\OneDrive\\바탕 화면\\부캠갠플\\MyToonTalk\\App.js": {"path":"C:\\Users\\skyai\\OneDrive\\바탕 화면\\부캠갠플\\MyToonTalk\\App.js","statementMap":{"0":{"start":{"line":14,"column":14},"end":{"line":14,"column":42}},"1":{"start":{"line":17,"column":2},"end":{"line":47,"column":4}},"2":{"start":{"line":50,"column":15},"end":{"line":54,"column":2}}},"fnMap":{"0":{"name":"App","decl":{"start":{"line":16,"column":24},"end":{"line":16,"column":27}},"loc":{"start":{"line":16,"column":30},"end":{"line":48,"column":1}},"line":16}},"branchMap":{},"s":{"0":0,"1":0,"2":0},"f":{"0":0},"b":{}}
,"C:\\Users\\skyai\\OneDrive\\바탕 화면\\부캠갠플\\MyToonTalk\\src\\components\\Comic.js": {"path":"C:\\Users\\skyai\\OneDrive\\바탕 화면\\부캠갠플\\MyToonTalk\\src\\components\\Comic.js","statementMap":{"0":{"start":{"line":5,"column":2},"end":{"line":26,"column":4}},"1":{"start":{"line":10,"column":10},"end":{"line":12,"column":13}},"2":{"start":{"line":29,"column":15},"end":{"line":52,"column":2}}},"fnMap":{"0":{"name":"Comic","decl":{"start":{"line":4,"column":24},"end":{"line":4,"column":29}},"loc":{"start":{"line":4,"column":67},"end":{"line":27,"column":1}},"line":4},"1":{"name":"(anonymous_1)","decl":{"start":{"line":9,"column":17},"end":{"line":9,"column":18}},"loc":{"start":{"line":9,"column":23},"end":{"line":13,"column":9}},"line":9}},"branchMap":{},"s":{"0":0,"1":0,"2":0},"f":{"0":0,"1":0},"b":{}}
,"C:\\Users\\skyai\\OneDrive\\바탕 화면\\부캠갠플\\MyToonTalk\\src\\components\\DrawingBoard.js": {"path":"C:\\Users\\skyai\\OneDrive\\바탕 화면\\부캠갠플\\MyToonTalk\\src\\components\\DrawingBoard.js","statementMap":{"0":{"start":{"line":24,"column":22},"end":{"line":24,"column":52}},"1":{"start":{"line":25,"column":20},"end":{"line":25,"column":68}},"2":{"start":{"line":26,"column":28},"end":{"line":26,"column":47}},"3":{"start":{"line":27,"column":19},"end":{"line":27,"column":32}},"4":{"start":{"line":28,"column":22},"end":{"line":28,"column":52}},"5":{"start":{"line":29,"column":19},"end":{"line":29,"column":46}},"6":{"start":{"line":30,"column":19},"end":{"line":30,"column":46}},"7":{"start":{"line":31,"column":22},"end":{"line":31,"column":52}},"8":{"start":{"line":32,"column":22},"end":{"line":32,"column":52}},"9":{"start":{"line":34,"column":2},"end":{"line":36,"column":31}},"10":{"start":{"line":35,"column":4},"end":{"line":35,"column":24}},"11":{"start":{"line":38,"column":14},"end":{"line":66,"column":19}},"12":{"start":{"line":40,"column":23},"end":{"line":40,"column":33}},"13":{"start":{"line":42,"column":8},"end":{"line":44,"column":68}},"14":{"start":{"line":46,"column":6},"end":{"line":50,"column":8}},"15":{"start":{"line":52,"column":6},"end":{"line":52,"column":62}},"16":{"start":{"line":53,"column":6},"end":{"line":53,"column":25}},"17":{"start":{"line":56,"column":20},"end":{"line":56,"column":36}},"18":{"start":{"line":57,"column":23},"end":{"line":57,"column":33}},"19":{"start":{"line":58,"column":6},"end":{"line":61,"column":7}},"20":{"start":{"line":59,"column":8},"end":{"line":59,"column":57}},"21":{"start":{"line":60,"column":8},"end":{"line":60,"column":27}},"22":{"start":{"line":64,"column":6},"end":{"line":64,"column":52}},"23":{"start":{"line":68,"column":2},"end":{"line":86,"column":4}},"24":{"start":{"line":73,"column":12},"end":{"line":81,"column":14}},"25":{"start":{"line":89,"column":15},"end":{"line":96,"column":2}}},"fnMap":{"0":{"name":"DrawingBoard","decl":{"start":{"line":23,"column":24},"end":{"line":23,"column":36}},"loc":{"start":{"line":23,"column":52},"end":{"line":87,"column":1}},"line":23},"1":{"name":"(anonymous_1)","decl":{"start":{"line":34,"column":12},"end":{"line":34,"column":13}},"loc":{"start":{"line":34,"column":18},"end":{"line":36,"column":3}},"line":34},"2":{"name":"(anonymous_2)","decl":{"start":{"line":39,"column":13},"end":{"line":39,"column":14}},"loc":{"start":{"line":39,"column":20},"end":{"line":54,"column":5}},"line":39},"3":{"name":"(anonymous_3)","decl":{"start":{"line":55,"column":14},"end":{"line":55,"column":15}},"loc":{"start":{"line":55,"column":21},"end":{"line":62,"column":5}},"line":55},"4":{"name":"(anonymous_4)","decl":{"start":{"line":63,"column":11},"end":{"line":63,"column":12}},"loc":{"start":{"line":63,"column":17},"end":{"line":65,"column":5}},"line":63},"5":{"name":"(anonymous_5)","decl":{"start":{"line":72,"column":22},"end":{"line":72,"column":23}},"loc":{"start":{"line":73,"column":12},"end":{"line":81,"column":14}},"line":73}},"branchMap":{"0":{"loc":{"start":{"line":42,"column":8},"end":{"line":44,"column":68}},"type":"cond-expr","locations":[{"start":{"line":43,"column":12},"end":{"line":43,"column":62}},{"start":{"line":44,"column":12},"end":{"line":44,"column":68}}],"line":42},"1":{"loc":{"start":{"line":58,"column":6},"end":{"line":61,"column":7}},"type":"if","locations":[{"start":{"line":58,"column":6},"end":{"line":61,"column":7}},{"start":{},"end":{}}],"line":58}},"s":{"0":0,"1":0,"2":0,"3":0,"4":0,"5":0,"6":0,"7":0,"8":0,"9":0,"10":0,"11":0,"12":0,"13":0,"14":0,"15":0,"16":0,"17":0,"18":0,"19":0,"20":0,"21":0,"22":0,"23":0,"24":0,"25":0},"f":{"0":0,"1":0,"2":0,"3":0,"4":0,"5":0},"b":{"0":[0,0],"1":[0,0]}}
,"C:\\Users\\skyai\\OneDrive\\바탕 화면\\부캠갠플\\MyToonTalk\\src\\components\\Empty.js": {"path":"C:\\Users\\skyai\\OneDrive\\바탕 화면\\부캠갠플\\MyToonTalk\\src\\components\\Empty.js","statementMap":{"0":{"start":{"line":5,"column":2},"end":{"line":9,"column":4}},"1":{"start":{"line":12,"column":15},"end":{"line":22,"column":2}}},"fnMap":{"0":{"name":"Empty","decl":{"start":{"line":4,"column":24},"end":{"line":4,"column":29}},"loc":{"start":{"line":4,"column":32},"end":{"line":10,"column":1}},"line":4}},"branchMap":{},"s":{"0":0,"1":0},"f":{"0":0},"b":{}}
,"C:\\Users\\skyai\\OneDrive\\바탕 화면\\부캠갠플\\MyToonTalk\\src\\components\\Header.js": {"path":"C:\\Users\\skyai\\OneDrive\\바탕 화면\\부캠갠플\\MyToonTalk\\src\\components\\Header.js","statementMap":{"0":{"start":{"line":5,"column":2},"end":{"line":9,"column":4}},"1":{"start":{"line":12,"column":15},"end":{"line":24,"column":2}}},"fnMap":{"0":{"name":"Header","decl":{"start":{"line":4,"column":24},"end":{"line":4,"column":30}},"loc":{"start":{"line":4,"column":33},"end":{"line":10,"column":1}},"line":4}},"branchMap":{},"s":{"0":0,"1":0},"f":{"0":0},"b":{}}
,"C:\\Users\\skyai\\OneDrive\\바탕 화면\\부캠갠플\\MyToonTalk\\src\\components\\OpenComic.js": {"path":"C:\\Users\\skyai\\OneDrive\\바탕 화면\\부캠갠플\\MyToonTalk\\src\\components\\OpenComic.js","statementMap":{"0":{"start":{"line":14,"column":20},"end":{"line":14,"column":21}},"1":{"start":{"line":16,"column":2},"end":{"line":52,"column":4}},"2":{"start":{"line":26,"column":14},"end":{"line":33,"column":21}},"3":{"start":{"line":35,"column":36},"end":{"line":35,"column":54}},"4":{"start":{"line":55,"column":15},"end":{"line":68,"column":2}}},"fnMap":{"0":{"name":"OpenComic","decl":{"start":{"line":8,"column":24},"end":{"line":8,"column":33}},"loc":{"start":{"line":13,"column":3},"end":{"line":53,"column":1}},"line":13},"1":{"name":"(anonymous_1)","decl":{"start":{"line":25,"column":24},"end":{"line":25,"column":25}},"loc":{"start":{"line":26,"column":14},"end":{"line":33,"column":21}},"line":26},"2":{"name":"(anonymous_2)","decl":{"start":{"line":35,"column":26},"end":{"line":35,"column":27}},"loc":{"start":{"line":35,"column":36},"end":{"line":35,"column":54}},"line":35}},"branchMap":{"0":{"loc":{"start":{"line":19,"column":9},"end":{"line":37,"column":9}},"type":"cond-expr","locations":[{"start":{"line":20,"column":10},"end":{"line":20,"column":19}},{"start":{"line":22,"column":10},"end":{"line":36,"column":12}}],"line":19}},"s":{"0":0,"1":0,"2":0,"3":0,"4":0},"f":{"0":0,"1":0,"2":0},"b":{"0":[0,0]}}
,"C:\\Users\\skyai\\OneDrive\\바탕 화면\\부캠갠플\\MyToonTalk\\src\\components\\WorkingTool.js": {"path":"C:\\Users\\skyai\\OneDrive\\바탕 화면\\부캠갠플\\MyToonTalk\\src\\components\\WorkingTool.js","statementMap":{"0":{"start":{"line":19,"column":19},"end":{"line":19,"column":32}},"1":{"start":{"line":20,"column":19},"end":{"line":20,"column":46}},"2":{"start":{"line":21,"column":22},"end":{"line":21,"column":52}},"3":{"start":{"line":22,"column":21},"end":{"line":22,"column":72}},"4":{"start":{"line":23,"column":27},"end":{"line":23,"column":60}},"5":{"start":{"line":24,"column":22},"end":{"line":24,"column":52}},"6":{"start":{"line":25,"column":20},"end":{"line":25,"column":68}},"7":{"start":{"line":26,"column":20},"end":{"line":26,"column":65}},"8":{"start":{"line":28,"column":23},"end":{"line":35,"column":3}},"9":{"start":{"line":29,"column":4},"end":{"line":34,"column":5}},"10":{"start":{"line":30,"column":23},"end":{"line":30,"column":54}},"11":{"start":{"line":31,"column":24},"end":{"line":31,"column":64}},"12":{"start":{"line":33,"column":6},"end":{"line":33,"column":66}},"13":{"start":{"line":37,"column":23},"end":{"line":44,"column":3}},"14":{"start":{"line":38,"column":4},"end":{"line":43,"column":5}},"15":{"start":{"line":39,"column":23},"end":{"line":39,"column":54}},"16":{"start":{"line":40,"column":24},"end":{"line":40,"column":64}},"17":{"start":{"line":42,"column":6},"end":{"line":42,"column":66}},"18":{"start":{"line":46,"column":2},"end":{"line":169,"column":4}},"19":{"start":{"line":52,"column":12},"end":{"line":52,"column":34}},"20":{"start":{"line":53,"column":12},"end":{"line":53,"column":44}},"21":{"start":{"line":56,"column":12},"end":{"line":56,"column":26}},"22":{"start":{"line":57,"column":12},"end":{"line":57,"column":34}},"23":{"start":{"line":58,"column":12},"end":{"line":58,"column":44}},"24":{"start":{"line":71,"column":12},"end":{"line":71,"column":26}},"25":{"start":{"line":72,"column":12},"end":{"line":72,"column":44}},"26":{"start":{"line":73,"column":12},"end":{"line":73,"column":34}},"27":{"start":{"line":89,"column":12},"end":{"line":89,"column":26}},"28":{"start":{"line":90,"column":12},"end":{"line":90,"column":33}},"29":{"start":{"line":91,"column":12},"end":{"line":91,"column":45}},"30":{"start":{"line":106,"column":12},"end":{"line":106,"column":34}},"31":{"start":{"line":107,"column":12},"end":{"line":107,"column":47}},"32":{"start":{"line":110,"column":12},"end":{"line":110,"column":26}},"33":{"start":{"line":111,"column":12},"end":{"line":111,"column":34}},"34":{"start":{"line":112,"column":12},"end":{"line":112,"column":47}},"35":{"start":{"line":127,"column":12},"end":{"line":127,"column":68}},"36":{"start":{"line":127,"column":34},"end":{"line":127,"column":68}},"37":{"start":{"line":128,"column":12},"end":{"line":128,"column":56}},"38":{"start":{"line":129,"column":12},"end":{"line":133,"column":15}},"39":{"start":{"line":130,"column":14},"end":{"line":132,"column":15}},"40":{"start":{"line":131,"column":16},"end":{"line":131,"column":48}},"41":{"start":{"line":153,"column":12},"end":{"line":153,"column":26}},"42":{"start":{"line":154,"column":12},"end":{"line":154,"column":33}},"43":{"start":{"line":155,"column":12},"end":{"line":155,"column":50}},"44":{"start":{"line":172,"column":15},"end":{"line":188,"column":2}},"45":{"start":{"line":190,"column":19},"end":{"line":200,"column":4}},"46":{"start":{"line":191,"column":2},"end":{"line":200,"column":4}}},"fnMap":{"0":{"name":"WorkingTool","decl":{"start":{"line":18,"column":24},"end":{"line":18,"column":35}},"loc":{"start":{"line":18,"column":67},"end":{"line":170,"column":1}},"line":18},"1":{"name":"(anonymous_1)","decl":{"start":{"line":28,"column":23},"end":{"line":28,"column":24}},"loc":{"start":{"line":28,"column":29},"end":{"line":35,"column":3}},"line":28},"2":{"name":"(anonymous_2)","decl":{"start":{"line":37,"column":23},"end":{"line":37,"column":24}},"loc":{"start":{"line":37,"column":29},"end":{"line":44,"column":3}},"line":37},"3":{"name":"(anonymous_3)","decl":{"start":{"line":51,"column":19},"end":{"line":51,"column":20}},"loc":{"start":{"line":51,"column":25},"end":{"line":54,"column":11}},"line":51},"4":{"name":"(anonymous_4)","decl":{"start":{"line":55,"column":23},"end":{"line":55,"column":24}},"loc":{"start":{"line":55,"column":29},"end":{"line":59,"column":11}},"line":55},"5":{"name":"(anonymous_5)","decl":{"start":{"line":70,"column":19},"end":{"line":70,"column":20}},"loc":{"start":{"line":70,"column":25},"end":{"line":74,"column":11}},"line":70},"6":{"name":"(anonymous_6)","decl":{"start":{"line":88,"column":19},"end":{"line":88,"column":20}},"loc":{"start":{"line":88,"column":25},"end":{"line":92,"column":11}},"line":88},"7":{"name":"(anonymous_7)","decl":{"start":{"line":105,"column":19},"end":{"line":105,"column":20}},"loc":{"start":{"line":105,"column":25},"end":{"line":108,"column":11}},"line":105},"8":{"name":"(anonymous_8)","decl":{"start":{"line":109,"column":23},"end":{"line":109,"column":24}},"loc":{"start":{"line":109,"column":29},"end":{"line":113,"column":11}},"line":109},"9":{"name":"(anonymous_9)","decl":{"start":{"line":126,"column":19},"end":{"line":126,"column":20}},"loc":{"start":{"line":126,"column":31},"end":{"line":134,"column":11}},"line":126},"10":{"name":"(anonymous_10)","decl":{"start":{"line":129,"column":62},"end":{"line":129,"column":63}},"loc":{"start":{"line":129,"column":74},"end":{"line":133,"column":13}},"line":129},"11":{"name":"(anonymous_11)","decl":{"start":{"line":152,"column":19},"end":{"line":152,"column":20}},"loc":{"start":{"line":152,"column":25},"end":{"line":156,"column":11}},"line":152},"12":{"name":"(anonymous_12)","decl":{"start":{"line":190,"column":19},"end":{"line":190,"column":20}},"loc":{"start":{"line":191,"column":2},"end":{"line":200,"column":4}},"line":191}},"branchMap":{"0":{"loc":{"start":{"line":29,"column":4},"end":{"line":34,"column":5}},"type":"if","locations":[{"start":{"line":29,"column":4},"end":{"line":34,"column":5}},{"start":{},"end":{}}],"line":29},"1":{"loc":{"start":{"line":38,"column":4},"end":{"line":43,"column":5}},"type":"if","locations":[{"start":{"line":38,"column":4},"end":{"line":43,"column":5}},{"start":{},"end":{}}],"line":38},"2":{"loc":{"start":{"line":64,"column":20},"end":{"line":64,"column":77}},"type":"cond-expr","locations":[{"start":{"line":64,"column":44},"end":{"line":64,"column":57}},{"start":{"line":64,"column":60},"end":{"line":64,"column":77}}],"line":64},"3":{"loc":{"start":{"line":97,"column":20},"end":{"line":97,"column":79}},"type":"cond-expr","locations":[{"start":{"line":97,"column":45},"end":{"line":97,"column":59}},{"start":{"line":97,"column":62},"end":{"line":97,"column":79}}],"line":97},"4":{"loc":{"start":{"line":119,"column":16},"end":{"line":119,"column":79}},"type":"cond-expr","locations":[{"start":{"line":119,"column":43},"end":{"line":119,"column":59}},{"start":{"line":119,"column":62},"end":{"line":119,"column":79}}],"line":119},"5":{"loc":{"start":{"line":127,"column":12},"end":{"line":127,"column":68}},"type":"if","locations":[{"start":{"line":127,"column":12},"end":{"line":127,"column":68}},{"start":{},"end":{}}],"line":127},"6":{"loc":{"start":{"line":130,"column":14},"end":{"line":132,"column":15}},"type":"if","locations":[{"start":{"line":130,"column":14},"end":{"line":132,"column":15}},{"start":{},"end":{}}],"line":130},"7":{"loc":{"start":{"line":140,"column":16},"end":{"line":140,"column":77}},"type":"cond-expr","locations":[{"start":{"line":140,"column":42},"end":{"line":140,"column":57}},{"start":{"line":140,"column":60},"end":{"line":140,"column":77}}],"line":140},"8":{"loc":{"start":{"line":162,"column":16},"end":{"line":162,"column":80}},"type":"cond-expr","locations":[{"start":{"line":162,"column":46},"end":{"line":162,"column":60}},{"start":{"line":162,"column":63},"end":{"line":162,"column":80}}],"line":162}},"s":{"0":0,"1":0,"2":0,"3":0,"4":0,"5":0,"6":0,"7":0,"8":0,"9":0,"10":0,"11":0,"12":0,"13":0,"14":0,"15":0,"16":0,"17":0,"18":0,"19":0,"20":0,"21":0,"22":0,"23":0,"24":0,"25":0,"26":0,"27":0,"28":0,"29":0,"30":0,"31":0,"32":0,"33":0,"34":0,"35":0,"36":0,"37":0,"38":0,"39":0,"40":0,"41":0,"42":0,"43":0,"44":0,"45":0,"46":0},"f":{"0":0,"1":0,"2":0,"3":0,"4":0,"5":0,"6":0,"7":0,"8":0,"9":0,"10":0,"11":0,"12":0},"b":{"0":[0,0],"1":[0,0],"2":[0,0],"3":[0,0],"4":[0,0],"5":[0,0],"6":[0,0],"7":[0,0],"8":[0,0]}}
,"C:\\Users\\skyai\\OneDrive\\바탕 화면\\부캠갠플\\MyToonTalk\\src\\components\\buttons\\AudioButton.js": {"path":"C:\\Users\\skyai\\OneDrive\\바탕 화면\\부캠갠플\\MyToonTalk\\src\\components\\buttons\\AudioButton.js","statementMap":{"0":{"start":{"line":5,"column":2},"end":{"line":11,"column":4}},"1":{"start":{"line":14,"column":15},"end":{"line":29,"column":2}}},"fnMap":{"0":{"name":"AudioButton","decl":{"start":{"line":4,"column":24},"end":{"line":4,"column":35}},"loc":{"start":{"line":4,"column":56},"end":{"line":12,"column":1}},"line":4}},"branchMap":{},"s":{"0":1,"1":1},"f":{"0":1},"b":{},"_coverageSchema":"1a1c01bbd47fc00a2c39e90264f33305004495a9","hash":"b456d4f5cf05e51dca6a6bf2bff9c0d0f41afc70"}
,"C:\\Users\\skyai\\OneDrive\\바탕 화면\\부캠갠플\\MyToonTalk\\src\\components\\buttons\\ControlButton.js": {"path":"C:\\Users\\skyai\\OneDrive\\바탕 화면\\부캠갠플\\MyToonTalk\\src\\components\\buttons\\ControlButton.js","statementMap":{"0":{"start":{"line":5,"column":2},"end":{"line":19,"column":4}},"1":{"start":{"line":9,"column":8},"end":{"line":9,"column":18}},"2":{"start":{"line":10,"column":8},"end":{"line":12,"column":9}},"3":{"start":{"line":11,"column":10},"end":{"line":11,"column":30}},"4":{"start":{"line":22,"column":15},"end":{"line":41,"column":2}}},"fnMap":{"0":{"name":"ControlButton","decl":{"start":{"line":4,"column":24},"end":{"line":4,"column":37}},"loc":{"start":{"line":4,"column":72},"end":{"line":20,"column":1}},"line":4},"1":{"name":"(anonymous_1)","decl":{"start":{"line":8,"column":15},"end":{"line":8,"column":16}},"loc":{"start":{"line":8,"column":21},"end":{"line":13,"column":7}},"line":8}},"branchMap":{"0":{"loc":{"start":{"line":10,"column":8},"end":{"line":12,"column":9}},"type":"if","locations":[{"start":{"line":10,"column":8},"end":{"line":12,"column":9}},{"start":{},"end":{}}],"line":10}},"s":{"0":2,"1":2,"2":2,"3":1,"4":1},"f":{"0":2,"1":2},"b":{"0":[1,1]},"_coverageSchema":"1a1c01bbd47fc00a2c39e90264f33305004495a9","hash":"bb92a5d6c6ff221ca5694f0087739c45532aea97"}
,"C:\\Users\\skyai\\OneDrive\\바탕 화면\\부캠갠플\\MyToonTalk\\src\\components\\modals\\CircleListModal.js": {"path":"C:\\Users\\skyai\\OneDrive\\바탕 화면\\부캠갠플\\MyToonTalk\\src\\components\\modals\\CircleListModal.js","statementMap":{"0":{"start":{"line":27,"column":19},"end":{"line":27,"column":32}},"1":{"start":{"line":28,"column":42},"end":{"line":28,"column":56}},"2":{"start":{"line":29,"column":22},"end":{"line":29,"column":52}},"3":{"start":{"line":30,"column":21},"end":{"line":30,"column":72}},"4":{"start":{"line":32,"column":26},"end":{"line":40,"column":3}},"5":{"start":{"line":33,"column":4},"end":{"line":33,"column":24}},"6":{"start":{"line":34,"column":4},"end":{"line":34,"column":27}},"7":{"start":{"line":35,"column":4},"end":{"line":39,"column":7}},"8":{"start":{"line":36,"column":6},"end":{"line":38,"column":7}},"9":{"start":{"line":37,"column":8},"end":{"line":37,"column":30}},"10":{"start":{"line":42,"column":2},"end":{"line":97,"column":4}},"11":{"start":{"line":48,"column":8},"end":{"line":48,"column":31}},"12":{"start":{"line":49,"column":8},"end":{"line":49,"column":40}},"13":{"start":{"line":59,"column":14},"end":{"line":59,"column":36}},"14":{"start":{"line":60,"column":14},"end":{"line":60,"column":46}},"15":{"start":{"line":72,"column":16},"end":{"line":88,"column":23}},"16":{"start":{"line":86,"column":35},"end":{"line":86,"column":69}},"17":{"start":{"line":91,"column":54},"end":{"line":91,"column":70}},"18":{"start":{"line":100,"column":15},"end":{"line":151,"column":2}}},"fnMap":{"0":{"name":"CircleListModal","decl":{"start":{"line":22,"column":24},"end":{"line":22,"column":39}},"loc":{"start":{"line":26,"column":3},"end":{"line":98,"column":1}},"line":26},"1":{"name":"(anonymous_1)","decl":{"start":{"line":32,"column":26},"end":{"line":32,"column":27}},"loc":{"start":{"line":32,"column":44},"end":{"line":40,"column":3}},"line":32},"2":{"name":"(anonymous_2)","decl":{"start":{"line":35,"column":36},"end":{"line":35,"column":37}},"loc":{"start":{"line":35,"column":48},"end":{"line":39,"column":5}},"line":35},"3":{"name":"(anonymous_3)","decl":{"start":{"line":47,"column":22},"end":{"line":47,"column":23}},"loc":{"start":{"line":47,"column":34},"end":{"line":50,"column":7}},"line":47},"4":{"name":"(anonymous_4)","decl":{"start":{"line":58,"column":21},"end":{"line":58,"column":22}},"loc":{"start":{"line":58,"column":27},"end":{"line":61,"column":13}},"line":58},"5":{"name":"(anonymous_5)","decl":{"start":{"line":71,"column":26},"end":{"line":71,"column":27}},"loc":{"start":{"line":72,"column":16},"end":{"line":88,"column":23}},"line":72},"6":{"name":"(anonymous_6)","decl":{"start":{"line":86,"column":29},"end":{"line":86,"column":30}},"loc":{"start":{"line":86,"column":35},"end":{"line":86,"column":69}},"line":86},"7":{"name":"(anonymous_7)","decl":{"start":{"line":91,"column":28},"end":{"line":91,"column":29}},"loc":{"start":{"line":91,"column":54},"end":{"line":91,"column":70}},"line":91}},"branchMap":{"0":{"loc":{"start":{"line":36,"column":6},"end":{"line":38,"column":7}},"type":"if","locations":[{"start":{"line":36,"column":6},"end":{"line":38,"column":7}},{"start":{},"end":{}}],"line":36},"1":{"loc":{"start":{"line":74,"column":33},"end":{"line":74,"column":63}},"type":"cond-expr","locations":[{"start":{"line":74,"column":58},"end":{"line":74,"column":59}},{"start":{"line":74,"column":62},"end":{"line":74,"column":63}}],"line":74},"2":{"loc":{"start":{"line":76,"column":33},"end":{"line":76,"column":74}},"type":"cond-expr","locations":[{"start":{"line":76,"column":58},"end":{"line":76,"column":67}},{"start":{"line":76,"column":70},"end":{"line":76,"column":74}}],"line":76}},"s":{"0":0,"1":0,"2":0,"3":0,"4":0,"5":0,"6":0,"7":0,"8":0,"9":0,"10":0,"11":0,"12":0,"13":0,"14":0,"15":0,"16":0,"17":0,"18":0},"f":{"0":0,"1":0,"2":0,"3":0,"4":0,"5":0,"6":0,"7":0},"b":{"0":[0,0],"1":[0,0],"2":[0,0]}}
,"C:\\Users\\skyai\\OneDrive\\바탕 화면\\부캠갠플\\MyToonTalk\\src\\components\\modals\\ColorListModal.js": {"path":"C:\\Users\\skyai\\OneDrive\\바탕 화면\\부캠갠플\\MyToonTalk\\src\\components\\modals\\ColorListModal.js","statementMap":{"0":{"start":{"line":17,"column":19},"end":{"line":17,"column":32}},"1":{"start":{"line":18,"column":2},"end":{"line":55,"column":4}},"2":{"start":{"line":24,"column":8},"end":{"line":24,"column":31}},"3":{"start":{"line":25,"column":8},"end":{"line":25,"column":37}},"4":{"start":{"line":28,"column":47},"end":{"line":28,"column":68}},"5":{"start":{"line":36,"column":14},"end":{"line":47,"column":16}},"6":{"start":{"line":44,"column":18},"end":{"line":44,"column":46}},"7":{"start":{"line":45,"column":18},"end":{"line":45,"column":40}},"8":{"start":{"line":50,"column":43},"end":{"line":50,"column":59}},"9":{"start":{"line":58,"column":15},"end":{"line":79,"column":2}}},"fnMap":{"0":{"name":"ColorListModal","decl":{"start":{"line":16,"column":24},"end":{"line":16,"column":38}},"loc":{"start":{"line":16,"column":72},"end":{"line":56,"column":1}},"line":16},"1":{"name":"(anonymous_1)","decl":{"start":{"line":23,"column":22},"end":{"line":23,"column":23}},"loc":{"start":{"line":23,"column":28},"end":{"line":26,"column":7}},"line":23},"2":{"name":"(anonymous_2)","decl":{"start":{"line":28,"column":41},"end":{"line":28,"column":42}},"loc":{"start":{"line":28,"column":47},"end":{"line":28,"column":68}},"line":28},"3":{"name":"(anonymous_3)","decl":{"start":{"line":35,"column":24},"end":{"line":35,"column":25}},"loc":{"start":{"line":36,"column":14},"end":{"line":47,"column":16}},"line":36},"4":{"name":"(anonymous_4)","decl":{"start":{"line":43,"column":25},"end":{"line":43,"column":26}},"loc":{"start":{"line":43,"column":31},"end":{"line":46,"column":17}},"line":43},"5":{"name":"(anonymous_5)","decl":{"start":{"line":50,"column":26},"end":{"line":50,"column":27}},"loc":{"start":{"line":50,"column":43},"end":{"line":50,"column":59}},"line":50}},"branchMap":{},"s":{"0":0,"1":0,"2":0,"3":0,"4":0,"5":0,"6":0,"7":0,"8":0,"9":0},"f":{"0":0,"1":0,"2":0,"3":0,"4":0,"5":0},"b":{}}
,"C:\\Users\\skyai\\OneDrive\\바탕 화면\\부캠갠플\\MyToonTalk\\src\\components\\modals\\GeneralModal.js": {"path":"C:\\Users\\skyai\\OneDrive\\바탕 화면\\부캠갠플\\MyToonTalk\\src\\components\\modals\\GeneralModal.js","statementMap":{"0":{"start":{"line":17,"column":19},"end":{"line":17,"column":32}},"1":{"start":{"line":19,"column":2},"end":{"line":60,"column":4}},"2":{"start":{"line":25,"column":8},"end":{"line":25,"column":31}},"3":{"start":{"line":26,"column":8},"end":{"line":26,"column":37}},"4":{"start":{"line":36,"column":14},"end":{"line":36,"column":36}},"5":{"start":{"line":37,"column":14},"end":{"line":37,"column":46}},"6":{"start":{"line":51,"column":14},"end":{"line":51,"column":43}},"7":{"start":{"line":52,"column":14},"end":{"line":52,"column":42}},"8":{"start":{"line":63,"column":15},"end":{"line":134,"column":2}}},"fnMap":{"0":{"name":"GeneralModal","decl":{"start":{"line":9,"column":24},"end":{"line":9,"column":36}},"loc":{"start":{"line":16,"column":3},"end":{"line":61,"column":1}},"line":16},"1":{"name":"(anonymous_1)","decl":{"start":{"line":24,"column":22},"end":{"line":24,"column":23}},"loc":{"start":{"line":24,"column":28},"end":{"line":27,"column":7}},"line":24},"2":{"name":"(anonymous_2)","decl":{"start":{"line":35,"column":21},"end":{"line":35,"column":22}},"loc":{"start":{"line":35,"column":27},"end":{"line":38,"column":13}},"line":35},"3":{"name":"(anonymous_3)","decl":{"start":{"line":50,"column":21},"end":{"line":50,"column":22}},"loc":{"start":{"line":50,"column":27},"end":{"line":53,"column":13}},"line":50}},"branchMap":{},"s":{"0":0,"1":0,"2":0,"3":0,"4":0,"5":0,"6":0,"7":0,"8":0},"f":{"0":0,"1":0,"2":0,"3":0},"b":{}}
,"C:\\Users\\skyai\\OneDrive\\바탕 화면\\부캠갠플\\MyToonTalk\\src\\components\\modals\\ManualModal.js": {"path":"C:\\Users\\skyai\\OneDrive\\바탕 화면\\부캠갠플\\MyToonTalk\\src\\components\\modals\\ManualModal.js","statementMap":{"0":{"start":{"line":20,"column":40},"end":{"line":20,"column":54}},"1":{"start":{"line":22,"column":2},"end":{"line":56,"column":4}},"2":{"start":{"line":28,"column":8},"end":{"line":28,"column":31}},"3":{"start":{"line":29,"column":8},"end":{"line":29,"column":40}},"4":{"start":{"line":39,"column":14},"end":{"line":39,"column":36}},"5":{"start":{"line":40,"column":14},"end":{"line":42,"column":15}},"6":{"start":{"line":41,"column":16},"end":{"line":41,"column":43}},"7":{"start":{"line":59,"column":15},"end":{"line":119,"column":2}}},"fnMap":{"0":{"name":"ManualModal","decl":{"start":{"line":14,"column":24},"end":{"line":14,"column":35}},"loc":{"start":{"line":19,"column":3},"end":{"line":57,"column":1}},"line":19},"1":{"name":"(anonymous_1)","decl":{"start":{"line":27,"column":22},"end":{"line":27,"column":23}},"loc":{"start":{"line":27,"column":28},"end":{"line":30,"column":7}},"line":27},"2":{"name":"(anonymous_2)","decl":{"start":{"line":38,"column":21},"end":{"line":38,"column":22}},"loc":{"start":{"line":38,"column":27},"end":{"line":43,"column":13}},"line":38}},"branchMap":{"0":{"loc":{"start":{"line":40,"column":14},"end":{"line":42,"column":15}},"type":"if","locations":[{"start":{"line":40,"column":14},"end":{"line":42,"column":15}},{"start":{},"end":{}}],"line":40}},"s":{"0":0,"1":0,"2":0,"3":0,"4":0,"5":0,"6":0,"7":0},"f":{"0":0,"1":0,"2":0},"b":{"0":[0,0]}}
,"C:\\Users\\skyai\\OneDrive\\바탕 화면\\부캠갠플\\MyToonTalk\\src\\components\\modals\\WidthModal.js": {"path":"C:\\Users\\skyai\\OneDrive\\바탕 화면\\부캠갠플\\MyToonTalk\\src\\components\\modals\\WidthModal.js","statementMap":{"0":{"start":{"line":21,"column":19},"end":{"line":21,"column":32}},"1":{"start":{"line":22,"column":22},"end":{"line":22,"column":52}},"2":{"start":{"line":23,"column":19},"end":{"line":23,"column":46}},"3":{"start":{"line":24,"column":22},"end":{"line":24,"column":52}},"4":{"start":{"line":25,"column":19},"end":{"line":25,"column":52}},"5":{"start":{"line":26,"column":22},"end":{"line":26,"column":56}},"6":{"start":{"line":27,"column":17},"end":{"line":27,"column":63}},"7":{"start":{"line":29,"column":2},"end":{"line":65,"column":4}},"8":{"start":{"line":35,"column":8},"end":{"line":35,"column":31}},"9":{"start":{"line":36,"column":8},"end":{"line":36,"column":37}},"10":{"start":{"line":39,"column":47},"end":{"line":39,"column":68}},"11":{"start":{"line":44,"column":10},"end":{"line":61,"column":22}},"12":{"start":{"line":47,"column":14},"end":{"line":49,"column":50}},"13":{"start":{"line":50,"column":14},"end":{"line":50,"column":36}},"14":{"start":{"line":68,"column":15},"end":{"line":97,"column":2}},"15":{"start":{"line":99,"column":22},"end":{"line":113,"column":4}},"16":{"start":{"line":100,"column":2},"end":{"line":113,"column":4}}},"fnMap":{"0":{"name":"WidthModal","decl":{"start":{"line":20,"column":24},"end":{"line":20,"column":34}},"loc":{"start":{"line":20,"column":68},"end":{"line":66,"column":1}},"line":20},"1":{"name":"(anonymous_1)","decl":{"start":{"line":34,"column":22},"end":{"line":34,"column":23}},"loc":{"start":{"line":34,"column":28},"end":{"line":37,"column":7}},"line":34},"2":{"name":"(anonymous_2)","decl":{"start":{"line":39,"column":41},"end":{"line":39,"column":42}},"loc":{"start":{"line":39,"column":47},"end":{"line":39,"column":68}},"line":39},"3":{"name":"(anonymous_3)","decl":{"start":{"line":43,"column":20},"end":{"line":43,"column":21}},"loc":{"start":{"line":44,"column":10},"end":{"line":61,"column":22}},"line":44},"4":{"name":"(anonymous_4)","decl":{"start":{"line":46,"column":21},"end":{"line":46,"column":22}},"loc":{"start":{"line":46,"column":27},"end":{"line":51,"column":13}},"line":46},"5":{"name":"(anonymous_5)","decl":{"start":{"line":99,"column":22},"end":{"line":99,"column":23}},"loc":{"start":{"line":100,"column":2},"end":{"line":113,"column":4}},"line":100}},"branchMap":{"0":{"loc":{"start":{"line":27,"column":17},"end":{"line":27,"column":63}},"type":"cond-expr","locations":[{"start":{"line":27,"column":41},"end":{"line":27,"column":49}},{"start":{"line":27,"column":52},"end":{"line":27,"column":63}}],"line":27},"1":{"loc":{"start":{"line":47,"column":14},"end":{"line":49,"column":49}},"type":"cond-expr","locations":[{"start":{"line":48,"column":18},"end":{"line":48,"column":46}},{"start":{"line":49,"column":18},"end":{"line":49,"column":49}}],"line":47},"2":{"loc":{"start":{"line":56,"column":16},"end":{"line":58,"column":60}},"type":"cond-expr","locations":[{"start":{"line":57,"column":20},"end":{"line":57,"column":54}},{"start":{"line":58,"column":20},"end":{"line":58,"column":60}}],"line":56}},"s":{"0":0,"1":0,"2":0,"3":0,"4":0,"5":0,"6":0,"7":0,"8":0,"9":0,"10":0,"11":0,"12":0,"13":0,"14":0,"15":0,"16":0},"f":{"0":0,"1":0,"2":0,"3":0,"4":0,"5":0},"b":{"0":[0,0],"1":[0,0],"2":[0,0]}}
,"C:\\Users\\skyai\\OneDrive\\바탕 화면\\부캠갠플\\MyToonTalk\\src\\constants\\color.js": {"path":"C:\\Users\\skyai\\OneDrive\\바탕 화면\\부캠갠플\\MyToonTalk\\src\\constants\\color.js","statementMap":{"0":{"start":{"line":1,"column":18},"end":{"line":140,"column":1}}},"fnMap":{},"branchMap":{},"s":{"0":0},"f":{},"b":{}}
,"C:\\Users\\skyai\\OneDrive\\바탕 화면\\부캠갠플\\MyToonTalk\\src\\constants\\icon.js": {"path":"C:\\Users\\skyai\\OneDrive\\바탕 화면\\부캠갠플\\MyToonTalk\\src\\constants\\icon.js","statementMap":{"0":{"start":{"line":1,"column":24},"end":{"line":28,"column":1}},"1":{"start":{"line":30,"column":25},"end":{"line":38,"column":1}}},"fnMap":{},"branchMap":{},"s":{"0":0,"1":0},"f":{},"b":{}}
,"C:\\Users\\skyai\\OneDrive\\바탕 화면\\부캠갠플\\MyToonTalk\\src\\screens\\ComicScreen.js": {"path":"C:\\Users\\skyai\\OneDrive\\바탕 화면\\부캠갠플\\MyToonTalk\\src\\screens\\ComicScreen.js","statementMap":{"0":{"start":{"line":11,"column":17},"end":{"line":11,"column":29}},"1":{"start":{"line":12,"column":17},"end":{"line":12,"column":66}},"2":{"start":{"line":13,"column":28},"end":{"line":13,"column":40}},"3":{"start":{"line":14,"column":30},"end":{"line":14,"column":42}},"4":{"start":{"line":15,"column":42},"end":{"line":15,"column":56}},"5":{"start":{"line":16,"column":36},"end":{"line":16,"column":51}},"6":{"start":{"line":17,"column":30},"end":{"line":17,"column":42}},"7":{"start":{"line":18,"column":24},"end":{"line":18,"column":36}},"8":{"start":{"line":20,"column":19},"end":{"line":39,"column":3}},"9":{"start":{"line":21,"column":4},"end":{"line":38,"column":5}},"10":{"start":{"line":22,"column":40},"end":{"line":25,"column":8}},"11":{"start":{"line":27,"column":24},"end":{"line":29,"column":15}},"12":{"start":{"line":28,"column":26},"end":{"line":28,"column":47}},"13":{"start":{"line":30,"column":24},"end":{"line":32,"column":15}},"14":{"start":{"line":31,"column":26},"end":{"line":31,"column":47}},"15":{"start":{"line":33,"column":6},"end":{"line":33,"column":29}},"16":{"start":{"line":34,"column":6},"end":{"line":34,"column":27}},"17":{"start":{"line":35,"column":6},"end":{"line":35,"column":27}},"18":{"start":{"line":37,"column":6},"end":{"line":37,"column":36}},"19":{"start":{"line":41,"column":2},"end":{"line":43,"column":9}},"20":{"start":{"line":42,"column":4},"end":{"line":42,"column":15}},"21":{"start":{"line":45,"column":27},"end":{"line":64,"column":14}},"22":{"start":{"line":46,"column":4},"end":{"line":63,"column":5}},"23":{"start":{"line":47,"column":25},"end":{"line":47,"column":41}},"24":{"start":{"line":48,"column":6},"end":{"line":48,"column":34}},"25":{"start":{"line":49,"column":6},"end":{"line":62,"column":7}},"26":{"start":{"line":50,"column":22},"end":{"line":50,"column":39}},"27":{"start":{"line":51,"column":8},"end":{"line":51,"column":73}},"28":{"start":{"line":52,"column":8},"end":{"line":52,"column":34}},"29":{"start":{"line":53,"column":23},"end":{"line":53,"column":51}},"30":{"start":{"line":54,"column":25},"end":{"line":54,"column":46}},"31":{"start":{"line":55,"column":8},"end":{"line":55,"column":27}},"32":{"start":{"line":56,"column":8},"end":{"line":60,"column":11}},"33":{"start":{"line":57,"column":10},"end":{"line":59,"column":11}},"34":{"start":{"line":58,"column":12},"end":{"line":58,"column":32}},"35":{"start":{"line":61,"column":8},"end":{"line":61,"column":76}},"36":{"start":{"line":61,"column":39},"end":{"line":61,"column":74}},"37":{"start":{"line":66,"column":27},"end":{"line":91,"column":3}},"38":{"start":{"line":68,"column":24},"end":{"line":68,"column":40}},"39":{"start":{"line":69,"column":6},"end":{"line":88,"column":7}},"40":{"start":{"line":70,"column":8},"end":{"line":72,"column":9}},"41":{"start":{"line":71,"column":10},"end":{"line":71,"column":50}},"42":{"start":{"line":73,"column":8},"end":{"line":84,"column":9}},"43":{"start":{"line":74,"column":24},"end":{"line":74,"column":41}},"44":{"start":{"line":75,"column":10},"end":{"line":75,"column":80}},"45":{"start":{"line":76,"column":10},"end":{"line":76,"column":36}},"46":{"start":{"line":77,"column":10},"end":{"line":77,"column":29}},"47":{"start":{"line":78,"column":10},"end":{"line":82,"column":13}},"48":{"start":{"line":79,"column":12},"end":{"line":81,"column":13}},"49":{"start":{"line":80,"column":14},"end":{"line":80,"column":34}},"50":{"start":{"line":83,"column":10},"end":{"line":83,"column":40}},"51":{"start":{"line":85,"column":8},"end":{"line":85,"column":30}},"52":{"start":{"line":87,"column":8},"end":{"line":87,"column":38}},"53":{"start":{"line":93,"column":2},"end":{"line":143,"column":4}},"54":{"start":{"line":103,"column":25},"end":{"line":103,"column":42}},"55":{"start":{"line":104,"column":12},"end":{"line":118,"column":14}},"56":{"start":{"line":107,"column":31},"end":{"line":107,"column":53}},"57":{"start":{"line":137,"column":29},"end":{"line":137,"column":56}},"58":{"start":{"line":146,"column":15},"end":{"line":189,"column":2}}},"fnMap":{"0":{"name":"ComicScreen","decl":{"start":{"line":10,"column":24},"end":{"line":10,"column":35}},"loc":{"start":{"line":10,"column":59},"end":{"line":144,"column":1}},"line":10},"1":{"name":"(anonymous_1)","decl":{"start":{"line":20,"column":19},"end":{"line":20,"column":20}},"loc":{"start":{"line":20,"column":31},"end":{"line":39,"column":3}},"line":20},"2":{"name":"(anonymous_2)","decl":{"start":{"line":28,"column":16},"end":{"line":28,"column":17}},"loc":{"start":{"line":28,"column":26},"end":{"line":28,"column":47}},"line":28},"3":{"name":"(anonymous_3)","decl":{"start":{"line":31,"column":16},"end":{"line":31,"column":17}},"loc":{"start":{"line":31,"column":26},"end":{"line":31,"column":47}},"line":31},"4":{"name":"(anonymous_4)","decl":{"start":{"line":41,"column":12},"end":{"line":41,"column":13}},"loc":{"start":{"line":41,"column":18},"end":{"line":43,"column":3}},"line":41},"5":{"name":"(anonymous_5)","decl":{"start":{"line":45,"column":39},"end":{"line":45,"column":40}},"loc":{"start":{"line":45,"column":51},"end":{"line":64,"column":3}},"line":45},"6":{"name":"(anonymous_6)","decl":{"start":{"line":56,"column":40},"end":{"line":56,"column":41}},"loc":{"start":{"line":56,"column":52},"end":{"line":60,"column":9}},"line":56},"7":{"name":"(anonymous_7)","decl":{"start":{"line":61,"column":26},"end":{"line":61,"column":27}},"loc":{"start":{"line":61,"column":39},"end":{"line":61,"column":74}},"line":61},"8":{"name":"(anonymous_8)","decl":{"start":{"line":67,"column":4},"end":{"line":67,"column":5}},"loc":{"start":{"line":67,"column":20},"end":{"line":89,"column":5}},"line":67},"9":{"name":"(anonymous_9)","decl":{"start":{"line":78,"column":42},"end":{"line":78,"column":43}},"loc":{"start":{"line":78,"column":54},"end":{"line":82,"column":11}},"line":78},"10":{"name":"(anonymous_10)","decl":{"start":{"line":102,"column":22},"end":{"line":102,"column":23}},"loc":{"start":{"line":102,"column":33},"end":{"line":119,"column":11}},"line":102},"11":{"name":"(anonymous_11)","decl":{"start":{"line":107,"column":25},"end":{"line":107,"column":26}},"loc":{"start":{"line":107,"column":31},"end":{"line":107,"column":53}},"line":107},"12":{"name":"(anonymous_12)","decl":{"start":{"line":137,"column":23},"end":{"line":137,"column":24}},"loc":{"start":{"line":137,"column":29},"end":{"line":137,"column":56}},"line":137}},"branchMap":{"0":{"loc":{"start":{"line":49,"column":6},"end":{"line":62,"column":7}},"type":"if","locations":[{"start":{"line":49,"column":6},"end":{"line":62,"column":7}},{"start":{},"end":{}}],"line":49},"1":{"loc":{"start":{"line":57,"column":10},"end":{"line":59,"column":11}},"type":"if","locations":[{"start":{"line":57,"column":10},"end":{"line":59,"column":11}},{"start":{},"end":{}}],"line":57},"2":{"loc":{"start":{"line":70,"column":8},"end":{"line":72,"column":9}},"type":"if","locations":[{"start":{"line":70,"column":8},"end":{"line":72,"column":9}},{"start":{},"end":{}}],"line":70},"3":{"loc":{"start":{"line":73,"column":8},"end":{"line":84,"column":9}},"type":"if","locations":[{"start":{"line":73,"column":8},"end":{"line":84,"column":9}},{"start":{},"end":{}}],"line":73},"4":{"loc":{"start":{"line":79,"column":12},"end":{"line":81,"column":13}},"type":"if","locations":[{"start":{"line":79,"column":12},"end":{"line":81,"column":13}},{"start":{},"end":{}}],"line":79},"5":{"loc":{"start":{"line":110,"column":18},"end":{"line":110,"column":76}},"type":"binary-expr","locations":[{"start":{"line":110,"column":18},"end":{"line":110,"column":39}},{"start":{"line":110,"column":43},"end":{"line":110,"column":52}},{"start":{"line":110,"column":56},"end":{"line":110,"column":76}}],"line":110}},"s":{"0":0,"1":0,"2":0,"3":0,"4":0,"5":0,"6":0,"7":0,"8":0,"9":0,"10":0,"11":0,"12":0,"13":0,"14":0,"15":0,"16":0,"17":0,"18":0,"19":0,"20":0,"21":0,"22":0,"23":0,"24":0,"25":0,"26":0,"27":0,"28":0,"29":0,"30":0,"31":0,"32":0,"33":0,"34":0,"35":0,"36":0,"37":0,"38":0,"39":0,"40":0,"41":0,"42":0,"43":0,"44":0,"45":0,"46":0,"47":0,"48":0,"49":0,"50":0,"51":0,"52":0,"53":0,"54":0,"55":0,"56":0,"57":0,"58":0},"f":{"0":0,"1":0,"2":0,"3":0,"4":0,"5":0,"6":0,"7":0,"8":0,"9":0,"10":0,"11":0,"12":0},"b":{"0":[0,0],"1":[0,0],"2":[0,0],"3":[0,0],"4":[0,0],"5":[0,0,0]}}
,"C:\\Users\\skyai\\OneDrive\\바탕 화면\\부캠갠플\\MyToonTalk\\src\\screens\\DrawingScreen.js": {"path":"C:\\Users\\skyai\\OneDrive\\바탕 화면\\부캠갠플\\MyToonTalk\\src\\screens\\DrawingScreen.js","statementMap":{"0":{"start":{"line":38,"column":19},"end":{"line":38,"column":32}},"1":{"start":{"line":39,"column":40},"end":{"line":39,"column":55}},"2":{"start":{"line":40,"column":42},"end":{"line":40,"column":56}},"3":{"start":{"line":41,"column":16},"end":{"line":41,"column":40}},"4":{"start":{"line":42,"column":28},"end":{"line":42,"column":43}},"5":{"start":{"line":43,"column":22},"end":{"line":43,"column":52}},"6":{"start":{"line":44,"column":36},"end":{"line":44,"column":50}},"7":{"start":{"line":45,"column":25},"end":{"line":45,"column":76}},"8":{"start":{"line":46,"column":20},"end":{"line":46,"column":34}},"9":{"start":{"line":48,"column":22},"end":{"line":50,"column":3}},"10":{"start":{"line":49,"column":4},"end":{"line":49,"column":25}},"11":{"start":{"line":52,"column":29},"end":{"line":54,"column":3}},"12":{"start":{"line":53,"column":4},"end":{"line":53,"column":27}},"13":{"start":{"line":56,"column":25},"end":{"line":77,"column":3}},"14":{"start":{"line":57,"column":4},"end":{"line":76,"column":5}},"15":{"start":{"line":58,"column":25},"end":{"line":58,"column":62}},"16":{"start":{"line":60,"column":6},"end":{"line":73,"column":7}},"17":{"start":{"line":61,"column":8},"end":{"line":64,"column":11}},"18":{"start":{"line":66,"column":30},"end":{"line":68,"column":9}},"19":{"start":{"line":70,"column":8},"end":{"line":70,"column":32}},"20":{"start":{"line":72,"column":8},"end":{"line":72,"column":48}},"21":{"start":{"line":75,"column":6},"end":{"line":75,"column":30}},"22":{"start":{"line":79,"column":24},"end":{"line":93,"column":3}},"23":{"start":{"line":80,"column":4},"end":{"line":80,"column":28}},"24":{"start":{"line":82,"column":4},"end":{"line":82,"column":41}},"25":{"start":{"line":84,"column":30},"end":{"line":84,"column":49}},"26":{"start":{"line":85,"column":30},"end":{"line":85,"column":73}},"27":{"start":{"line":86,"column":4},"end":{"line":90,"column":7}},"28":{"start":{"line":92,"column":4},"end":{"line":92,"column":68}},"29":{"start":{"line":95,"column":24},"end":{"line":101,"column":3}},"30":{"start":{"line":96,"column":18},"end":{"line":96,"column":56}},"31":{"start":{"line":97,"column":4},"end":{"line":100,"column":5}},"32":{"start":{"line":98,"column":25},"end":{"line":98,"column":47}},"33":{"start":{"line":99,"column":6},"end":{"line":99,"column":63}},"34":{"start":{"line":103,"column":2},"end":{"line":260,"column":4}},"35":{"start":{"line":159,"column":34},"end":{"line":159,"column":48}},"36":{"start":{"line":182,"column":14},"end":{"line":185,"column":15}},"37":{"start":{"line":183,"column":16},"end":{"line":183,"column":58}},"38":{"start":{"line":184,"column":16},"end":{"line":184,"column":32}},"39":{"start":{"line":223,"column":14},"end":{"line":226,"column":15}},"40":{"start":{"line":224,"column":16},"end":{"line":224,"column":58}},"41":{"start":{"line":225,"column":16},"end":{"line":225,"column":32}},"42":{"start":{"line":252,"column":14},"end":{"line":252,"column":40}},"43":{"start":{"line":253,"column":14},"end":{"line":253,"column":30}},"44":{"start":{"line":254,"column":14},"end":{"line":254,"column":45}},"45":{"start":{"line":263,"column":15},"end":{"line":305,"column":2}},"46":{"start":{"line":307,"column":19},"end":{"line":315,"column":4}},"47":{"start":{"line":308,"column":2},"end":{"line":315,"column":4}}},"fnMap":{"0":{"name":"DrawingScreen","decl":{"start":{"line":37,"column":24},"end":{"line":37,"column":37}},"loc":{"start":{"line":37,"column":54},"end":{"line":261,"column":1}},"line":37},"1":{"name":"(anonymous_1)","decl":{"start":{"line":48,"column":22},"end":{"line":48,"column":23}},"loc":{"start":{"line":48,"column":28},"end":{"line":50,"column":3}},"line":48},"2":{"name":"(anonymous_2)","decl":{"start":{"line":52,"column":29},"end":{"line":52,"column":30}},"loc":{"start":{"line":52,"column":40},"end":{"line":54,"column":3}},"line":52},"3":{"name":"(anonymous_3)","decl":{"start":{"line":56,"column":25},"end":{"line":56,"column":26}},"loc":{"start":{"line":56,"column":37},"end":{"line":77,"column":3}},"line":56},"4":{"name":"(anonymous_4)","decl":{"start":{"line":79,"column":24},"end":{"line":79,"column":25}},"loc":{"start":{"line":79,"column":36},"end":{"line":93,"column":3}},"line":79},"5":{"name":"(anonymous_5)","decl":{"start":{"line":95,"column":24},"end":{"line":95,"column":25}},"loc":{"start":{"line":95,"column":30},"end":{"line":101,"column":3}},"line":95},"6":{"name":"(anonymous_6)","decl":{"start":{"line":159,"column":24},"end":{"line":159,"column":25}},"loc":{"start":{"line":159,"column":34},"end":{"line":159,"column":48}},"line":159},"7":{"name":"(anonymous_7)","decl":{"start":{"line":181,"column":21},"end":{"line":181,"column":22}},"loc":{"start":{"line":181,"column":33},"end":{"line":186,"column":13}},"line":181},"8":{"name":"(anonymous_8)","decl":{"start":{"line":222,"column":21},"end":{"line":222,"column":22}},"loc":{"start":{"line":222,"column":33},"end":{"line":227,"column":13}},"line":222},"9":{"name":"(anonymous_9)","decl":{"start":{"line":251,"column":21},"end":{"line":251,"column":22}},"loc":{"start":{"line":251,"column":27},"end":{"line":255,"column":13}},"line":251},"10":{"name":"(anonymous_10)","decl":{"start":{"line":307,"column":19},"end":{"line":307,"column":20}},"loc":{"start":{"line":308,"column":2},"end":{"line":315,"column":4}},"line":308}},"branchMap":{"0":{"loc":{"start":{"line":60,"column":6},"end":{"line":73,"column":7}},"type":"if","locations":[{"start":{"line":60,"column":6},"end":{"line":73,"column":7}},{"start":{"line":71,"column":13},"end":{"line":73,"column":7}}],"line":60},"1":{"loc":{"start":{"line":97,"column":4},"end":{"line":100,"column":5}},"type":"if","locations":[{"start":{"line":97,"column":4},"end":{"line":100,"column":5}},{"start":{},"end":{}}],"line":97},"2":{"loc":{"start":{"line":111,"column":7},"end":{"line":118,"column":7}},"type":"binary-expr","locations":[{"start":{"line":111,"column":7},"end":{"line":111,"column":35}},{"start":{"line":112,"column":8},"end":{"line":117,"column":10}}],"line":111},"3":{"loc":{"start":{"line":119,"column":7},"end":{"line":126,"column":7}},"type":"binary-expr","locations":[{"start":{"line":119,"column":7},"end":{"line":119,"column":39}},{"start":{"line":120,"column":8},"end":{"line":125,"column":10}}],"line":119},"4":{"loc":{"start":{"line":127,"column":7},"end":{"line":132,"column":7}},"type":"binary-expr","locations":[{"start":{"line":127,"column":7},"end":{"line":127,"column":30}},{"start":{"line":128,"column":8},"end":{"line":131,"column":10}}],"line":127},"5":{"loc":{"start":{"line":133,"column":7},"end":{"line":155,"column":7}},"type":"cond-expr","locations":[{"start":{"line":134,"column":8},"end":{"line":138,"column":10}},{"start":{"line":139,"column":10},"end":{"line":155,"column":7}}],"line":133},"6":{"loc":{"start":{"line":139,"column":10},"end":{"line":155,"column":7}},"type":"cond-expr","locations":[{"start":{"line":140,"column":8},"end":{"line":147,"column":10}},{"start":{"line":148,"column":10},"end":{"line":155,"column":7}}],"line":139},"7":{"loc":{"start":{"line":148,"column":10},"end":{"line":155,"column":7}},"type":"cond-expr","locations":[{"start":{"line":149,"column":8},"end":{"line":152,"column":10}},{"start":{"line":154,"column":8},"end":{"line":154,"column":80}}],"line":148},"8":{"loc":{"start":{"line":182,"column":14},"end":{"line":185,"column":15}},"type":"if","locations":[{"start":{"line":182,"column":14},"end":{"line":185,"column":15}},{"start":{},"end":{}}],"line":182},"9":{"loc":{"start":{"line":191,"column":22},"end":{"line":191,"column":76}},"type":"cond-expr","locations":[{"start":{"line":191,"column":42},"end":{"line":191,"column":56}},{"start":{"line":191,"column":59},"end":{"line":191,"column":76}}],"line":191},"10":{"loc":{"start":{"line":197,"column":21},"end":{"line":197,"column":63}},"type":"cond-expr","locations":[{"start":{"line":197,"column":33},"end":{"line":197,"column":46}},{"start":{"line":197,"column":49},"end":{"line":197,"column":63}}],"line":197},"11":{"loc":{"start":{"line":199,"column":13},"end":{"line":218,"column":13}},"type":"cond-expr","locations":[{"start":{"line":200,"column":14},"end":{"line":211,"column":17}},{"start":{"line":213,"column":14},"end":{"line":217,"column":16}}],"line":199},"12":{"loc":{"start":{"line":223,"column":14},"end":{"line":226,"column":15}},"type":"if","locations":[{"start":{"line":223,"column":14},"end":{"line":226,"column":15}},{"start":{},"end":{}}],"line":223},"13":{"loc":{"start":{"line":232,"column":22},"end":{"line":232,"column":76}},"type":"cond-expr","locations":[{"start":{"line":232,"column":42},"end":{"line":232,"column":56}},{"start":{"line":232,"column":59},"end":{"line":232,"column":76}}],"line":232}},"s":{"0":0,"1":0,"2":0,"3":0,"4":0,"5":0,"6":0,"7":0,"8":0,"9":0,"10":0,"11":0,"12":0,"13":0,"14":0,"15":0,"16":0,"17":0,"18":0,"19":0,"20":0,"21":0,"22":0,"23":0,"24":0,"25":0,"26":0,"27":0,"28":0,"29":0,"30":0,"31":0,"32":0,"33":0,"34":0,"35":0,"36":0,"37":0,"38":0,"39":0,"40":0,"41":0,"42":0,"43":0,"44":0,"45":0,"46":0,"47":0},"f":{"0":0,"1":0,"2":0,"3":0,"4":0,"5":0,"6":0,"7":0,"8":0,"9":0,"10":0},"b":{"0":[0,0],"1":[0,0],"2":[0,0],"3":[0,0],"4":[0,0],"5":[0,0],"6":[0,0],"7":[0,0],"8":[0,0],"9":[0,0],"10":[0,0],"11":[0,0],"12":[0,0],"13":[0,0]}}
,"C:\\Users\\skyai\\OneDrive\\바탕 화면\\부캠갠플\\MyToonTalk\\src\\screens\\HomeScreen.js": {"path":"C:\\Users\\skyai\\OneDrive\\바탕 화면\\부캠갠플\\MyToonTalk\\src\\screens\\HomeScreen.js","statementMap":{"0":{"start":{"line":29,"column":19},"end":{"line":29,"column":32}},"1":{"start":{"line":30,"column":40},"end":{"line":30,"column":55}},"2":{"start":{"line":31,"column":42},"end":{"line":31,"column":56}},"3":{"start":{"line":32,"column":28},"end":{"line":32,"column":40}},"4":{"start":{"line":33,"column":20},"end":{"line":33,"column":48}},"5":{"start":{"line":34,"column":38},"end":{"line":34,"column":50}},"6":{"start":{"line":36,"column":21},"end":{"line":76,"column":8}},"7":{"start":{"line":37,"column":19},"end":{"line":37,"column":63}},"8":{"start":{"line":38,"column":22},"end":{"line":38,"column":65}},"9":{"start":{"line":40,"column":20},"end":{"line":68,"column":5}},"10":{"start":{"line":42,"column":25},"end":{"line":42,"column":42}},"11":{"start":{"line":43,"column":48},"end":{"line":49,"column":10}},"12":{"start":{"line":51,"column":23},"end":{"line":51,"column":27}},"13":{"start":{"line":52,"column":8},"end":{"line":58,"column":9}},"14":{"start":{"line":53,"column":30},"end":{"line":56,"column":11}},"15":{"start":{"line":57,"column":10},"end":{"line":57,"column":60}},"16":{"start":{"line":60,"column":8},"end":{"line":66,"column":10}},"17":{"start":{"line":70,"column":4},"end":{"line":73,"column":6}},"18":{"start":{"line":72,"column":8},"end":{"line":72,"column":79}},"19":{"start":{"line":75,"column":4},"end":{"line":75,"column":27}},"20":{"start":{"line":78,"column":2},"end":{"line":80,"column":18}},"21":{"start":{"line":79,"column":4},"end":{"line":79,"column":17}},"22":{"start":{"line":82,"column":25},"end":{"line":98,"column":3}},"23":{"start":{"line":83,"column":4},"end":{"line":97,"column":5}},"24":{"start":{"line":84,"column":28},"end":{"line":84,"column":72}},"25":{"start":{"line":85,"column":18},"end":{"line":85,"column":68}},"26":{"start":{"line":86,"column":21},"end":{"line":86,"column":23}},"27":{"start":{"line":88,"column":6},"end":{"line":92,"column":7}},"28":{"start":{"line":89,"column":26},"end":{"line":89,"column":59}},"29":{"start":{"line":90,"column":29},"end":{"line":90,"column":74}},"30":{"start":{"line":91,"column":8},"end":{"line":91,"column":34}},"31":{"start":{"line":94,"column":6},"end":{"line":94,"column":37}},"32":{"start":{"line":96,"column":6},"end":{"line":96,"column":37}},"33":{"start":{"line":100,"column":2},"end":{"line":102,"column":9}},"34":{"start":{"line":101,"column":4},"end":{"line":101,"column":21}},"35":{"start":{"line":104,"column":22},"end":{"line":106,"column":3}},"36":{"start":{"line":105,"column":4},"end":{"line":105,"column":25}},"37":{"start":{"line":108,"column":29},"end":{"line":110,"column":3}},"38":{"start":{"line":109,"column":4},"end":{"line":109,"column":27}},"39":{"start":{"line":112,"column":32},"end":{"line":115,"column":3}},"40":{"start":{"line":113,"column":29},"end":{"line":113,"column":68}},"41":{"start":{"line":114,"column":4},"end":{"line":114,"column":45}},"42":{"start":{"line":117,"column":2},"end":{"line":217,"column":4}},"43":{"start":{"line":125,"column":12},"end":{"line":125,"column":35}},"44":{"start":{"line":126,"column":12},"end":{"line":126,"column":41}},"45":{"start":{"line":135,"column":31},"end":{"line":135,"column":52}},"46":{"start":{"line":144,"column":40},"end":{"line":144,"column":54}},"47":{"start":{"line":152,"column":18},"end":{"line":152,"column":47}},"48":{"start":{"line":153,"column":18},"end":{"line":153,"column":31}},"49":{"start":{"line":154,"column":18},"end":{"line":154,"column":51}},"50":{"start":{"line":155,"column":18},"end":{"line":155,"column":49}},"51":{"start":{"line":156,"column":18},"end":{"line":156,"column":49}},"52":{"start":{"line":170,"column":12},"end":{"line":170,"column":35}},"53":{"start":{"line":171,"column":12},"end":{"line":171,"column":41}},"54":{"start":{"line":180,"column":31},"end":{"line":180,"column":52}},"55":{"start":{"line":191,"column":20},"end":{"line":199,"column":27}},"56":{"start":{"line":196,"column":26},"end":{"line":196,"column":55}},"57":{"start":{"line":201,"column":49},"end":{"line":201,"column":65}},"58":{"start":{"line":220,"column":15},"end":{"line":306,"column":2}}},"fnMap":{"0":{"name":"HomeScreen","decl":{"start":{"line":28,"column":24},"end":{"line":28,"column":34}},"loc":{"start":{"line":28,"column":51},"end":{"line":218,"column":1}},"line":28},"1":{"name":"(anonymous_1)","decl":{"start":{"line":36,"column":33},"end":{"line":36,"column":34}},"loc":{"start":{"line":36,"column":45},"end":{"line":76,"column":3}},"line":36},"2":{"name":"(anonymous_2)","decl":{"start":{"line":41,"column":20},"end":{"line":41,"column":21}},"loc":{"start":{"line":41,"column":34},"end":{"line":67,"column":7}},"line":41},"3":{"name":"(anonymous_3)","decl":{"start":{"line":71,"column":6},"end":{"line":71,"column":7}},"loc":{"start":{"line":72,"column":8},"end":{"line":72,"column":79}},"line":72},"4":{"name":"(anonymous_4)","decl":{"start":{"line":78,"column":12},"end":{"line":78,"column":13}},"loc":{"start":{"line":78,"column":18},"end":{"line":80,"column":3}},"line":78},"5":{"name":"(anonymous_5)","decl":{"start":{"line":82,"column":25},"end":{"line":82,"column":26}},"loc":{"start":{"line":82,"column":37},"end":{"line":98,"column":3}},"line":82},"6":{"name":"(anonymous_6)","decl":{"start":{"line":100,"column":12},"end":{"line":100,"column":13}},"loc":{"start":{"line":100,"column":18},"end":{"line":102,"column":3}},"line":100},"7":{"name":"(anonymous_7)","decl":{"start":{"line":104,"column":22},"end":{"line":104,"column":23}},"loc":{"start":{"line":104,"column":28},"end":{"line":106,"column":3}},"line":104},"8":{"name":"(anonymous_8)","decl":{"start":{"line":108,"column":29},"end":{"line":108,"column":30}},"loc":{"start":{"line":108,"column":40},"end":{"line":110,"column":3}},"line":108},"9":{"name":"(anonymous_9)","decl":{"start":{"line":112,"column":32},"end":{"line":112,"column":33}},"loc":{"start":{"line":112,"column":49},"end":{"line":115,"column":3}},"line":112},"10":{"name":"(anonymous_10)","decl":{"start":{"line":124,"column":26},"end":{"line":124,"column":27}},"loc":{"start":{"line":124,"column":32},"end":{"line":127,"column":11}},"line":124},"11":{"name":"(anonymous_11)","decl":{"start":{"line":135,"column":25},"end":{"line":135,"column":26}},"loc":{"start":{"line":135,"column":31},"end":{"line":135,"column":52}},"line":135},"12":{"name":"(anonymous_12)","decl":{"start":{"line":144,"column":30},"end":{"line":144,"column":31}},"loc":{"start":{"line":144,"column":40},"end":{"line":144,"column":54}},"line":144},"13":{"name":"(anonymous_13)","decl":{"start":{"line":151,"column":25},"end":{"line":151,"column":26}},"loc":{"start":{"line":151,"column":31},"end":{"line":157,"column":17}},"line":151},"14":{"name":"(anonymous_14)","decl":{"start":{"line":169,"column":26},"end":{"line":169,"column":27}},"loc":{"start":{"line":169,"column":32},"end":{"line":172,"column":11}},"line":169},"15":{"name":"(anonymous_15)","decl":{"start":{"line":180,"column":25},"end":{"line":180,"column":26}},"loc":{"start":{"line":180,"column":31},"end":{"line":180,"column":52}},"line":180},"16":{"name":"(anonymous_16)","decl":{"start":{"line":190,"column":30},"end":{"line":190,"column":31}},"loc":{"start":{"line":191,"column":20},"end":{"line":199,"column":27}},"line":191},"17":{"name":"(anonymous_17)","decl":{"start":{"line":195,"column":33},"end":{"line":195,"column":34}},"loc":{"start":{"line":195,"column":39},"end":{"line":197,"column":25}},"line":195},"18":{"name":"(anonymous_18)","decl":{"start":{"line":201,"column":32},"end":{"line":201,"column":33}},"loc":{"start":{"line":201,"column":49},"end":{"line":201,"column":65}},"line":201}},"branchMap":{"0":{"loc":{"start":{"line":52,"column":8},"end":{"line":58,"column":9}},"type":"if","locations":[{"start":{"line":52,"column":8},"end":{"line":58,"column":9}},{"start":{},"end":{}}],"line":52},"1":{"loc":{"start":{"line":65,"column":24},"end":{"line":65,"column":57}},"type":"binary-expr","locations":[{"start":{"line":65,"column":24},"end":{"line":65,"column":49}},{"start":{"line":65,"column":53},"end":{"line":65,"column":57}}],"line":65},"2":{"loc":{"start":{"line":119,"column":7},"end":{"line":207,"column":7}},"type":"cond-expr","locations":[{"start":{"line":120,"column":8},"end":{"line":163,"column":16}},{"start":{"line":165,"column":8},"end":{"line":206,"column":16}}],"line":119}},"s":{"0":0,"1":0,"2":0,"3":0,"4":0,"5":0,"6":0,"7":0,"8":0,"9":0,"10":0,"11":0,"12":0,"13":0,"14":0,"15":0,"16":0,"17":0,"18":0,"19":0,"20":0,"21":0,"22":0,"23":0,"24":0,"25":0,"26":0,"27":0,"28":0,"29":0,"30":0,"31":0,"32":0,"33":0,"34":0,"35":0,"36":0,"37":0,"38":0,"39":0,"40":0,"41":0,"42":0,"43":0,"44":0,"45":0,"46":0,"47":0,"48":0,"49":0,"50":0,"51":0,"52":0,"53":0,"54":0,"55":0,"56":0,"57":0,"58":0},"f":{"0":0,"1":0,"2":0,"3":0,"4":0,"5":0,"6":0,"7":0,"8":0,"9":0,"10":0,"11":0,"12":0,"13":0,"14":0,"15":0,"16":0,"17":0,"18":0},"b":{"0":[0,0],"1":[0,0],"2":[0,0]}}
,"C:\\Users\\skyai\\OneDrive\\바탕 화면\\부캠갠플\\MyToonTalk\\src\\screens\\PreviewScreen.js": {"path":"C:\\Users\\skyai\\OneDrive\\바탕 화면\\부캠갠플\\MyToonTalk\\src\\screens\\PreviewScreen.js","statementMap":{"0":{"start":{"line":30,"column":42},"end":{"line":30,"column":56}},"1":{"start":{"line":31,"column":36},"end":{"line":31,"column":51}},"2":{"start":{"line":32,"column":16},"end":{"line":32,"column":40}},"3":{"start":{"line":33,"column":21},"end":{"line":33,"column":49}},"4":{"start":{"line":34,"column":16},"end":{"line":34,"column":39}},"5":{"start":{"line":35,"column":24},"end":{"line":35,"column":36}},"6":{"start":{"line":36,"column":19},"end":{"line":36,"column":32}},"7":{"start":{"line":38,"column":36},"end":{"line":44,"column":3}},"8":{"start":{"line":39,"column":25},"end":{"line":39,"column":40}},"9":{"start":{"line":40,"column":4},"end":{"line":40,"column":49}},"10":{"start":{"line":41,"column":4},"end":{"line":41,"column":42}},"11":{"start":{"line":42,"column":4},"end":{"line":42,"column":47}},"12":{"start":{"line":43,"column":4},"end":{"line":43,"column":42}},"13":{"start":{"line":46,"column":27},"end":{"line":66,"column":18}},"14":{"start":{"line":47,"column":4},"end":{"line":65,"column":5}},"15":{"start":{"line":48,"column":6},"end":{"line":48,"column":28}},"16":{"start":{"line":49,"column":25},"end":{"line":49,"column":51}},"17":{"start":{"line":50,"column":24},"end":{"line":50,"column":57}},"18":{"start":{"line":51,"column":6},"end":{"line":64,"column":7}},"19":{"start":{"line":52,"column":22},"end":{"line":52,"column":39}},"20":{"start":{"line":53,"column":8},"end":{"line":53,"column":55}},"21":{"start":{"line":54,"column":8},"end":{"line":54,"column":34}},"22":{"start":{"line":55,"column":8},"end":{"line":55,"column":27}},"23":{"start":{"line":56,"column":8},"end":{"line":60,"column":11}},"24":{"start":{"line":57,"column":10},"end":{"line":59,"column":11}},"25":{"start":{"line":58,"column":12},"end":{"line":58,"column":32}},"26":{"start":{"line":61,"column":8},"end":{"line":63,"column":10}},"27":{"start":{"line":62,"column":10},"end":{"line":62,"column":55}},"28":{"start":{"line":68,"column":27},"end":{"line":92,"column":3}},"29":{"start":{"line":70,"column":25},"end":{"line":70,"column":51}},"30":{"start":{"line":71,"column":24},"end":{"line":71,"column":57}},"31":{"start":{"line":73,"column":6},"end":{"line":75,"column":7}},"32":{"start":{"line":74,"column":8},"end":{"line":74,"column":48}},"33":{"start":{"line":77,"column":6},"end":{"line":88,"column":7}},"34":{"start":{"line":78,"column":22},"end":{"line":78,"column":39}},"35":{"start":{"line":79,"column":8},"end":{"line":79,"column":55}},"36":{"start":{"line":80,"column":8},"end":{"line":80,"column":34}},"37":{"start":{"line":81,"column":8},"end":{"line":81,"column":27}},"38":{"start":{"line":82,"column":8},"end":{"line":86,"column":11}},"39":{"start":{"line":83,"column":10},"end":{"line":85,"column":11}},"40":{"start":{"line":84,"column":12},"end":{"line":84,"column":32}},"41":{"start":{"line":87,"column":8},"end":{"line":87,"column":38}},"42":{"start":{"line":89,"column":6},"end":{"line":89,"column":28}},"43":{"start":{"line":94,"column":2},"end":{"line":150,"column":4}},"44":{"start":{"line":104,"column":12},"end":{"line":118,"column":24}},"45":{"start":{"line":106,"column":29},"end":{"line":106,"column":51}},"46":{"start":{"line":137,"column":29},"end":{"line":137,"column":59}},"47":{"start":{"line":142,"column":16},"end":{"line":142,"column":44}},"48":{"start":{"line":143,"column":16},"end":{"line":143,"column":53}},"49":{"start":{"line":153,"column":15},"end":{"line":196,"column":2}}},"fnMap":{"0":{"name":"PreviewScreen","decl":{"start":{"line":29,"column":24},"end":{"line":29,"column":37}},"loc":{"start":{"line":29,"column":54},"end":{"line":151,"column":1}},"line":29},"1":{"name":"(anonymous_1)","decl":{"start":{"line":38,"column":36},"end":{"line":38,"column":37}},"loc":{"start":{"line":38,"column":50},"end":{"line":44,"column":3}},"line":38},"2":{"name":"(anonymous_2)","decl":{"start":{"line":46,"column":39},"end":{"line":46,"column":40}},"loc":{"start":{"line":46,"column":51},"end":{"line":66,"column":3}},"line":46},"3":{"name":"(anonymous_3)","decl":{"start":{"line":56,"column":40},"end":{"line":56,"column":41}},"loc":{"start":{"line":56,"column":52},"end":{"line":60,"column":9}},"line":56},"4":{"name":"(anonymous_4)","decl":{"start":{"line":61,"column":26},"end":{"line":61,"column":27}},"loc":{"start":{"line":62,"column":10},"end":{"line":62,"column":55}},"line":62},"5":{"name":"(anonymous_5)","decl":{"start":{"line":69,"column":4},"end":{"line":69,"column":5}},"loc":{"start":{"line":69,"column":20},"end":{"line":90,"column":5}},"line":69},"6":{"name":"(anonymous_6)","decl":{"start":{"line":82,"column":40},"end":{"line":82,"column":41}},"loc":{"start":{"line":82,"column":52},"end":{"line":86,"column":9}},"line":82},"7":{"name":"(anonymous_7)","decl":{"start":{"line":103,"column":34},"end":{"line":103,"column":35}},"loc":{"start":{"line":104,"column":12},"end":{"line":118,"column":24}},"line":104},"8":{"name":"(anonymous_8)","decl":{"start":{"line":106,"column":23},"end":{"line":106,"column":24}},"loc":{"start":{"line":106,"column":29},"end":{"line":106,"column":51}},"line":106},"9":{"name":"(anonymous_9)","decl":{"start":{"line":137,"column":23},"end":{"line":137,"column":24}},"loc":{"start":{"line":137,"column":29},"end":{"line":137,"column":59}},"line":137},"10":{"name":"(anonymous_10)","decl":{"start":{"line":141,"column":23},"end":{"line":141,"column":24}},"loc":{"start":{"line":141,"column":29},"end":{"line":144,"column":15}},"line":141}},"branchMap":{"0":{"loc":{"start":{"line":39,"column":25},"end":{"line":39,"column":40}},"type":"binary-expr","locations":[{"start":{"line":39,"column":25},"end":{"line":39,"column":30}},{"start":{"line":39,"column":34},"end":{"line":39,"column":40}}],"line":39},"1":{"loc":{"start":{"line":51,"column":6},"end":{"line":64,"column":7}},"type":"if","locations":[{"start":{"line":51,"column":6},"end":{"line":64,"column":7}},{"start":{},"end":{}}],"line":51},"2":{"loc":{"start":{"line":57,"column":10},"end":{"line":59,"column":11}},"type":"if","locations":[{"start":{"line":57,"column":10},"end":{"line":59,"column":11}},{"start":{},"end":{}}],"line":57},"3":{"loc":{"start":{"line":73,"column":6},"end":{"line":75,"column":7}},"type":"if","locations":[{"start":{"line":73,"column":6},"end":{"line":75,"column":7}},{"start":{},"end":{}}],"line":73},"4":{"loc":{"start":{"line":77,"column":6},"end":{"line":88,"column":7}},"type":"if","locations":[{"start":{"line":77,"column":6},"end":{"line":88,"column":7}},{"start":{},"end":{}}],"line":77},"5":{"loc":{"start":{"line":83,"column":10},"end":{"line":85,"column":11}},"type":"if","locations":[{"start":{"line":83,"column":10},"end":{"line":85,"column":11}},{"start":{},"end":{}}],"line":83},"6":{"loc":{"start":{"line":98,"column":11},"end":{"line":98,"column":26}},"type":"binary-expr","locations":[{"start":{"line":98,"column":11},"end":{"line":98,"column":16}},{"start":{"line":98,"column":20},"end":{"line":98,"column":26}}],"line":98},"7":{"loc":{"start":{"line":109,"column":16},"end":{"line":109,"column":74}},"type":"binary-expr","locations":[{"start":{"line":109,"column":16},"end":{"line":109,"column":37}},{"start":{"line":109,"column":41},"end":{"line":109,"column":50}},{"start":{"line":109,"column":54},"end":{"line":109,"column":74}}],"line":109}},"s":{"0":0,"1":0,"2":0,"3":0,"4":0,"5":0,"6":0,"7":0,"8":0,"9":0,"10":0,"11":0,"12":0,"13":0,"14":0,"15":0,"16":0,"17":0,"18":0,"19":0,"20":0,"21":0,"22":0,"23":0,"24":0,"25":0,"26":0,"27":0,"28":0,"29":0,"30":0,"31":0,"32":0,"33":0,"34":0,"35":0,"36":0,"37":0,"38":0,"39":0,"40":0,"41":0,"42":0,"43":0,"44":0,"45":0,"46":0,"47":0,"48":0,"49":0},"f":{"0":0,"1":0,"2":0,"3":0,"4":0,"5":0,"6":0,"7":0,"8":0,"9":0,"10":0},"b":{"0":[0,0],"1":[0,0],"2":[0,0],"3":[0,0],"4":[0,0],"5":[0,0],"6":[0,0],"7":[0,0,0]}}
,"C:\\Users\\skyai\\OneDrive\\바탕 화면\\부캠갠플\\MyToonTalk\\src\\store\\configureStore.js": {"path":"C:\\Users\\skyai\\OneDrive\\바탕 화면\\부캠갠플\\MyToonTalk\\src\\store\\configureStore.js","statementMap":{"0":{"start":{"line":11,"column":38},"end":{"line":11,"column":88}}},"fnMap":{"0":{"name":"(anonymous_0)","decl":{"start":{"line":11,"column":14},"end":{"line":11,"column":15}},"loc":{"start":{"line":11,"column":38},"end":{"line":11,"column":88}},"line":11}},"branchMap":{},"s":{"0":0},"f":{"0":0},"b":{}}
,"C:\\Users\\skyai\\OneDrive\\바탕 화면\\부캠갠플\\MyToonTalk\\src\\store\\feature\\audioSlice.js": {"path":"C:\\Users\\skyai\\OneDrive\\바탕 화면\\부캠갠플\\MyToonTalk\\src\\store\\feature\\audioSlice.js","statementMap":{"0":{"start":{"line":3,"column":21},"end":{"line":18,"column":1}},"1":{"start":{"line":20,"column":26},"end":{"line":45,"column":2}},"2":{"start":{"line":25,"column":49},"end":{"line":25,"column":63}},"3":{"start":{"line":26,"column":6},"end":{"line":26,"column":60}},"4":{"start":{"line":29,"column":6},"end":{"line":42,"column":8}},"5":{"start":{"line":47,"column":57},"end":{"line":47,"column":75}},"6":{"start":{"line":49,"column":31},"end":{"line":49,"column":58}},"7":{"start":{"line":49,"column":42},"end":{"line":49,"column":58}}},"fnMap":{"0":{"name":"(anonymous_0)","decl":{"start":{"line":24,"column":23},"end":{"line":24,"column":24}},"loc":{"start":{"line":24,"column":42},"end":{"line":27,"column":5}},"line":24},"1":{"name":"(anonymous_1)","decl":{"start":{"line":28,"column":24},"end":{"line":28,"column":25}},"loc":{"start":{"line":28,"column":35},"end":{"line":43,"column":5}},"line":28},"2":{"name":"(anonymous_2)","decl":{"start":{"line":49,"column":31},"end":{"line":49,"column":32}},"loc":{"start":{"line":49,"column":42},"end":{"line":49,"column":58}},"line":49}},"branchMap":{},"s":{"0":0,"1":0,"2":0,"3":0,"4":0,"5":0,"6":0,"7":0},"f":{"0":0,"1":0,"2":0},"b":{}}
,"C:\\Users\\skyai\\OneDrive\\바탕 화면\\부캠갠플\\MyToonTalk\\src\\store\\feature\\drawingBoardSlice.js": {"path":"C:\\Users\\skyai\\OneDrive\\바탕 화면\\부캠갠플\\MyToonTalk\\src\\store\\feature\\drawingBoardSlice.js","statementMap":{"0":{"start":{"line":3,"column":21},"end":{"line":38,"column":1}},"1":{"start":{"line":40,"column":33},"end":{"line":119,"column":2}},"2":{"start":{"line":45,"column":6},"end":{"line":45,"column":39}},"3":{"start":{"line":48,"column":6},"end":{"line":48,"column":39}},"4":{"start":{"line":51,"column":6},"end":{"line":51,"column":42}},"5":{"start":{"line":54,"column":6},"end":{"line":54,"column":35}},"6":{"start":{"line":57,"column":6},"end":{"line":57,"column":41}},"7":{"start":{"line":60,"column":6},"end":{"line":60,"column":41}},"8":{"start":{"line":63,"column":37},"end":{"line":63,"column":51}},"9":{"start":{"line":64,"column":6},"end":{"line":64,"column":50}},"10":{"start":{"line":67,"column":42},"end":{"line":67,"column":56}},"11":{"start":{"line":68,"column":6},"end":{"line":68,"column":54}},"12":{"start":{"line":71,"column":51},"end":{"line":71,"column":65}},"13":{"start":{"line":72,"column":6},"end":{"line":72,"column":54}},"14":{"start":{"line":73,"column":6},"end":{"line":76,"column":8}},"15":{"start":{"line":79,"column":51},"end":{"line":79,"column":65}},"16":{"start":{"line":80,"column":6},"end":{"line":83,"column":8}},"17":{"start":{"line":84,"column":6},"end":{"line":84,"column":51}},"18":{"start":{"line":87,"column":6},"end":{"line":87,"column":35}},"19":{"start":{"line":88,"column":6},"end":{"line":88,"column":28}},"20":{"start":{"line":89,"column":6},"end":{"line":89,"column":32}},"21":{"start":{"line":90,"column":6},"end":{"line":90,"column":26}},"22":{"start":{"line":91,"column":6},"end":{"line":91,"column":34}},"23":{"start":{"line":92,"column":6},"end":{"line":92,"column":29}},"24":{"start":{"line":93,"column":6},"end":{"line":110,"column":8}},"25":{"start":{"line":113,"column":6},"end":{"line":113,"column":39}},"26":{"start":{"line":116,"column":6},"end":{"line":116,"column":61}},"27":{"start":{"line":135,"column":4},"end":{"line":135,"column":29}},"28":{"start":{"line":137,"column":30},"end":{"line":137,"column":69}},"29":{"start":{"line":137,"column":41},"end":{"line":137,"column":69}},"30":{"start":{"line":138,"column":30},"end":{"line":138,"column":69}},"31":{"start":{"line":138,"column":41},"end":{"line":138,"column":69}},"32":{"start":{"line":139,"column":33},"end":{"line":139,"column":75}},"33":{"start":{"line":139,"column":44},"end":{"line":139,"column":75}},"34":{"start":{"line":140,"column":33},"end":{"line":140,"column":75}},"35":{"start":{"line":140,"column":44},"end":{"line":140,"column":75}},"36":{"start":{"line":141,"column":27},"end":{"line":141,"column":62}},"37":{"start":{"line":141,"column":38},"end":{"line":141,"column":62}},"38":{"start":{"line":142,"column":33},"end":{"line":142,"column":74}},"39":{"start":{"line":142,"column":44},"end":{"line":142,"column":74}},"40":{"start":{"line":143,"column":33},"end":{"line":143,"column":74}},"41":{"start":{"line":143,"column":44},"end":{"line":143,"column":74}},"42":{"start":{"line":144,"column":26},"end":{"line":144,"column":60}},"43":{"start":{"line":144,"column":37},"end":{"line":144,"column":60}},"44":{"start":{"line":145,"column":31},"end":{"line":145,"column":70}},"45":{"start":{"line":145,"column":42},"end":{"line":145,"column":70}}},"fnMap":{"0":{"name":"(anonymous_0)","decl":{"start":{"line":44,"column":17},"end":{"line":44,"column":18}},"loc":{"start":{"line":44,"column":36},"end":{"line":46,"column":5}},"line":44},"1":{"name":"(anonymous_1)","decl":{"start":{"line":47,"column":17},"end":{"line":47,"column":18}},"loc":{"start":{"line":47,"column":36},"end":{"line":49,"column":5}},"line":47},"2":{"name":"(anonymous_2)","decl":{"start":{"line":50,"column":20},"end":{"line":50,"column":21}},"loc":{"start":{"line":50,"column":39},"end":{"line":52,"column":5}},"line":50},"3":{"name":"(anonymous_3)","decl":{"start":{"line":53,"column":14},"end":{"line":53,"column":15}},"loc":{"start":{"line":53,"column":33},"end":{"line":55,"column":5}},"line":53},"4":{"name":"(anonymous_4)","decl":{"start":{"line":56,"column":20},"end":{"line":56,"column":21}},"loc":{"start":{"line":56,"column":39},"end":{"line":58,"column":5}},"line":56},"5":{"name":"(anonymous_5)","decl":{"start":{"line":59,"column":20},"end":{"line":59,"column":21}},"loc":{"start":{"line":59,"column":39},"end":{"line":61,"column":5}},"line":59},"6":{"name":"(anonymous_6)","decl":{"start":{"line":62,"column":17},"end":{"line":62,"column":18}},"loc":{"start":{"line":62,"column":36},"end":{"line":65,"column":5}},"line":62},"7":{"name":"(anonymous_7)","decl":{"start":{"line":66,"column":23},"end":{"line":66,"column":24}},"loc":{"start":{"line":66,"column":42},"end":{"line":69,"column":5}},"line":66},"8":{"name":"(anonymous_8)","decl":{"start":{"line":70,"column":17},"end":{"line":70,"column":18}},"loc":{"start":{"line":70,"column":36},"end":{"line":77,"column":5}},"line":70},"9":{"name":"(anonymous_9)","decl":{"start":{"line":78,"column":17},"end":{"line":78,"column":18}},"loc":{"start":{"line":78,"column":36},"end":{"line":85,"column":5}},"line":78},"10":{"name":"(anonymous_10)","decl":{"start":{"line":86,"column":21},"end":{"line":86,"column":22}},"loc":{"start":{"line":86,"column":40},"end":{"line":111,"column":5}},"line":86},"11":{"name":"(anonymous_11)","decl":{"start":{"line":112,"column":18},"end":{"line":112,"column":19}},"loc":{"start":{"line":112,"column":37},"end":{"line":114,"column":5}},"line":112},"12":{"name":"(anonymous_12)","decl":{"start":{"line":115,"column":19},"end":{"line":115,"column":20}},"loc":{"start":{"line":115,"column":38},"end":{"line":117,"column":5}},"line":115},"13":{"name":"(anonymous_13)","decl":{"start":{"line":137,"column":30},"end":{"line":137,"column":31}},"loc":{"start":{"line":137,"column":41},"end":{"line":137,"column":69}},"line":137},"14":{"name":"(anonymous_14)","decl":{"start":{"line":138,"column":30},"end":{"line":138,"column":31}},"loc":{"start":{"line":138,"column":41},"end":{"line":138,"column":69}},"line":138},"15":{"name":"(anonymous_15)","decl":{"start":{"line":139,"column":33},"end":{"line":139,"column":34}},"loc":{"start":{"line":139,"column":44},"end":{"line":139,"column":75}},"line":139},"16":{"name":"(anonymous_16)","decl":{"start":{"line":140,"column":33},"end":{"line":140,"column":34}},"loc":{"start":{"line":140,"column":44},"end":{"line":140,"column":75}},"line":140},"17":{"name":"(anonymous_17)","decl":{"start":{"line":141,"column":27},"end":{"line":141,"column":28}},"loc":{"start":{"line":141,"column":38},"end":{"line":141,"column":62}},"line":141},"18":{"name":"(anonymous_18)","decl":{"start":{"line":142,"column":33},"end":{"line":142,"column":34}},"loc":{"start":{"line":142,"column":44},"end":{"line":142,"column":74}},"line":142},"19":{"name":"(anonymous_19)","decl":{"start":{"line":143,"column":33},"end":{"line":143,"column":34}},"loc":{"start":{"line":143,"column":44},"end":{"line":143,"column":74}},"line":143},"20":{"name":"(anonymous_20)","decl":{"start":{"line":144,"column":26},"end":{"line":144,"column":27}},"loc":{"start":{"line":144,"column":37},"end":{"line":144,"column":60}},"line":144},"21":{"name":"(anonymous_21)","decl":{"start":{"line":145,"column":31},"end":{"line":145,"column":32}},"loc":{"start":{"line":145,"column":42},"end":{"line":145,"column":70}},"line":145}},"branchMap":{},"s":{"0":0,"1":0,"2":0,"3":0,"4":0,"5":0,"6":0,"7":0,"8":0,"9":0,"10":0,"11":0,"12":0,"13":0,"14":0,"15":0,"16":0,"17":0,"18":0,"19":0,"20":0,"21":0,"22":0,"23":0,"24":0,"25":0,"26":0,"27":0,"28":0,"29":0,"30":0,"31":0,"32":0,"33":0,"34":0,"35":0,"36":0,"37":0,"38":0,"39":0,"40":0,"41":0,"42":0,"43":0,"44":0,"45":0},"f":{"0":0,"1":0,"2":0,"3":0,"4":0,"5":0,"6":0,"7":0,"8":0,"9":0,"10":0,"11":0,"12":0,"13":0,"14":0,"15":0,"16":0,"17":0,"18":0,"19":0,"20":0,"21":0},"b":{}}
,"C:\\Users\\skyai\\OneDrive\\바탕 화면\\부캠갠플\\MyToonTalk\\src\\utils\\fileSystem.js": {"path":"C:\\Users\\skyai\\OneDrive\\바탕 화면\\부캠갠플\\MyToonTalk\\src\\utils\\fileSystem.js","statementMap":{"0":{"start":{"line":3,"column":36},"end":{"line":19,"column":1}},"1":{"start":{"line":4,"column":2},"end":{"line":18,"column":3}},"2":{"start":{"line":5,"column":19},"end":{"line":5,"column":68}},"3":{"start":{"line":6,"column":20},"end":{"line":6,"column":57}},"4":{"start":{"line":8,"column":4},"end":{"line":10,"column":5}},"5":{"start":{"line":9,"column":6},"end":{"line":9,"column":75}},"6":{"start":{"line":12,"column":21},"end":{"line":12,"column":42}},"7":{"start":{"line":13,"column":4},"end":{"line":15,"column":7}},"8":{"start":{"line":17,"column":4},"end":{"line":17,"column":29}},"9":{"start":{"line":21,"column":36},"end":{"line":43,"column":1}},"10":{"start":{"line":22,"column":2},"end":{"line":42,"column":3}},"11":{"start":{"line":23,"column":20},"end":{"line":23,"column":76}},"12":{"start":{"line":25,"column":4},"end":{"line":39,"column":5}},"13":{"start":{"line":26,"column":23},"end":{"line":26,"column":46}},"14":{"start":{"line":27,"column":23},"end":{"line":27,"column":62}},"15":{"start":{"line":29,"column":6},"end":{"line":38,"column":7}},"16":{"start":{"line":30,"column":8},"end":{"line":32,"column":11}},"17":{"start":{"line":33,"column":8},"end":{"line":35,"column":11}},"18":{"start":{"line":37,"column":8},"end":{"line":37,"column":31}},"19":{"start":{"line":41,"column":4},"end":{"line":41,"column":33}},"20":{"start":{"line":45,"column":36},"end":{"line":67,"column":1}},"21":{"start":{"line":46,"column":2},"end":{"line":66,"column":3}},"22":{"start":{"line":47,"column":20},"end":{"line":47,"column":76}},"23":{"start":{"line":49,"column":4},"end":{"line":63,"column":5}},"24":{"start":{"line":50,"column":23},"end":{"line":50,"column":46}},"25":{"start":{"line":51,"column":23},"end":{"line":51,"column":62}},"26":{"start":{"line":52,"column":25},"end":{"line":52,"column":46}},"27":{"start":{"line":53,"column":24},"end":{"line":53,"column":62}},"28":{"start":{"line":55,"column":6},"end":{"line":62,"column":7}},"29":{"start":{"line":56,"column":8},"end":{"line":58,"column":11}},"30":{"start":{"line":59,"column":8},"end":{"line":59,"column":70}},"31":{"start":{"line":61,"column":8},"end":{"line":61,"column":31}},"32":{"start":{"line":65,"column":4},"end":{"line":65,"column":33}},"33":{"start":{"line":69,"column":31},"end":{"line":83,"column":1}},"34":{"start":{"line":70,"column":2},"end":{"line":82,"column":3}},"35":{"start":{"line":71,"column":26},"end":{"line":71,"column":70}},"36":{"start":{"line":72,"column":16},"end":{"line":72,"column":66}},"37":{"start":{"line":73,"column":18},"end":{"line":73,"column":28}},"38":{"start":{"line":74,"column":20},"end":{"line":74,"column":47}},"39":{"start":{"line":76,"column":4},"end":{"line":76,"column":64}},"40":{"start":{"line":77,"column":26},"end":{"line":77,"column":65}},"41":{"start":{"line":77,"column":53},"end":{"line":77,"column":64}},"42":{"start":{"line":79,"column":4},"end":{"line":79,"column":25}},"43":{"start":{"line":81,"column":4},"end":{"line":81,"column":29}}},"fnMap":{"0":{"name":"(anonymous_0)","decl":{"start":{"line":3,"column":36},"end":{"line":3,"column":37}},"loc":{"start":{"line":3,"column":57},"end":{"line":19,"column":1}},"line":3},"1":{"name":"(anonymous_1)","decl":{"start":{"line":21,"column":36},"end":{"line":21,"column":37}},"loc":{"start":{"line":21,"column":57},"end":{"line":43,"column":1}},"line":21},"2":{"name":"(anonymous_2)","decl":{"start":{"line":45,"column":36},"end":{"line":45,"column":37}},"loc":{"start":{"line":45,"column":57},"end":{"line":67,"column":1}},"line":45},"3":{"name":"(anonymous_3)","decl":{"start":{"line":69,"column":31},"end":{"line":69,"column":32}},"loc":{"start":{"line":69,"column":59},"end":{"line":83,"column":1}},"line":69},"4":{"name":"(anonymous_4)","decl":{"start":{"line":77,"column":43},"end":{"line":77,"column":44}},"loc":{"start":{"line":77,"column":53},"end":{"line":77,"column":64}},"line":77}},"branchMap":{"0":{"loc":{"start":{"line":8,"column":4},"end":{"line":10,"column":5}},"type":"if","locations":[{"start":{"line":8,"column":4},"end":{"line":10,"column":5}},{"start":{},"end":{}}],"line":8},"1":{"loc":{"start":{"line":29,"column":6},"end":{"line":38,"column":7}},"type":"if","locations":[{"start":{"line":29,"column":6},"end":{"line":38,"column":7}},{"start":{"line":36,"column":13},"end":{"line":38,"column":7}}],"line":29},"2":{"loc":{"start":{"line":55,"column":6},"end":{"line":62,"column":7}},"type":"if","locations":[{"start":{"line":55,"column":6},"end":{"line":62,"column":7}},{"start":{"line":60,"column":13},"end":{"line":62,"column":7}}],"line":55}},"s":{"0":0,"1":0,"2":0,"3":0,"4":0,"5":0,"6":0,"7":0,"8":0,"9":0,"10":0,"11":0,"12":0,"13":0,"14":0,"15":0,"16":0,"17":0,"18":0,"19":0,"20":0,"21":0,"22":0,"23":0,"24":0,"25":0,"26":0,"27":0,"28":0,"29":0,"30":0,"31":0,"32":0,"33":0,"34":0,"35":0,"36":0,"37":0,"38":0,"39":0,"40":0,"41":0,"42":0,"43":0},"f":{"0":0,"1":0,"2":0,"3":0,"4":0},"b":{"0":[0,0],"1":[0,0],"2":[0,0]}}
}
